{"uuid":"27c2ed47-c2a8-4d6b-9e95-c2d7ec261ee6","historyId":"27b091525851428b560a2e5d7bda363c","fullName":"tests.features.LoginTest.validLogin","labels":[{"name":"package","value":"tests.features.LoginTest"},{"name":"testClass","value":"tests.features.LoginTest"},{"name":"testMethod","value":"validLogin"},{"name":"parentSuite","value":"Default Suite"},{"name":"suite","value":"OrangeHRM-Automation"},{"name":"subSuite","value":"tests.features.LoginTest"},{"name":"host","value":"DESKTOP-M2GQIBG"},{"name":"thread","value":"49556@DESKTOP-M2GQIBG.main(1)"},{"name":"framework","value":"testng"},{"name":"language","value":"java"},{"name":"story","value":"Valid Login"},{"name":"epic","value":"OrangeHRM Application"},{"name":"feature","value":"Authentication"},{"name":"story","value":"User Login"},{"name":"severity","value":"critical"}],"links":[],"name":"validLogin","status":"failed","statusDetails":{"known":false,"muted":false,"flaky":false,"message":"expected [https://opensource-demo.orangehrmlive.com/web/index.php/dashboard/index] but found [https://opensource-demo.orangehrmlive.com/web/index.php/auth/login]","trace":"java.lang.AssertionError: expected [https://opensource-demo.orangehrmlive.com/web/index.php/dashboard/index] but found [https://opensource-demo.orangehrmlive.com/web/index.php/auth/login]\r\n\tat org.testng.Assert.fail(Assert.java:111)\r\n\tat org.testng.Assert.failNotEquals(Assert.java:1590)\r\n\tat org.testng.Assert.assertEqualsImpl(Assert.java:150)\r\n\tat org.testng.Assert.assertEquals(Assert.java:132)\r\n\tat org.testng.Assert.assertEquals(Assert.java:656)\r\n\tat org.testng.Assert.assertEquals(Assert.java:666)\r\n\tat utilities.Validations.validatePageUrl(Validations.java:58)\r\n\tat pages.LoginPage.assertSuccessfulLogin(LoginPage.java:112)\r\n\tat pages.LoginPage.login(LoginPage.java:122)\r\n\tat tests.features.LoginTest.validLogin(LoginTest.java:33)\r\n\tat java.base/jdk.internal.reflect.DirectMethodHandleAccessor.invoke(DirectMethodHandleAccessor.java:103)\r\n\tat java.base/java.lang.reflect.Method.invoke(Method.java:580)\r\n\tat org.testng.internal.invokers.MethodInvocationHelper.invokeMethod(MethodInvocationHelper.java:141)\r\n\tat org.testng.internal.invokers.TestInvoker.invokeMethod(TestInvoker.java:687)\r\n\tat org.testng.internal.invokers.TestInvoker.invokeTestMethod(TestInvoker.java:230)\r\n\tat org.testng.internal.invokers.MethodRunner.runInSequence(MethodRunner.java:63)\r\n\tat org.testng.internal.invokers.TestInvoker$MethodInvocationAgent.invoke(TestInvoker.java:995)\r\n\tat org.testng.internal.invokers.TestInvoker.invokeTestMethods(TestInvoker.java:203)\r\n\tat org.testng.internal.invokers.TestMethodWorker.invokeTestMethods(TestMethodWorker.java:154)\r\n\tat org.testng.internal.invokers.TestMethodWorker.run(TestMethodWorker.java:134)\r\n\tat java.base/java.util.ArrayList.forEach(ArrayList.java:1597)\r\n\tat org.testng.TestRunner.privateRun(TestRunner.java:741)\r\n\tat org.testng.TestRunner.run(TestRunner.java:616)\r\n\tat org.testng.SuiteRunner.runTest(SuiteRunner.java:421)\r\n\tat org.testng.SuiteRunner.runSequentially(SuiteRunner.java:413)\r\n\tat org.testng.SuiteRunner.privateRun(SuiteRunner.java:373)\r\n\tat org.testng.SuiteRunner.run(SuiteRunner.java:312)\r\n\tat org.testng.SuiteRunnerWorker.runSuite(SuiteRunnerWorker.java:52)\r\n\tat org.testng.SuiteRunnerWorker.run(SuiteRunnerWorker.java:95)\r\n\tat org.testng.TestNG.runSuitesSequentially(TestNG.java:1274)\r\n\tat org.testng.TestNG.runSuitesLocally(TestNG.java:1208)\r\n\tat org.testng.TestNG.runSuites(TestNG.java:1112)\r\n\tat org.testng.TestNG.run(TestNG.java:1079)\r\n\tat com.intellij.rt.testng.IDEARemoteTestNG.run(IDEARemoteTestNG.java:65)\r\n\tat com.intellij.rt.testng.RemoteTestNGStarter.main(RemoteTestNGStarter.java:105)\r\n"},"stage":"finished","description":"Test successful login with valid credentials","steps":[{"name":"Navigate to OrangeHRM login page","status":"passed","stage":"finished","steps":[{"name":"Navigating to URL: https://opensource-demo.orangehrmlive.com/","status":"passed","stage":"finished","steps":[],"attachments":[],"parameters":[{"name":"url","value":"https://opensource-demo.orangehrmlive.com/"}],"start":1754874897967,"stop":1754874900309},{"name":"Waiting for element to be visible: By.cssSelector: div.orangehrm-login-form","status":"passed","stage":"finished","steps":[{"name":"Waiting for element to be present: By.cssSelector: div.orangehrm-login-form","status":"passed","stage":"finished","steps":[],"attachments":[],"parameters":[{"name":"locator","value":"By.cssSelector: div.orangehrm-login-form"}],"start":1754874900321,"stop":1754874900856}],"attachments":[],"parameters":[{"name":"locator","value":"By.cssSelector: div.orangehrm-login-form"}],"start":1754874900311,"stop":1754874900887}],"attachments":[],"parameters":[],"start":1754874897960,"stop":1754874900887},{"name":"Assert login page is displayed","status":"passed","stage":"finished","steps":[{"name":"Getting current URL","status":"passed","stage":"finished","steps":[],"attachments":[],"parameters":[],"start":1754874900888,"stop":1754874900905},{"name":"Validate True","status":"passed","stage":"finished","steps":[],"attachments":[],"parameters":[{"name":"condition","value":"true"},{"name":"message","value":"Login page URL should contain '/auth/login' but was 'https://opensource-demo.orangehrmlive.com/web/index.php/auth/login'"}],"start":1754874900906,"stop":1754874900911}],"attachments":[],"parameters":[],"start":1754874900888,"stop":1754874900911},{"name":"Perform login with username: Admin1 and password: admin123","status":"failed","statusDetails":{"known":false,"muted":false,"flaky":false,"message":"expected [https://opensource-demo.orangehrmlive.com/web/index.php/dashboard/index] but found [https://opensource-demo.orangehrmlive.com/web/index.php/auth/login]","trace":"java.lang.AssertionError: expected [https://opensource-demo.orangehrmlive.com/web/index.php/dashboard/index] but found [https://opensource-demo.orangehrmlive.com/web/index.php/auth/login]\r\n\tat org.testng.Assert.fail(Assert.java:111)\r\n\tat org.testng.Assert.failNotEquals(Assert.java:1590)\r\n\tat org.testng.Assert.assertEqualsImpl(Assert.java:150)\r\n\tat org.testng.Assert.assertEquals(Assert.java:132)\r\n\tat org.testng.Assert.assertEquals(Assert.java:656)\r\n\tat org.testng.Assert.assertEquals(Assert.java:666)\r\n\tat utilities.Validations.validatePageUrl(Validations.java:58)\r\n\tat pages.LoginPage.assertSuccessfulLogin(LoginPage.java:112)\r\n\tat pages.LoginPage.login(LoginPage.java:122)\r\n\tat tests.features.LoginTest.validLogin(LoginTest.java:33)\r\n\tat java.base/jdk.internal.reflect.DirectMethodHandleAccessor.invoke(DirectMethodHandleAccessor.java:103)\r\n\tat java.base/java.lang.reflect.Method.invoke(Method.java:580)\r\n\tat org.testng.internal.invokers.MethodInvocationHelper.invokeMethod(MethodInvocationHelper.java:141)\r\n\tat org.testng.internal.invokers.TestInvoker.invokeMethod(TestInvoker.java:687)\r\n\tat org.testng.internal.invokers.TestInvoker.invokeTestMethod(TestInvoker.java:230)\r\n\tat org.testng.internal.invokers.MethodRunner.runInSequence(MethodRunner.java:63)\r\n\tat org.testng.internal.invokers.TestInvoker$MethodInvocationAgent.invoke(TestInvoker.java:995)\r\n\tat org.testng.internal.invokers.TestInvoker.invokeTestMethods(TestInvoker.java:203)\r\n\tat org.testng.internal.invokers.TestMethodWorker.invokeTestMethods(TestMethodWorker.java:154)\r\n\tat org.testng.internal.invokers.TestMethodWorker.run(TestMethodWorker.java:134)\r\n\tat java.base/java.util.ArrayList.forEach(ArrayList.java:1597)\r\n\tat org.testng.TestRunner.privateRun(TestRunner.java:741)\r\n\tat org.testng.TestRunner.run(TestRunner.java:616)\r\n\tat org.testng.SuiteRunner.runTest(SuiteRunner.java:421)\r\n\tat org.testng.SuiteRunner.runSequentially(SuiteRunner.java:413)\r\n\tat org.testng.SuiteRunner.privateRun(SuiteRunner.java:373)\r\n\tat org.testng.SuiteRunner.run(SuiteRunner.java:312)\r\n\tat org.testng.SuiteRunnerWorker.runSuite(SuiteRunnerWorker.java:52)\r\n\tat org.testng.SuiteRunnerWorker.run(SuiteRunnerWorker.java:95)\r\n\tat org.testng.TestNG.runSuitesSequentially(TestNG.java:1274)\r\n\tat org.testng.TestNG.runSuitesLocally(TestNG.java:1208)\r\n\tat org.testng.TestNG.runSuites(TestNG.java:1112)\r\n\tat org.testng.TestNG.run(TestNG.java:1079)\r\n\tat com.intellij.rt.testng.IDEARemoteTestNG.run(IDEARemoteTestNG.java:65)\r\n\tat com.intellij.rt.testng.RemoteTestNGStarter.main(RemoteTestNGStarter.java:105)\r\n"},"stage":"finished","steps":[{"name":"Enter username: Admin1","status":"passed","stage":"finished","steps":[{"name":"Clearing field reliably: By.name: username","status":"passed","stage":"finished","steps":[],"attachments":[],"parameters":[{"name":"locator","value":"By.name: username"}],"start":1754874900913,"stop":1754874901091},{"name":"Sending data: Admin1 to the element: By.name: username","status":"passed","stage":"finished","steps":[],"attachments":[],"parameters":[{"name":"locator","value":"By.name: username"},{"name":"data","value":"Admin1"}],"start":1754874901092,"stop":1754874901142}],"attachments":[],"parameters":[{"name":"username","value":"Admin1"}],"start":1754874900912,"stop":1754874901142},{"name":"Enter password: admin123","status":"passed","stage":"finished","steps":[{"name":"Clearing field reliably: By.name: password","status":"passed","stage":"finished","steps":[],"attachments":[],"parameters":[{"name":"locator","value":"By.name: password"}],"start":1754874901143,"stop":1754874901265},{"name":"Sending data: admin123 to the element: By.name: password","status":"passed","stage":"finished","steps":[],"attachments":[],"parameters":[{"name":"locator","value":"By.name: password"},{"name":"data","value":"admin123"}],"start":1754874901265,"stop":1754874901311}],"attachments":[],"parameters":[{"name":"password","value":"admin123"}],"start":1754874901143,"stop":1754874901311},{"name":"Click login button","status":"passed","stage":"finished","steps":[{"name":"Clicking on the element: By.cssSelector: button.orangehrm-login-button","status":"passed","stage":"finished","steps":[],"attachments":[],"parameters":[{"name":"locator","value":"By.cssSelector: button.orangehrm-login-button"}],"start":1754874901312,"stop":1754874901407}],"attachments":[],"parameters":[],"start":1754874901311,"stop":1754874901407},{"name":"Assert successful login","status":"failed","statusDetails":{"known":false,"muted":false,"flaky":false,"message":"expected [https://opensource-demo.orangehrmlive.com/web/index.php/dashboard/index] but found [https://opensource-demo.orangehrmlive.com/web/index.php/auth/login]","trace":"java.lang.AssertionError: expected [https://opensource-demo.orangehrmlive.com/web/index.php/dashboard/index] but found [https://opensource-demo.orangehrmlive.com/web/index.php/auth/login]\r\n\tat org.testng.Assert.fail(Assert.java:111)\r\n\tat org.testng.Assert.failNotEquals(Assert.java:1590)\r\n\tat org.testng.Assert.assertEqualsImpl(Assert.java:150)\r\n\tat org.testng.Assert.assertEquals(Assert.java:132)\r\n\tat org.testng.Assert.assertEquals(Assert.java:656)\r\n\tat org.testng.Assert.assertEquals(Assert.java:666)\r\n\tat utilities.Validations.validatePageUrl(Validations.java:58)\r\n\tat pages.LoginPage.assertSuccessfulLogin(LoginPage.java:112)\r\n\tat pages.LoginPage.login(LoginPage.java:122)\r\n\tat tests.features.LoginTest.validLogin(LoginTest.java:33)\r\n\tat java.base/jdk.internal.reflect.DirectMethodHandleAccessor.invoke(DirectMethodHandleAccessor.java:103)\r\n\tat java.base/java.lang.reflect.Method.invoke(Method.java:580)\r\n\tat org.testng.internal.invokers.MethodInvocationHelper.invokeMethod(MethodInvocationHelper.java:141)\r\n\tat org.testng.internal.invokers.TestInvoker.invokeMethod(TestInvoker.java:687)\r\n\tat org.testng.internal.invokers.TestInvoker.invokeTestMethod(TestInvoker.java:230)\r\n\tat org.testng.internal.invokers.MethodRunner.runInSequence(MethodRunner.java:63)\r\n\tat org.testng.internal.invokers.TestInvoker$MethodInvocationAgent.invoke(TestInvoker.java:995)\r\n\tat org.testng.internal.invokers.TestInvoker.invokeTestMethods(TestInvoker.java:203)\r\n\tat org.testng.internal.invokers.TestMethodWorker.invokeTestMethods(TestMethodWorker.java:154)\r\n\tat org.testng.internal.invokers.TestMethodWorker.run(TestMethodWorker.java:134)\r\n\tat java.base/java.util.ArrayList.forEach(ArrayList.java:1597)\r\n\tat org.testng.TestRunner.privateRun(TestRunner.java:741)\r\n\tat org.testng.TestRunner.run(TestRunner.java:616)\r\n\tat org.testng.SuiteRunner.runTest(SuiteRunner.java:421)\r\n\tat org.testng.SuiteRunner.runSequentially(SuiteRunner.java:413)\r\n\tat org.testng.SuiteRunner.privateRun(SuiteRunner.java:373)\r\n\tat org.testng.SuiteRunner.run(SuiteRunner.java:312)\r\n\tat org.testng.SuiteRunnerWorker.runSuite(SuiteRunnerWorker.java:52)\r\n\tat org.testng.SuiteRunnerWorker.run(SuiteRunnerWorker.java:95)\r\n\tat org.testng.TestNG.runSuitesSequentially(TestNG.java:1274)\r\n\tat org.testng.TestNG.runSuitesLocally(TestNG.java:1208)\r\n\tat org.testng.TestNG.runSuites(TestNG.java:1112)\r\n\tat org.testng.TestNG.run(TestNG.java:1079)\r\n\tat com.intellij.rt.testng.IDEARemoteTestNG.run(IDEARemoteTestNG.java:65)\r\n\tat com.intellij.rt.testng.RemoteTestNGStarter.main(RemoteTestNGStarter.java:105)\r\n"},"stage":"finished","steps":[{"name":"Waiting for 2 seconds","status":"passed","stage":"finished","steps":[],"attachments":[],"parameters":[{"name":"seconds","value":"2"}],"start":1754874901408,"stop":1754874903412},{"name":"Validate Page Url: https://opensource-demo.orangehrmlive.com/web/index.php/dashboard/index","status":"failed","statusDetails":{"known":false,"muted":false,"flaky":false,"message":"expected [https://opensource-demo.orangehrmlive.com/web/index.php/dashboard/index] but found [https://opensource-demo.orangehrmlive.com/web/index.php/auth/login]","trace":"java.lang.AssertionError: expected [https://opensource-demo.orangehrmlive.com/web/index.php/dashboard/index] but found [https://opensource-demo.orangehrmlive.com/web/index.php/auth/login]\r\n\tat org.testng.Assert.fail(Assert.java:111)\r\n\tat org.testng.Assert.failNotEquals(Assert.java:1590)\r\n\tat org.testng.Assert.assertEqualsImpl(Assert.java:150)\r\n\tat org.testng.Assert.assertEquals(Assert.java:132)\r\n\tat org.testng.Assert.assertEquals(Assert.java:656)\r\n\tat org.testng.Assert.assertEquals(Assert.java:666)\r\n\tat utilities.Validations.validatePageUrl(Validations.java:58)\r\n\tat pages.LoginPage.assertSuccessfulLogin(LoginPage.java:112)\r\n\tat pages.LoginPage.login(LoginPage.java:122)\r\n\tat tests.features.LoginTest.validLogin(LoginTest.java:33)\r\n\tat java.base/jdk.internal.reflect.DirectMethodHandleAccessor.invoke(DirectMethodHandleAccessor.java:103)\r\n\tat java.base/java.lang.reflect.Method.invoke(Method.java:580)\r\n\tat org.testng.internal.invokers.MethodInvocationHelper.invokeMethod(MethodInvocationHelper.java:141)\r\n\tat org.testng.internal.invokers.TestInvoker.invokeMethod(TestInvoker.java:687)\r\n\tat org.testng.internal.invokers.TestInvoker.invokeTestMethod(TestInvoker.java:230)\r\n\tat org.testng.internal.invokers.MethodRunner.runInSequence(MethodRunner.java:63)\r\n\tat org.testng.internal.invokers.TestInvoker$MethodInvocationAgent.invoke(TestInvoker.java:995)\r\n\tat org.testng.internal.invokers.TestInvoker.invokeTestMethods(TestInvoker.java:203)\r\n\tat org.testng.internal.invokers.TestMethodWorker.invokeTestMethods(TestMethodWorker.java:154)\r\n\tat org.testng.internal.invokers.TestMethodWorker.run(TestMethodWorker.java:134)\r\n\tat java.base/java.util.ArrayList.forEach(ArrayList.java:1597)\r\n\tat org.testng.TestRunner.privateRun(TestRunner.java:741)\r\n\tat org.testng.TestRunner.run(TestRunner.java:616)\r\n\tat org.testng.SuiteRunner.runTest(SuiteRunner.java:421)\r\n\tat org.testng.SuiteRunner.runSequentially(SuiteRunner.java:413)\r\n\tat org.testng.SuiteRunner.privateRun(SuiteRunner.java:373)\r\n\tat org.testng.SuiteRunner.run(SuiteRunner.java:312)\r\n\tat org.testng.SuiteRunnerWorker.runSuite(SuiteRunnerWorker.java:52)\r\n\tat org.testng.SuiteRunnerWorker.run(SuiteRunnerWorker.java:95)\r\n\tat org.testng.TestNG.runSuitesSequentially(TestNG.java:1274)\r\n\tat org.testng.TestNG.runSuitesLocally(TestNG.java:1208)\r\n\tat org.testng.TestNG.runSuites(TestNG.java:1112)\r\n\tat org.testng.TestNG.run(TestNG.java:1079)\r\n\tat com.intellij.rt.testng.IDEARemoteTestNG.run(IDEARemoteTestNG.java:65)\r\n\tat com.intellij.rt.testng.RemoteTestNGStarter.main(RemoteTestNGStarter.java:105)\r\n"},"stage":"finished","steps":[{"name":"Getting current URL","status":"passed","stage":"finished","steps":[],"attachments":[],"parameters":[],"start":1754874903412,"stop":1754874903424}],"attachments":[],"parameters":[{"name":"expected","value":"https://opensource-demo.orangehrmlive.com/web/index.php/dashboard/index"}],"start":1754874903412,"stop":1754874903431}],"attachments":[],"parameters":[],"start":1754874901407,"stop":1754874903432}],"attachments":[],"parameters":[{"name":"username","value":"Admin1"},{"name":"password","value":"admin123"}],"start":1754874900912,"stop":1754874903432}],"attachments":[{"name":"Screenshot","source":"27086c6a-156a-4890-9b4a-49975447ec1f-attachment.png","type":"image/png"}],"parameters":[],"start":1754874897598,"stop":1754874904240}