{"uuid":"7e50610c-07a4-474f-b68a-88ce04cd9656","historyId":"279c92f0efea269c5c500384721ee7c","fullName":"tests.e2e.CompleteHRWorkflowE2ETest.testCompleteHRWorkflowE2E","labels":[{"name":"package","value":"tests.e2e.CompleteHRWorkflowE2ETest"},{"name":"testClass","value":"tests.e2e.CompleteHRWorkflowE2ETest"},{"name":"testMethod","value":"testCompleteHRWorkflowE2E"},{"name":"parentSuite","value":"Default Suite"},{"name":"suite","value":"OrangeHRM-Automation"},{"name":"subSuite","value":"tests.e2e.CompleteHRWorkflowE2ETest"},{"name":"host","value":"DESKTOP-M2GQIBG"},{"name":"thread","value":"25352@DESKTOP-M2GQIBG.main(1)"},{"name":"framework","value":"testng"},{"name":"language","value":"java"},{"name":"story","value":"Complete HR Workflow - From Recruitment to Employee Onboarding"},{"name":"epic","value":"Complete HR Workflow"},{"name":"feature","value":"End-to-End HR Management Process"},{"name":"severity","value":"critical"}],"links":[],"name":"testCompleteHRWorkflowE2E","status":"broken","statusDetails":{"known":false,"muted":false,"flaky":false,"message":"Expected condition failed: waiting for utilities.Waits$$Lambda/0x0000019c103d6d40@56fdb4db (tried for 6 second(s) with 500 milliseconds interval)","trace":"org.openqa.selenium.TimeoutException: Expected condition failed: waiting for utilities.Waits$$Lambda/0x0000019c103d6d40@56fdb4db (tried for 6 second(s) with 500 milliseconds interval)\r\n\tat org.openqa.selenium.support.ui.WebDriverWait.timeoutException(WebDriverWait.java:84)\r\n\tat org.openqa.selenium.support.ui.FluentWait.until(FluentWait.java:228)\r\n\tat utilities.Waits.waitForElementPresent(Waits.java:37)\r\n\tat utilities.Waits.lambda$1(Waits.java:46)\r\n\tat org.openqa.selenium.support.ui.FluentWait.until(FluentWait.java:203)\r\n\tat utilities.Waits.waitForElementVisible(Waits.java:45)\r\n\tat pages.myinfo.PersonalDetailsPage.<init>(PersonalDetailsPage.java:50)\r\n\tat pages.AddEmployeePage.clickSave(AddEmployeePage.java:154)\r\n\tat tests.e2e.CompleteHRWorkflowE2ETest.testCompleteHRWorkflowE2E(CompleteHRWorkflowE2ETest.java:68)\r\n\tat java.base/jdk.internal.reflect.DirectMethodHandleAccessor.invoke(DirectMethodHandleAccessor.java:103)\r\n\tat java.base/java.lang.reflect.Method.invoke(Method.java:580)\r\n\tat org.testng.internal.invokers.MethodInvocationHelper.invokeMethod(MethodInvocationHelper.java:141)\r\n\tat org.testng.internal.invokers.TestInvoker.invokeMethod(TestInvoker.java:687)\r\n\tat org.testng.internal.invokers.TestInvoker.invokeTestMethod(TestInvoker.java:230)\r\n\tat org.testng.internal.invokers.MethodRunner.runInSequence(MethodRunner.java:63)\r\n\tat org.testng.internal.invokers.TestInvoker$MethodInvocationAgent.invoke(TestInvoker.java:995)\r\n\tat org.testng.internal.invokers.TestInvoker.invokeTestMethods(TestInvoker.java:203)\r\n\tat org.testng.internal.invokers.TestMethodWorker.invokeTestMethods(TestMethodWorker.java:154)\r\n\tat org.testng.internal.invokers.TestMethodWorker.run(TestMethodWorker.java:134)\r\n\tat java.base/java.util.ArrayList.forEach(ArrayList.java:1597)\r\n\tat org.testng.TestRunner.privateRun(TestRunner.java:741)\r\n\tat org.testng.TestRunner.run(TestRunner.java:616)\r\n\tat org.testng.SuiteRunner.runTest(SuiteRunner.java:421)\r\n\tat org.testng.SuiteRunner.runSequentially(SuiteRunner.java:413)\r\n\tat org.testng.SuiteRunner.privateRun(SuiteRunner.java:373)\r\n\tat org.testng.SuiteRunner.run(SuiteRunner.java:312)\r\n\tat org.testng.SuiteRunnerWorker.runSuite(SuiteRunnerWorker.java:52)\r\n\tat org.testng.SuiteRunnerWorker.run(SuiteRunnerWorker.java:95)\r\n\tat org.testng.TestNG.runSuitesSequentially(TestNG.java:1274)\r\n\tat org.testng.TestNG.runSuitesLocally(TestNG.java:1208)\r\n\tat org.testng.TestNG.runSuites(TestNG.java:1112)\r\n\tat org.testng.TestNG.run(TestNG.java:1079)\r\n\tat com.intellij.rt.testng.IDEARemoteTestNG.run(IDEARemoteTestNG.java:65)\r\n\tat com.intellij.rt.testng.RemoteTestNGStarter.main(RemoteTestNGStarter.java:105)\r\nCaused by: org.openqa.selenium.NoSuchElementException: no such element: Unable to locate element: {\"method\":\"xpath\",\"selector\":\"//h6[text()='Personal Details']\"}\n  (Session info: chrome=138.0.7204.184)\nFor documentation on this error, please visit: https://www.selenium.dev/documentation/webdriver/troubleshooting/errors#no-such-element-exception\nBuild info: version: '4.34.0', revision: '707dcb4246*'\nSystem info: os.name: 'Windows 10', os.arch: 'amd64', os.version: '10.0', java.version: '22.0.2'\nDriver info: org.openqa.selenium.chrome.ChromeDriver\nCommand: [8c2f80e24400475c836d7a0b8ba03790, findElement {value=//h6[text()='Personal Details'], using=xpath}]\nCapabilities {acceptInsecureCerts: false, browserName: chrome, browserVersion: 138.0.7204.184, chrome: {chromedriverVersion: 138.0.7204.183 (e90faf484dd..., userDataDir: C:\\Users\\hp\\AppData\\Local\\T...}, fedcm:accounts: true, goog:chromeOptions: {debuggerAddress: localhost:63139}, networkConnectionEnabled: false, pageLoadStrategy: normal, platformName: windows, proxy: Proxy(), se:cdp: ws://localhost:63139/devtoo..., se:cdpVersion: 138.0.7204.184, setWindowRect: true, strictFileInteractability: false, timeouts: {implicit: 0, pageLoad: 300000, script: 30000}, unhandledPromptBehavior: dismiss and notify, webauthn:extension:credBlob: true, webauthn:extension:largeBlob: true, webauthn:extension:minPinLength: true, webauthn:extension:prf: true, webauthn:virtualAuthenticators: true}\nSession ID: 8c2f80e24400475c836d7a0b8ba03790\r\n\tat java.base/jdk.internal.reflect.DirectConstructorHandleAccessor.newInstance(DirectConstructorHandleAccessor.java:62)\r\n\tat java.base/java.lang.reflect.Constructor.newInstanceWithCaller(Constructor.java:502)\r\n\tat java.base/java.lang.reflect.Constructor.newInstance(Constructor.java:486)\r\n\tat org.openqa.selenium.remote.ErrorCodec.decode(ErrorCodec.java:167)\r\n\tat org.openqa.selenium.remote.codec.w3c.W3CHttpResponseCodec.decode(W3CHttpResponseCodec.java:138)\r\n\tat org.openqa.selenium.remote.codec.w3c.W3CHttpResponseCodec.decode(W3CHttpResponseCodec.java:50)\r\n\tat org.openqa.selenium.remote.HttpCommandExecutor.execute(HttpCommandExecutor.java:215)\r\n\tat org.openqa.selenium.remote.service.DriverCommandExecutor.invokeExecute(DriverCommandExecutor.java:216)\r\n\tat org.openqa.selenium.remote.service.DriverCommandExecutor.execute(DriverCommandExecutor.java:174)\r\n\tat org.openqa.selenium.remote.RemoteWebDriver.execute(RemoteWebDriver.java:544)\r\n\tat org.openqa.selenium.remote.ElementLocation$ElementFinder$2.findElement(ElementLocation.java:165)\r\n\tat org.openqa.selenium.remote.ElementLocation.findElement(ElementLocation.java:59)\r\n\tat org.openqa.selenium.remote.RemoteWebDriver.findElement(RemoteWebDriver.java:367)\r\n\tat org.openqa.selenium.remote.RemoteWebDriver.findElement(RemoteWebDriver.java:361)\r\n\tat utilities.Waits.lambda$0(Waits.java:37)\r\n\tat org.openqa.selenium.support.ui.FluentWait.until(FluentWait.java:203)\r\n\t... 32 more\r\n"},"stage":"finished","description":"E2E Scenario: Login → Recruitment → Add Vacancy → Add Candidate → Add Employee → Add User → Logout","steps":[{"name":"Navigate to OrangeHRM login page","status":"passed","stage":"finished","steps":[{"name":"Navigating to URL: https://opensource-demo.orangehrmlive.com/","status":"passed","stage":"finished","steps":[],"attachments":[],"parameters":[{"name":"url","value":"https://opensource-demo.orangehrmlive.com/"}],"start":1754958564324,"stop":1754958567796},{"name":"Waiting for element to be visible: By.cssSelector: div.orangehrm-login-form","status":"passed","stage":"finished","steps":[{"name":"Waiting for element to be present: By.cssSelector: div.orangehrm-login-form","status":"passed","stage":"finished","steps":[],"attachments":[],"parameters":[{"name":"locator","value":"By.cssSelector: div.orangehrm-login-form"}],"start":1754958567806,"stop":1754958568876}],"attachments":[],"parameters":[{"name":"locator","value":"By.cssSelector: div.orangehrm-login-form"}],"start":1754958567796,"stop":1754958568894}],"attachments":[],"parameters":[],"start":1754958564318,"stop":1754958568894},{"name":"Perform login with username: Admin and password: admin123","status":"passed","stage":"finished","steps":[{"name":"Enter username: Admin","status":"passed","stage":"finished","steps":[{"name":"Clearing field reliably: By.name: username","status":"passed","stage":"finished","steps":[],"attachments":[],"parameters":[{"name":"locator","value":"By.name: username"}],"start":1754958568896,"stop":1754958569089},{"name":"Sending data: Admin to the element: By.name: username","status":"passed","stage":"finished","steps":[],"attachments":[],"parameters":[{"name":"locator","value":"By.name: username"},{"name":"data","value":"Admin"}],"start":1754958569090,"stop":1754958569151}],"attachments":[],"parameters":[{"name":"username","value":"Admin"}],"start":1754958568895,"stop":1754958569151},{"name":"Enter password: admin123","status":"passed","stage":"finished","steps":[{"name":"Clearing field reliably: By.name: password","status":"passed","stage":"finished","steps":[],"attachments":[],"parameters":[{"name":"locator","value":"By.name: password"}],"start":1754958569151,"stop":1754958569294},{"name":"Sending data: admin123 to the element: By.name: password","status":"passed","stage":"finished","steps":[],"attachments":[],"parameters":[{"name":"locator","value":"By.name: password"},{"name":"data","value":"admin123"}],"start":1754958569294,"stop":1754958569344}],"attachments":[],"parameters":[{"name":"password","value":"admin123"}],"start":1754958569151,"stop":1754958569344},{"name":"Click login button","status":"passed","stage":"finished","steps":[{"name":"Clicking on the element: By.cssSelector: button.orangehrm-login-button","status":"passed","stage":"finished","steps":[],"attachments":[],"parameters":[{"name":"locator","value":"By.cssSelector: button.orangehrm-login-button"}],"start":1754958569345,"stop":1754958569443}],"attachments":[],"parameters":[],"start":1754958569345,"stop":1754958569443},{"name":"Assert successful login","status":"passed","stage":"finished","steps":[{"name":"Waiting for 2 seconds","status":"passed","stage":"finished","steps":[],"attachments":[],"parameters":[{"name":"seconds","value":"2"}],"start":1754958569445,"stop":1754958571459},{"name":"Validate True","status":"passed","stage":"finished","steps":[],"attachments":[],"parameters":[{"name":"condition","value":"true"},{"name":"message","value":"Dashboard header should be displayed after successful login"}],"start":1754958571768,"stop":1754958571777}],"attachments":[],"parameters":[],"start":1754958569444,"stop":1754958571777}],"attachments":[],"parameters":[{"name":"username","value":"Admin"},{"name":"password","value":"admin123"}],"start":1754958568895,"stop":1754958571777},{"name":"Navigate to Recruitment page","status":"passed","stage":"finished","steps":[{"name":"Navigate to page: Recruitment","status":"passed","stage":"finished","steps":[{"name":"Waiting for element to be visible: By.xpath: //a[contains(@href,'recruitment')]","status":"passed","stage":"finished","steps":[{"name":"Waiting for element to be present: By.xpath: //a[contains(@href,'recruitment')]","status":"passed","stage":"finished","steps":[],"attachments":[],"parameters":[{"name":"locator","value":"By.xpath: //a[contains(@href,'recruitment')]"}],"start":1754958571779,"stop":1754958571866}],"attachments":[],"parameters":[{"name":"locator","value":"By.xpath: //a[contains(@href,'recruitment')]"}],"start":1754958571778,"stop":1754958571918},{"name":"Waiting for element to be visible: By.xpath: //h6[contains(@class,'oxd-text--h6') and text()='Recruitment']","status":"passed","stage":"finished","steps":[{"name":"Waiting for element to be present: By.xpath: //h6[contains(@class,'oxd-text--h6') and text()='Recruitment']","status":"passed","stage":"finished","steps":[],"attachments":[],"parameters":[{"name":"locator","value":"By.xpath: //h6[contains(@class,'oxd-text--h6') and text()='Recruitment']"}],"start":1754958572896,"stop":1754958573434}],"attachments":[],"parameters":[{"name":"locator","value":"By.xpath: //h6[contains(@class,'oxd-text--h6') and text()='Recruitment']"}],"start":1754958572895,"stop":1754958573445}],"attachments":[],"parameters":[{"name":"menuLocator","value":"By.xpath: //a[contains(@href,'recruitment')]"},{"name":"pageName","value":"Recruitment"}],"start":1754958571778,"stop":1754958573445},{"name":"Waiting for element to be visible: By.xpath: //h6[text()='Recruitment']","status":"passed","stage":"finished","steps":[{"name":"Waiting for element to be present: By.xpath: //h6[text()='Recruitment']","status":"passed","stage":"finished","steps":[],"attachments":[],"parameters":[{"name":"locator","value":"By.xpath: //h6[text()='Recruitment']"}],"start":1754958573472,"stop":1754958573493}],"attachments":[],"parameters":[{"name":"locator","value":"By.xpath: //h6[text()='Recruitment']"}],"start":1754958573470,"stop":1754958573506}],"attachments":[],"parameters":[],"start":1754958571778,"stop":1754958573506},{"name":"Click Vacancies tab","status":"passed","stage":"finished","steps":[{"name":"Clicking on the element: By.xpath: //a[text()='Vacancies']","status":"passed","stage":"finished","steps":[],"attachments":[],"parameters":[{"name":"locator","value":"By.xpath: //a[text()='Vacancies']"}],"start":1754958573507,"stop":1754958576124}],"attachments":[],"parameters":[],"start":1754958573506,"stop":1754958576124},{"name":"Click add vacancy button","status":"passed","stage":"finished","steps":[{"name":"Waiting for element to be visible: By.xpath: //button[normalize-space()='Add']","status":"passed","stage":"finished","steps":[{"name":"Waiting for element to be present: By.xpath: //button[normalize-space()='Add']","status":"passed","stage":"finished","steps":[],"attachments":[],"parameters":[{"name":"locator","value":"By.xpath: //button[normalize-space()='Add']"}],"start":1754958576126,"stop":1754958576668}],"attachments":[],"parameters":[{"name":"locator","value":"By.xpath: //button[normalize-space()='Add']"}],"start":1754958576125,"stop":1754958576677},{"name":"Clicking on the element: By.xpath: //button[normalize-space()='Add']","status":"passed","stage":"finished","steps":[],"attachments":[],"parameters":[{"name":"locator","value":"By.xpath: //button[normalize-space()='Add']"}],"start":1754958576678,"stop":1754958577342},{"name":"Waiting for element to be visible: By.xpath: //h6[text()='Add Vacancy']","status":"passed","stage":"finished","steps":[{"name":"Waiting for element to be present: By.xpath: //h6[text()='Add Vacancy']","status":"passed","stage":"finished","steps":[],"attachments":[],"parameters":[{"name":"locator","value":"By.xpath: //h6[text()='Add Vacancy']"}],"start":1754958577343,"stop":1754958577879}],"attachments":[],"parameters":[{"name":"locator","value":"By.xpath: //h6[text()='Add Vacancy']"}],"start":1754958577343,"stop":1754958577889}],"attachments":[],"parameters":[],"start":1754958576124,"stop":1754958577889},{"name":"Add vacancy with details: QA Tester, job title: QA Engineer","status":"passed","stage":"finished","steps":[{"name":"Enter vacancy name: QA Tester","status":"passed","stage":"finished","steps":[{"name":"Clearing field reliably: By.xpath: //label[text()='Vacancy Name']/following::input[1]","status":"passed","stage":"finished","steps":[],"attachments":[],"parameters":[{"name":"locator","value":"By.xpath: //label[text()='Vacancy Name']/following::input[1]"}],"start":1754958577889,"stop":1754958578036},{"name":"Sending data: QA Tester to the element: By.xpath: //label[text()='Vacancy Name']/following::input[1]","status":"passed","stage":"finished","steps":[],"attachments":[],"parameters":[{"name":"locator","value":"By.xpath: //label[text()='Vacancy Name']/following::input[1]"},{"name":"data","value":"QA Tester"}],"start":1754958578036,"stop":1754958578100}],"attachments":[],"parameters":[{"name":"vacancyName","value":"QA Tester"}],"start":1754958577889,"stop":1754958578100},{"name":"Select job title: QA Engineer","status":"passed","stage":"finished","steps":[{"name":"Selecting from custom dropdown: QA Engineer","status":"passed","stage":"finished","steps":[{"name":"Waiting for element to be visible: By.xpath: //div[@role='listbox']//span[text()='QA Engineer']","status":"passed","stage":"finished","steps":[{"name":"Waiting for element to be present: By.xpath: //div[@role='listbox']//span[text()='QA Engineer']","status":"passed","stage":"finished","steps":[],"attachments":[],"parameters":[{"name":"locator","value":"By.xpath: //div[@role='listbox']//span[text()='QA Engineer']"}],"start":1754958578320,"stop":1754958578396}],"attachments":[],"parameters":[{"name":"locator","value":"By.xpath: //div[@role='listbox']//span[text()='QA Engineer']"}],"start":1754958578319,"stop":1754958578414}],"attachments":[],"parameters":[{"name":"dropdownLocator","value":"By.xpath: //label[text()='Job Title']/following::div[contains(@class,'oxd-select-wrapper')]"},{"name":"optionText","value":"QA Engineer"}],"start":1754958578101,"stop":1754958578538}],"attachments":[],"parameters":[{"name":"jobTitle","value":"QA Engineer"}],"start":1754958578101,"stop":1754958578539},{"name":"Enter description: Junior software tester (0 - 6 months experience)","status":"passed","stage":"finished","steps":[{"name":"Clearing field reliably: By.xpath: //label[text()='Description']/following::textarea[1]","status":"passed","stage":"finished","steps":[],"attachments":[],"parameters":[{"name":"locator","value":"By.xpath: //label[text()='Description']/following::textarea[1]"}],"start":1754958578540,"stop":1754958578689},{"name":"Sending data: Junior software tester (0 - 6 months experience) to the element: By.xpath: //label[text()='Description']/following::textarea[1]","status":"passed","stage":"finished","steps":[],"attachments":[],"parameters":[{"name":"locator","value":"By.xpath: //label[text()='Description']/following::textarea[1]"},{"name":"data","value":"Junior software tester (0 - 6 months experience)"}],"start":1754958578690,"stop":1754958578790}],"attachments":[],"parameters":[{"name":"description","value":"Junior software tester (0 - 6 months experience)"}],"start":1754958578540,"stop":1754958578790},{"name":"Select hiring manager with input: a and select: Ranga Akunuri","status":"passed","stage":"finished","steps":[{"name":"Entering autocomplete field with text: a and selecting: Ranga Akunuri","status":"passed","stage":"finished","steps":[{"name":"Waiting for element to be visible: By.xpath: //input[@placeholder='Type for hints...']","status":"passed","stage":"finished","steps":[{"name":"Waiting for element to be present: By.xpath: //input[@placeholder='Type for hints...']","status":"passed","stage":"finished","steps":[],"attachments":[],"parameters":[{"name":"locator","value":"By.xpath: //input[@placeholder='Type for hints...']"}],"start":1754958578808,"stop":1754958578819}],"attachments":[],"parameters":[{"name":"locator","value":"By.xpath: //input[@placeholder='Type for hints...']"}],"start":1754958578807,"stop":1754958578830},{"name":"Waiting for element to be visible: By.xpath: //div[@role='option'] | //div[@class='oxd-autocomplete-dropdown'] | //ul[@class='oxd-autocomplete-dropdown']","status":"passed","stage":"finished","steps":[{"name":"Waiting for element to be present: By.xpath: //div[@role='option'] | //div[@class='oxd-autocomplete-dropdown'] | //ul[@class='oxd-autocomplete-dropdown']","status":"passed","stage":"finished","steps":[],"attachments":[],"parameters":[{"name":"locator","value":"By.xpath: //div[@role='option'] | //div[@class='oxd-autocomplete-dropdown'] | //ul[@class='oxd-autocomplete-dropdown']"}],"start":1754958579009,"stop":1754958579026}],"attachments":[],"parameters":[{"name":"locator","value":"By.xpath: //div[@role='option'] | //div[@class='oxd-autocomplete-dropdown'] | //ul[@class='oxd-autocomplete-dropdown']"}],"start":1754958579008,"stop":1754958579037},{"name":"Waiting for element to be visible: By.xpath: //div[@role='option'] | //div[@class='oxd-autocomplete-dropdown']//div | //ul[@class='oxd-autocomplete-dropdown']//li","status":"passed","stage":"finished","steps":[{"name":"Waiting for element to be present: By.xpath: //div[@role='option'] | //div[@class='oxd-autocomplete-dropdown']//div | //ul[@class='oxd-autocomplete-dropdown']//li","status":"passed","stage":"finished","steps":[],"attachments":[],"parameters":[{"name":"locator","value":"By.xpath: //div[@role='option'] | //div[@class='oxd-autocomplete-dropdown']//div | //ul[@class='oxd-autocomplete-dropdown']//li"}],"start":1754958579039,"stop":1754958579057}],"attachments":[],"parameters":[{"name":"locator","value":"By.xpath: //div[@role='option'] | //div[@class='oxd-autocomplete-dropdown']//div | //ul[@class='oxd-autocomplete-dropdown']//li"}],"start":1754958579038,"stop":1754958579067}],"attachments":[],"parameters":[{"name":"inputFieldLocator","value":"By.xpath: //input[@placeholder='Type for hints...']"},{"name":"inputText","value":"a"},{"name":"nameToSelect","value":"Ranga Akunuri"}],"start":1754958578791,"stop":1754958580816}],"attachments":[],"parameters":[{"name":"inputText","value":"a"},{"name":"nameToSelect","value":"Ranga Akunuri"}],"start":1754958578790,"stop":1754958580816},{"name":"Enter number of positions: 1","status":"passed","stage":"finished","steps":[{"name":"Clearing field reliably: By.xpath: //label[text()='Number of Positions']/following::input[1]","status":"passed","stage":"finished","steps":[],"attachments":[],"parameters":[{"name":"locator","value":"By.xpath: //label[text()='Number of Positions']/following::input[1]"}],"start":1754958580816,"stop":1754958580937},{"name":"Sending data: 1 to the element: By.xpath: //label[text()='Number of Positions']/following::input[1]","status":"passed","stage":"finished","steps":[],"attachments":[],"parameters":[{"name":"locator","value":"By.xpath: //label[text()='Number of Positions']/following::input[1]"},{"name":"data","value":"1"}],"start":1754958580938,"stop":1754958580976}],"attachments":[],"parameters":[{"name":"number","value":"1"}],"start":1754958580816,"stop":1754958580976}],"attachments":[],"parameters":[{"name":"vacancyName","value":"QA Tester"},{"name":"jobTitle","value":"QA Engineer"},{"name":"description","value":"Junior software tester (0 - 6 months experience)"},{"name":"hiringManagerInput","value":"a"},{"name":"hiringManagerSelect","value":"Ranga Akunuri"},{"name":"numberOfPositions","value":"1"}],"start":1754958577889,"stop":1754958580976},{"name":"Click save button","status":"passed","stage":"finished","steps":[{"name":"Clicking on the element: By.xpath: //button[normalize-space()='Save']","status":"passed","stage":"finished","steps":[],"attachments":[],"parameters":[{"name":"locator","value":"By.xpath: //button[normalize-space()='Save']"}],"start":1754958580977,"stop":1754958581063},{"name":"Waiting for element to be visible: By.xpath: //h6[text()='Recruitment']","status":"passed","stage":"finished","steps":[{"name":"Waiting for element to be present: By.xpath: //h6[text()='Recruitment']","status":"passed","stage":"finished","steps":[],"attachments":[],"parameters":[{"name":"locator","value":"By.xpath: //h6[text()='Recruitment']"}],"start":1754958581064,"stop":1754958581082}],"attachments":[],"parameters":[{"name":"locator","value":"By.xpath: //h6[text()='Recruitment']"}],"start":1754958581063,"stop":1754958581097}],"attachments":[],"parameters":[],"start":1754958580976,"stop":1754958581098},{"name":"Click candidates button","status":"passed","stage":"finished","steps":[{"name":"Clicking on the element: By.xpath: //a[text()='Candidates']","status":"passed","stage":"finished","steps":[],"attachments":[],"parameters":[{"name":"locator","value":"By.xpath: //a[text()='Candidates']"}],"start":1754958581098,"stop":1754958581634},{"name":"Waiting for element to be visible: By.xpath: //h6[text()='Recruitment']","status":"passed","stage":"finished","steps":[{"name":"Waiting for element to be present: By.xpath: //h6[text()='Recruitment']","status":"passed","stage":"finished","steps":[],"attachments":[],"parameters":[{"name":"locator","value":"By.xpath: //h6[text()='Recruitment']"}],"start":1754958581635,"stop":1754958582169}],"attachments":[],"parameters":[{"name":"locator","value":"By.xpath: //h6[text()='Recruitment']"}],"start":1754958581634,"stop":1754958582178}],"attachments":[],"parameters":[],"start":1754958581098,"stop":1754958582178},{"name":"Click add button","status":"passed","stage":"finished","steps":[{"name":"Clicking on the element: By.xpath: //button[normalize-space()='Add']","status":"passed","stage":"finished","steps":[],"attachments":[],"parameters":[{"name":"locator","value":"By.xpath: //button[normalize-space()='Add']"}],"start":1754958582178,"stop":1754958583578},{"name":"Waiting for element to be visible: By.xpath: //h6[text()='Add Candidate']","status":"passed","stage":"finished","steps":[{"name":"Waiting for element to be present: By.xpath: //h6[text()='Add Candidate']","status":"passed","stage":"finished","steps":[],"attachments":[],"parameters":[{"name":"locator","value":"By.xpath: //h6[text()='Add Candidate']"}],"start":1754958583580,"stop":1754958586245}],"attachments":[],"parameters":[{"name":"locator","value":"By.xpath: //h6[text()='Add Candidate']"}],"start":1754958583579,"stop":1754958586258}],"attachments":[],"parameters":[],"start":1754958582178,"stop":1754958586258},{"name":"Add candidate with all details: Abdelrahman Ibrahim, email: abdelrahman.hamdy12799@gmail.com, vacancy: Software Engineer","status":"passed","stage":"finished","steps":[{"name":"Enter first name: Abdelrahman","status":"passed","stage":"finished","steps":[{"name":"Clearing field reliably: By.name: firstName","status":"passed","stage":"finished","steps":[],"attachments":[],"parameters":[{"name":"locator","value":"By.name: firstName"}],"start":1754958586260,"stop":1754958586407},{"name":"Sending data: Abdelrahman to the element: By.name: firstName","status":"passed","stage":"finished","steps":[],"attachments":[],"parameters":[{"name":"locator","value":"By.name: firstName"},{"name":"data","value":"Abdelrahman"}],"start":1754958586408,"stop":1754958586473}],"attachments":[],"parameters":[{"name":"firstName","value":"Abdelrahman"}],"start":1754958586259,"stop":1754958586473},{"name":"Enter middle name: Hamdy","status":"passed","stage":"finished","steps":[{"name":"Clearing field reliably: By.name: middleName","status":"passed","stage":"finished","steps":[],"attachments":[],"parameters":[{"name":"locator","value":"By.name: middleName"}],"start":1754958586473,"stop":1754958586609},{"name":"Sending data: Hamdy to the element: By.name: middleName","status":"passed","stage":"finished","steps":[],"attachments":[],"parameters":[{"name":"locator","value":"By.name: middleName"},{"name":"data","value":"Hamdy"}],"start":1754958586609,"stop":1754958586659}],"attachments":[],"parameters":[{"name":"middleName","value":"Hamdy"}],"start":1754958586473,"stop":1754958586659},{"name":"Enter last name: Ibrahim","status":"passed","stage":"finished","steps":[{"name":"Clearing field reliably: By.name: lastName","status":"passed","stage":"finished","steps":[],"attachments":[],"parameters":[{"name":"locator","value":"By.name: lastName"}],"start":1754958586659,"stop":1754958586798},{"name":"Sending data: Ibrahim to the element: By.name: lastName","status":"passed","stage":"finished","steps":[],"attachments":[],"parameters":[{"name":"locator","value":"By.name: lastName"},{"name":"data","value":"Ibrahim"}],"start":1754958586798,"stop":1754958586842}],"attachments":[],"parameters":[{"name":"lastName","value":"Ibrahim"}],"start":1754958586659,"stop":1754958586842},{"name":"Enter email: abdelrahman.hamdy12799@gmail.com","status":"passed","stage":"finished","steps":[{"name":"Clearing field reliably: By.xpath: //label[text()='Email']/following::input[1]","status":"passed","stage":"finished","steps":[],"attachments":[],"parameters":[{"name":"locator","value":"By.xpath: //label[text()='Email']/following::input[1]"}],"start":1754958586842,"stop":1754958586960},{"name":"Sending data: abdelrahman.hamdy12799@gmail.com to the element: By.xpath: //label[text()='Email']/following::input[1]","status":"passed","stage":"finished","steps":[],"attachments":[],"parameters":[{"name":"locator","value":"By.xpath: //label[text()='Email']/following::input[1]"},{"name":"data","value":"abdelrahman.hamdy12799@gmail.com"}],"start":1754958586960,"stop":1754958587034}],"attachments":[],"parameters":[{"name":"email","value":"abdelrahman.hamdy12799@gmail.com"}],"start":1754958586842,"stop":1754958587034},{"name":"Enter contact number: +201033223147","status":"passed","stage":"finished","steps":[{"name":"Clearing field reliably: By.xpath: //label[text()='Contact Number']/following::input[1]","status":"passed","stage":"finished","steps":[],"attachments":[],"parameters":[{"name":"locator","value":"By.xpath: //label[text()='Contact Number']/following::input[1]"}],"start":1754958587035,"stop":1754958587165},{"name":"Sending data: +201033223147 to the element: By.xpath: //label[text()='Contact Number']/following::input[1]","status":"passed","stage":"finished","steps":[],"attachments":[],"parameters":[{"name":"locator","value":"By.xpath: //label[text()='Contact Number']/following::input[1]"},{"name":"data","value":"+201033223147"}],"start":1754958587165,"stop":1754958587213}],"attachments":[],"parameters":[{"name":"number","value":"+201033223147"}],"start":1754958587034,"stop":1754958587213},{"name":"Select vacancy: Software Engineer","status":"passed","stage":"finished","steps":[{"name":"Selecting from custom dropdown: Software Engineer","status":"passed","stage":"finished","steps":[{"name":"Waiting for element to be visible: By.xpath: //div[@role='listbox']//span[text()='Software Engineer']","status":"passed","stage":"finished","steps":[{"name":"Waiting for element to be present: By.xpath: //div[@role='listbox']//span[text()='Software Engineer']","status":"passed","stage":"finished","steps":[],"attachments":[],"parameters":[{"name":"locator","value":"By.xpath: //div[@role='listbox']//span[text()='Software Engineer']"}],"start":1754958587280,"stop":1754958587294}],"attachments":[],"parameters":[{"name":"locator","value":"By.xpath: //div[@role='listbox']//span[text()='Software Engineer']"}],"start":1754958587279,"stop":1754958587303}],"attachments":[],"parameters":[{"name":"dropdownLocator","value":"By.xpath: //label[text()='Vacancy']/following::div[contains(@class,'oxd-select-wrapper')]"},{"name":"optionText","value":"Software Engineer"}],"start":1754958587213,"stop":1754958587368}],"attachments":[],"parameters":[{"name":"vacancyText","value":"Software Engineer"}],"start":1754958587213,"stop":1754958587369},{"name":"Upload resume: E:\\Newest desktop\\ITI Material\\Abdelrahman_Hamdy_Software_Tester.pdf","status":"passed","stage":"finished","steps":[],"attachments":[],"parameters":[{"name":"filePath","value":"E:\\Newest desktop\\ITI Material\\Abdelrahman_Hamdy_Software_Tester.pdf"}],"start":1754958587369,"stop":1754958587407},{"name":"Enter keywords: Selenium, Java, TestNG","status":"passed","stage":"finished","steps":[{"name":"Clearing field reliably: By.xpath: //label[text()='Keywords']/following::input[1]","status":"passed","stage":"finished","steps":[],"attachments":[],"parameters":[{"name":"locator","value":"By.xpath: //label[text()='Keywords']/following::input[1]"}],"start":1754958587407,"stop":1754958587528},{"name":"Sending data: Selenium, Java, TestNG to the element: By.xpath: //label[text()='Keywords']/following::input[1]","status":"passed","stage":"finished","steps":[],"attachments":[],"parameters":[{"name":"locator","value":"By.xpath: //label[text()='Keywords']/following::input[1]"},{"name":"data","value":"Selenium, Java, TestNG"}],"start":1754958587528,"stop":1754958587612}],"attachments":[],"parameters":[{"name":"keywords","value":"Selenium, Java, TestNG"}],"start":1754958587407,"stop":1754958587612},{"name":"Enter notes: Experienced QA engineer with strong automation skills","status":"passed","stage":"finished","steps":[{"name":"Clearing field reliably: By.xpath: //label[text()='Notes']/following::textarea[1]","status":"passed","stage":"finished","steps":[],"attachments":[],"parameters":[{"name":"locator","value":"By.xpath: //label[text()='Notes']/following::textarea[1]"}],"start":1754958587613,"stop":1754958587777},{"name":"Sending data: Experienced QA engineer with strong automation skills to the element: By.xpath: //label[text()='Notes']/following::textarea[1]","status":"passed","stage":"finished","steps":[],"attachments":[],"parameters":[{"name":"locator","value":"By.xpath: //label[text()='Notes']/following::textarea[1]"},{"name":"data","value":"Experienced QA engineer with strong automation skills"}],"start":1754958587778,"stop":1754958587923}],"attachments":[],"parameters":[{"name":"note","value":"Experienced QA engineer with strong automation skills"}],"start":1754958587613,"stop":1754958587923},{"name":"Set consent: true","status":"passed","stage":"finished","steps":[{"name":"Checking checkbox: By.cssSelector: span[class='oxd-checkbox-input oxd-checkbox-input--active --label-right oxd-checkbox-input']","status":"passed","stage":"finished","steps":[],"attachments":[],"parameters":[{"name":"locator","value":"By.cssSelector: span[class='oxd-checkbox-input oxd-checkbox-input--active --label-right oxd-checkbox-input']"}],"start":1754958587924,"stop":1754958588082}],"attachments":[],"parameters":[{"name":"check","value":"true"}],"start":1754958587923,"stop":1754958588082}],"attachments":[],"parameters":[{"name":"firstName","value":"Abdelrahman"},{"name":"middleName","value":"Hamdy"},{"name":"lastName","value":"Ibrahim"},{"name":"email","value":"abdelrahman.hamdy12799@gmail.com"},{"name":"contactNumber","value":"+201033223147"},{"name":"vacancy","value":"Software Engineer"},{"name":"resumePath","value":"E:\\Newest desktop\\ITI Material\\Abdelrahman_Hamdy_Software_Tester.pdf"},{"name":"keywords","value":"Selenium, Java, TestNG"},{"name":"notes","value":"Experienced QA engineer with strong automation skills"},{"name":"consent","value":"true"}],"start":1754958586259,"stop":1754958588082},{"name":"Click save button","status":"passed","stage":"finished","steps":[{"name":"Clicking on the element: By.cssSelector: button[type='submit']","status":"passed","stage":"finished","steps":[],"attachments":[],"parameters":[{"name":"locator","value":"By.cssSelector: button[type='submit']"}],"start":1754958588083,"stop":1754958588158}],"attachments":[],"parameters":[],"start":1754958588083,"stop":1754958588158},{"name":"Assert success toast is displayed","status":"passed","stage":"finished","steps":[{"name":"Waiting for toast message and getting text","status":"passed","stage":"finished","steps":[],"attachments":[],"parameters":[],"start":1754958588159,"stop":1754958592387},{"name":"Validate True","status":"passed","stage":"finished","steps":[],"attachments":[],"parameters":[{"name":"condition","value":"true"},{"name":"message","value":"Success toast message should be displayed"}],"start":1754958592388,"stop":1754958592388}],"attachments":[],"parameters":[],"start":1754958588158,"stop":1754958592388},{"name":"Navigate to PIM page","status":"passed","stage":"finished","steps":[{"name":"Navigate to page: PIM","status":"passed","stage":"finished","steps":[{"name":"Waiting for element to be visible: By.xpath: //a[contains(@href,'pim')]","status":"passed","stage":"finished","steps":[{"name":"Waiting for element to be present: By.xpath: //a[contains(@href,'pim')]","status":"passed","stage":"finished","steps":[],"attachments":[],"parameters":[{"name":"locator","value":"By.xpath: //a[contains(@href,'pim')]"}],"start":1754958592389,"stop":1754958592404}],"attachments":[],"parameters":[{"name":"locator","value":"By.xpath: //a[contains(@href,'pim')]"}],"start":1754958592388,"stop":1754958592413},{"name":"Waiting for element to be visible: By.xpath: //h6[contains(@class,'oxd-text--h6') and text()='PIM']","status":"passed","stage":"finished","steps":[{"name":"Waiting for element to be present: By.xpath: //h6[contains(@class,'oxd-text--h6') and text()='PIM']","status":"passed","stage":"finished","steps":[],"attachments":[],"parameters":[{"name":"locator","value":"By.xpath: //h6[contains(@class,'oxd-text--h6') and text()='PIM']"}],"start":1754958593033,"stop":1754958593571}],"attachments":[],"parameters":[{"name":"locator","value":"By.xpath: //h6[contains(@class,'oxd-text--h6') and text()='PIM']"}],"start":1754958593032,"stop":1754958593580}],"attachments":[],"parameters":[{"name":"menuLocator","value":"By.xpath: //a[contains(@href,'pim')]"},{"name":"pageName","value":"PIM"}],"start":1754958592388,"stop":1754958593580},{"name":"Waiting for element to be visible: By.xpath: //h6[text()='PIM']","status":"passed","stage":"finished","steps":[{"name":"Waiting for element to be present: By.xpath: //h6[text()='PIM']","status":"passed","stage":"finished","steps":[],"attachments":[],"parameters":[{"name":"locator","value":"By.xpath: //h6[text()='PIM']"}],"start":1754958593598,"stop":1754958593618}],"attachments":[],"parameters":[{"name":"locator","value":"By.xpath: //h6[text()='PIM']"}],"start":1754958593597,"stop":1754958593627}],"attachments":[],"parameters":[],"start":1754958592388,"stop":1754958593627},{"name":"Click add employee button","status":"passed","stage":"finished","steps":[{"name":"Clicking on the element: By.xpath: //button[normalize-space()='Add']","status":"passed","stage":"finished","steps":[],"attachments":[],"parameters":[{"name":"locator","value":"By.xpath: //button[normalize-space()='Add']"}],"start":1754958593628,"stop":1754958594023},{"name":"Waiting for element to be visible: By.xpath: //h6[text()='Add Employee']","status":"passed","stage":"finished","steps":[{"name":"Waiting for element to be present: By.xpath: //h6[text()='Add Employee']","status":"passed","stage":"finished","steps":[],"attachments":[],"parameters":[{"name":"locator","value":"By.xpath: //h6[text()='Add Employee']"}],"start":1754958594026,"stop":1754958594575}],"attachments":[],"parameters":[{"name":"locator","value":"By.xpath: //h6[text()='Add Employee']"}],"start":1754958594025,"stop":1754958594600}],"attachments":[],"parameters":[],"start":1754958593628,"stop":1754958594600},{"name":"Enter first name: Michael","status":"passed","stage":"finished","steps":[{"name":"Clearing field reliably: By.name: firstName","status":"passed","stage":"finished","steps":[],"attachments":[],"parameters":[{"name":"locator","value":"By.name: firstName"}],"start":1754958594601,"stop":1754958594875},{"name":"Sending data: Michael to the element: By.name: firstName","status":"passed","stage":"finished","steps":[],"attachments":[],"parameters":[{"name":"locator","value":"By.name: firstName"},{"name":"data","value":"Michael"}],"start":1754958594875,"stop":1754958594915}],"attachments":[],"parameters":[{"name":"firstName","value":"Michael"}],"start":1754958594601,"stop":1754958594915},{"name":"Enter last name: Johnson","status":"passed","stage":"finished","steps":[{"name":"Clearing field reliably: By.name: lastName","status":"passed","stage":"finished","steps":[],"attachments":[],"parameters":[{"name":"locator","value":"By.name: lastName"}],"start":1754958594916,"stop":1754958595024},{"name":"Sending data: Johnson to the element: By.name: lastName","status":"passed","stage":"finished","steps":[],"attachments":[],"parameters":[{"name":"locator","value":"By.name: lastName"},{"name":"data","value":"Johnson"}],"start":1754958595024,"stop":1754958595065}],"attachments":[],"parameters":[{"name":"lastName","value":"Johnson"}],"start":1754958594916,"stop":1754958595065},{"name":"Enter employee ID: EMP0801","status":"passed","stage":"finished","steps":[{"name":"Clearing field reliably: By.xpath: //label[text()='Employee Id']/following::input[1]","status":"passed","stage":"finished","steps":[],"attachments":[],"parameters":[{"name":"locator","value":"By.xpath: //label[text()='Employee Id']/following::input[1]"}],"start":1754958595065,"stop":1754958595188},{"name":"Sending data: EMP0801 to the element: By.xpath: //label[text()='Employee Id']/following::input[1]","status":"passed","stage":"finished","steps":[],"attachments":[],"parameters":[{"name":"locator","value":"By.xpath: //label[text()='Employee Id']/following::input[1]"},{"name":"data","value":"EMP0801"}],"start":1754958595189,"stop":1754958595236}],"attachments":[],"parameters":[{"name":"empId","value":"EMP0801"}],"start":1754958595065,"stop":1754958595236},{"name":"Click save button","status":"broken","statusDetails":{"known":false,"muted":false,"flaky":false,"message":"Expected condition failed: waiting for utilities.Waits$$Lambda/0x0000019c103d6d40@56fdb4db (tried for 6 second(s) with 500 milliseconds interval)","trace":"org.openqa.selenium.TimeoutException: Expected condition failed: waiting for utilities.Waits$$Lambda/0x0000019c103d6d40@56fdb4db (tried for 6 second(s) with 500 milliseconds interval)\r\n\tat org.openqa.selenium.support.ui.WebDriverWait.timeoutException(WebDriverWait.java:84)\r\n\tat org.openqa.selenium.support.ui.FluentWait.until(FluentWait.java:228)\r\n\tat utilities.Waits.waitForElementPresent(Waits.java:37)\r\n\tat utilities.Waits.lambda$1(Waits.java:46)\r\n\tat org.openqa.selenium.support.ui.FluentWait.until(FluentWait.java:203)\r\n\tat utilities.Waits.waitForElementVisible(Waits.java:45)\r\n\tat pages.myinfo.PersonalDetailsPage.<init>(PersonalDetailsPage.java:50)\r\n\tat pages.AddEmployeePage.clickSave(AddEmployeePage.java:154)\r\n\tat tests.e2e.CompleteHRWorkflowE2ETest.testCompleteHRWorkflowE2E(CompleteHRWorkflowE2ETest.java:68)\r\n\tat java.base/jdk.internal.reflect.DirectMethodHandleAccessor.invoke(DirectMethodHandleAccessor.java:103)\r\n\tat java.base/java.lang.reflect.Method.invoke(Method.java:580)\r\n\tat org.testng.internal.invokers.MethodInvocationHelper.invokeMethod(MethodInvocationHelper.java:141)\r\n\tat org.testng.internal.invokers.TestInvoker.invokeMethod(TestInvoker.java:687)\r\n\tat org.testng.internal.invokers.TestInvoker.invokeTestMethod(TestInvoker.java:230)\r\n\tat org.testng.internal.invokers.MethodRunner.runInSequence(MethodRunner.java:63)\r\n\tat org.testng.internal.invokers.TestInvoker$MethodInvocationAgent.invoke(TestInvoker.java:995)\r\n\tat org.testng.internal.invokers.TestInvoker.invokeTestMethods(TestInvoker.java:203)\r\n\tat org.testng.internal.invokers.TestMethodWorker.invokeTestMethods(TestMethodWorker.java:154)\r\n\tat org.testng.internal.invokers.TestMethodWorker.run(TestMethodWorker.java:134)\r\n\tat java.base/java.util.ArrayList.forEach(ArrayList.java:1597)\r\n\tat org.testng.TestRunner.privateRun(TestRunner.java:741)\r\n\tat org.testng.TestRunner.run(TestRunner.java:616)\r\n\tat org.testng.SuiteRunner.runTest(SuiteRunner.java:421)\r\n\tat org.testng.SuiteRunner.runSequentially(SuiteRunner.java:413)\r\n\tat org.testng.SuiteRunner.privateRun(SuiteRunner.java:373)\r\n\tat org.testng.SuiteRunner.run(SuiteRunner.java:312)\r\n\tat org.testng.SuiteRunnerWorker.runSuite(SuiteRunnerWorker.java:52)\r\n\tat org.testng.SuiteRunnerWorker.run(SuiteRunnerWorker.java:95)\r\n\tat org.testng.TestNG.runSuitesSequentially(TestNG.java:1274)\r\n\tat org.testng.TestNG.runSuitesLocally(TestNG.java:1208)\r\n\tat org.testng.TestNG.runSuites(TestNG.java:1112)\r\n\tat org.testng.TestNG.run(TestNG.java:1079)\r\n\tat com.intellij.rt.testng.IDEARemoteTestNG.run(IDEARemoteTestNG.java:65)\r\n\tat com.intellij.rt.testng.RemoteTestNGStarter.main(RemoteTestNGStarter.java:105)\r\nCaused by: org.openqa.selenium.NoSuchElementException: no such element: Unable to locate element: {\"method\":\"xpath\",\"selector\":\"//h6[text()='Personal Details']\"}\n  (Session info: chrome=138.0.7204.184)\nFor documentation on this error, please visit: https://www.selenium.dev/documentation/webdriver/troubleshooting/errors#no-such-element-exception\nBuild info: version: '4.34.0', revision: '707dcb4246*'\nSystem info: os.name: 'Windows 10', os.arch: 'amd64', os.version: '10.0', java.version: '22.0.2'\nDriver info: org.openqa.selenium.chrome.ChromeDriver\nCommand: [8c2f80e24400475c836d7a0b8ba03790, findElement {value=//h6[text()='Personal Details'], using=xpath}]\nCapabilities {acceptInsecureCerts: false, browserName: chrome, browserVersion: 138.0.7204.184, chrome: {chromedriverVersion: 138.0.7204.183 (e90faf484dd..., userDataDir: C:\\Users\\hp\\AppData\\Local\\T...}, fedcm:accounts: true, goog:chromeOptions: {debuggerAddress: localhost:63139}, networkConnectionEnabled: false, pageLoadStrategy: normal, platformName: windows, proxy: Proxy(), se:cdp: ws://localhost:63139/devtoo..., se:cdpVersion: 138.0.7204.184, setWindowRect: true, strictFileInteractability: false, timeouts: {implicit: 0, pageLoad: 300000, script: 30000}, unhandledPromptBehavior: dismiss and notify, webauthn:extension:credBlob: true, webauthn:extension:largeBlob: true, webauthn:extension:minPinLength: true, webauthn:extension:prf: true, webauthn:virtualAuthenticators: true}\nSession ID: 8c2f80e24400475c836d7a0b8ba03790\r\n\tat java.base/jdk.internal.reflect.DirectConstructorHandleAccessor.newInstance(DirectConstructorHandleAccessor.java:62)\r\n\tat java.base/java.lang.reflect.Constructor.newInstanceWithCaller(Constructor.java:502)\r\n\tat java.base/java.lang.reflect.Constructor.newInstance(Constructor.java:486)\r\n\tat org.openqa.selenium.remote.ErrorCodec.decode(ErrorCodec.java:167)\r\n\tat org.openqa.selenium.remote.codec.w3c.W3CHttpResponseCodec.decode(W3CHttpResponseCodec.java:138)\r\n\tat org.openqa.selenium.remote.codec.w3c.W3CHttpResponseCodec.decode(W3CHttpResponseCodec.java:50)\r\n\tat org.openqa.selenium.remote.HttpCommandExecutor.execute(HttpCommandExecutor.java:215)\r\n\tat org.openqa.selenium.remote.service.DriverCommandExecutor.invokeExecute(DriverCommandExecutor.java:216)\r\n\tat org.openqa.selenium.remote.service.DriverCommandExecutor.execute(DriverCommandExecutor.java:174)\r\n\tat org.openqa.selenium.remote.RemoteWebDriver.execute(RemoteWebDriver.java:544)\r\n\tat org.openqa.selenium.remote.ElementLocation$ElementFinder$2.findElement(ElementLocation.java:165)\r\n\tat org.openqa.selenium.remote.ElementLocation.findElement(ElementLocation.java:59)\r\n\tat org.openqa.selenium.remote.RemoteWebDriver.findElement(RemoteWebDriver.java:367)\r\n\tat org.openqa.selenium.remote.RemoteWebDriver.findElement(RemoteWebDriver.java:361)\r\n\tat utilities.Waits.lambda$0(Waits.java:37)\r\n\tat org.openqa.selenium.support.ui.FluentWait.until(FluentWait.java:203)\r\n\t... 32 more\r\n"},"stage":"finished","steps":[{"name":"Clicking on the element: By.cssSelector: button[type='submit']","status":"passed","stage":"finished","steps":[],"attachments":[],"parameters":[{"name":"locator","value":"By.cssSelector: button[type='submit']"}],"start":1754958595237,"stop":1754958595288},{"name":"Waiting for element to be visible: By.xpath: //h6[text()='Personal Details']","status":"broken","statusDetails":{"known":false,"muted":false,"flaky":false,"message":"Expected condition failed: waiting for utilities.Waits$$Lambda/0x0000019c103d6d40@56fdb4db (tried for 6 second(s) with 500 milliseconds interval)","trace":"org.openqa.selenium.TimeoutException: Expected condition failed: waiting for utilities.Waits$$Lambda/0x0000019c103d6d40@56fdb4db (tried for 6 second(s) with 500 milliseconds interval)\r\n\tat org.openqa.selenium.support.ui.WebDriverWait.timeoutException(WebDriverWait.java:84)\r\n\tat org.openqa.selenium.support.ui.FluentWait.until(FluentWait.java:228)\r\n\tat utilities.Waits.waitForElementPresent(Waits.java:37)\r\n\tat utilities.Waits.lambda$1(Waits.java:46)\r\n\tat org.openqa.selenium.support.ui.FluentWait.until(FluentWait.java:203)\r\n\tat utilities.Waits.waitForElementVisible(Waits.java:45)\r\n\tat pages.myinfo.PersonalDetailsPage.<init>(PersonalDetailsPage.java:50)\r\n\tat pages.AddEmployeePage.clickSave(AddEmployeePage.java:154)\r\n\tat tests.e2e.CompleteHRWorkflowE2ETest.testCompleteHRWorkflowE2E(CompleteHRWorkflowE2ETest.java:68)\r\n\tat java.base/jdk.internal.reflect.DirectMethodHandleAccessor.invoke(DirectMethodHandleAccessor.java:103)\r\n\tat java.base/java.lang.reflect.Method.invoke(Method.java:580)\r\n\tat org.testng.internal.invokers.MethodInvocationHelper.invokeMethod(MethodInvocationHelper.java:141)\r\n\tat org.testng.internal.invokers.TestInvoker.invokeMethod(TestInvoker.java:687)\r\n\tat org.testng.internal.invokers.TestInvoker.invokeTestMethod(TestInvoker.java:230)\r\n\tat org.testng.internal.invokers.MethodRunner.runInSequence(MethodRunner.java:63)\r\n\tat org.testng.internal.invokers.TestInvoker$MethodInvocationAgent.invoke(TestInvoker.java:995)\r\n\tat org.testng.internal.invokers.TestInvoker.invokeTestMethods(TestInvoker.java:203)\r\n\tat org.testng.internal.invokers.TestMethodWorker.invokeTestMethods(TestMethodWorker.java:154)\r\n\tat org.testng.internal.invokers.TestMethodWorker.run(TestMethodWorker.java:134)\r\n\tat java.base/java.util.ArrayList.forEach(ArrayList.java:1597)\r\n\tat org.testng.TestRunner.privateRun(TestRunner.java:741)\r\n\tat org.testng.TestRunner.run(TestRunner.java:616)\r\n\tat org.testng.SuiteRunner.runTest(SuiteRunner.java:421)\r\n\tat org.testng.SuiteRunner.runSequentially(SuiteRunner.java:413)\r\n\tat org.testng.SuiteRunner.privateRun(SuiteRunner.java:373)\r\n\tat org.testng.SuiteRunner.run(SuiteRunner.java:312)\r\n\tat org.testng.SuiteRunnerWorker.runSuite(SuiteRunnerWorker.java:52)\r\n\tat org.testng.SuiteRunnerWorker.run(SuiteRunnerWorker.java:95)\r\n\tat org.testng.TestNG.runSuitesSequentially(TestNG.java:1274)\r\n\tat org.testng.TestNG.runSuitesLocally(TestNG.java:1208)\r\n\tat org.testng.TestNG.runSuites(TestNG.java:1112)\r\n\tat org.testng.TestNG.run(TestNG.java:1079)\r\n\tat com.intellij.rt.testng.IDEARemoteTestNG.run(IDEARemoteTestNG.java:65)\r\n\tat com.intellij.rt.testng.RemoteTestNGStarter.main(RemoteTestNGStarter.java:105)\r\nCaused by: org.openqa.selenium.NoSuchElementException: no such element: Unable to locate element: {\"method\":\"xpath\",\"selector\":\"//h6[text()='Personal Details']\"}\n  (Session info: chrome=138.0.7204.184)\nFor documentation on this error, please visit: https://www.selenium.dev/documentation/webdriver/troubleshooting/errors#no-such-element-exception\nBuild info: version: '4.34.0', revision: '707dcb4246*'\nSystem info: os.name: 'Windows 10', os.arch: 'amd64', os.version: '10.0', java.version: '22.0.2'\nDriver info: org.openqa.selenium.chrome.ChromeDriver\nCommand: [8c2f80e24400475c836d7a0b8ba03790, findElement {value=//h6[text()='Personal Details'], using=xpath}]\nCapabilities {acceptInsecureCerts: false, browserName: chrome, browserVersion: 138.0.7204.184, chrome: {chromedriverVersion: 138.0.7204.183 (e90faf484dd..., userDataDir: C:\\Users\\hp\\AppData\\Local\\T...}, fedcm:accounts: true, goog:chromeOptions: {debuggerAddress: localhost:63139}, networkConnectionEnabled: false, pageLoadStrategy: normal, platformName: windows, proxy: Proxy(), se:cdp: ws://localhost:63139/devtoo..., se:cdpVersion: 138.0.7204.184, setWindowRect: true, strictFileInteractability: false, timeouts: {implicit: 0, pageLoad: 300000, script: 30000}, unhandledPromptBehavior: dismiss and notify, webauthn:extension:credBlob: true, webauthn:extension:largeBlob: true, webauthn:extension:minPinLength: true, webauthn:extension:prf: true, webauthn:virtualAuthenticators: true}\nSession ID: 8c2f80e24400475c836d7a0b8ba03790\r\n\tat java.base/jdk.internal.reflect.DirectConstructorHandleAccessor.newInstance(DirectConstructorHandleAccessor.java:62)\r\n\tat java.base/java.lang.reflect.Constructor.newInstanceWithCaller(Constructor.java:502)\r\n\tat java.base/java.lang.reflect.Constructor.newInstance(Constructor.java:486)\r\n\tat org.openqa.selenium.remote.ErrorCodec.decode(ErrorCodec.java:167)\r\n\tat org.openqa.selenium.remote.codec.w3c.W3CHttpResponseCodec.decode(W3CHttpResponseCodec.java:138)\r\n\tat org.openqa.selenium.remote.codec.w3c.W3CHttpResponseCodec.decode(W3CHttpResponseCodec.java:50)\r\n\tat org.openqa.selenium.remote.HttpCommandExecutor.execute(HttpCommandExecutor.java:215)\r\n\tat org.openqa.selenium.remote.service.DriverCommandExecutor.invokeExecute(DriverCommandExecutor.java:216)\r\n\tat org.openqa.selenium.remote.service.DriverCommandExecutor.execute(DriverCommandExecutor.java:174)\r\n\tat org.openqa.selenium.remote.RemoteWebDriver.execute(RemoteWebDriver.java:544)\r\n\tat org.openqa.selenium.remote.ElementLocation$ElementFinder$2.findElement(ElementLocation.java:165)\r\n\tat org.openqa.selenium.remote.ElementLocation.findElement(ElementLocation.java:59)\r\n\tat org.openqa.selenium.remote.RemoteWebDriver.findElement(RemoteWebDriver.java:367)\r\n\tat org.openqa.selenium.remote.RemoteWebDriver.findElement(RemoteWebDriver.java:361)\r\n\tat utilities.Waits.lambda$0(Waits.java:37)\r\n\tat org.openqa.selenium.support.ui.FluentWait.until(FluentWait.java:203)\r\n\t... 32 more\r\n"},"stage":"finished","steps":[{"name":"Waiting for element to be present: By.xpath: //h6[text()='Personal Details']","status":"broken","statusDetails":{"known":false,"muted":false,"flaky":false,"message":"Expected condition failed: waiting for utilities.Waits$$Lambda/0x0000019c103d6d40@56fdb4db (tried for 6 second(s) with 500 milliseconds interval)","trace":"org.openqa.selenium.TimeoutException: Expected condition failed: waiting for utilities.Waits$$Lambda/0x0000019c103d6d40@56fdb4db (tried for 6 second(s) with 500 milliseconds interval)\r\n\tat org.openqa.selenium.support.ui.WebDriverWait.timeoutException(WebDriverWait.java:84)\r\n\tat org.openqa.selenium.support.ui.FluentWait.until(FluentWait.java:228)\r\n\tat utilities.Waits.waitForElementPresent(Waits.java:37)\r\n\tat utilities.Waits.lambda$1(Waits.java:46)\r\n\tat org.openqa.selenium.support.ui.FluentWait.until(FluentWait.java:203)\r\n\tat utilities.Waits.waitForElementVisible(Waits.java:45)\r\n\tat pages.myinfo.PersonalDetailsPage.<init>(PersonalDetailsPage.java:50)\r\n\tat pages.AddEmployeePage.clickSave(AddEmployeePage.java:154)\r\n\tat tests.e2e.CompleteHRWorkflowE2ETest.testCompleteHRWorkflowE2E(CompleteHRWorkflowE2ETest.java:68)\r\n\tat java.base/jdk.internal.reflect.DirectMethodHandleAccessor.invoke(DirectMethodHandleAccessor.java:103)\r\n\tat java.base/java.lang.reflect.Method.invoke(Method.java:580)\r\n\tat org.testng.internal.invokers.MethodInvocationHelper.invokeMethod(MethodInvocationHelper.java:141)\r\n\tat org.testng.internal.invokers.TestInvoker.invokeMethod(TestInvoker.java:687)\r\n\tat org.testng.internal.invokers.TestInvoker.invokeTestMethod(TestInvoker.java:230)\r\n\tat org.testng.internal.invokers.MethodRunner.runInSequence(MethodRunner.java:63)\r\n\tat org.testng.internal.invokers.TestInvoker$MethodInvocationAgent.invoke(TestInvoker.java:995)\r\n\tat org.testng.internal.invokers.TestInvoker.invokeTestMethods(TestInvoker.java:203)\r\n\tat org.testng.internal.invokers.TestMethodWorker.invokeTestMethods(TestMethodWorker.java:154)\r\n\tat org.testng.internal.invokers.TestMethodWorker.run(TestMethodWorker.java:134)\r\n\tat java.base/java.util.ArrayList.forEach(ArrayList.java:1597)\r\n\tat org.testng.TestRunner.privateRun(TestRunner.java:741)\r\n\tat org.testng.TestRunner.run(TestRunner.java:616)\r\n\tat org.testng.SuiteRunner.runTest(SuiteRunner.java:421)\r\n\tat org.testng.SuiteRunner.runSequentially(SuiteRunner.java:413)\r\n\tat org.testng.SuiteRunner.privateRun(SuiteRunner.java:373)\r\n\tat org.testng.SuiteRunner.run(SuiteRunner.java:312)\r\n\tat org.testng.SuiteRunnerWorker.runSuite(SuiteRunnerWorker.java:52)\r\n\tat org.testng.SuiteRunnerWorker.run(SuiteRunnerWorker.java:95)\r\n\tat org.testng.TestNG.runSuitesSequentially(TestNG.java:1274)\r\n\tat org.testng.TestNG.runSuitesLocally(TestNG.java:1208)\r\n\tat org.testng.TestNG.runSuites(TestNG.java:1112)\r\n\tat org.testng.TestNG.run(TestNG.java:1079)\r\n\tat com.intellij.rt.testng.IDEARemoteTestNG.run(IDEARemoteTestNG.java:65)\r\n\tat com.intellij.rt.testng.RemoteTestNGStarter.main(RemoteTestNGStarter.java:105)\r\nCaused by: org.openqa.selenium.NoSuchElementException: no such element: Unable to locate element: {\"method\":\"xpath\",\"selector\":\"//h6[text()='Personal Details']\"}\n  (Session info: chrome=138.0.7204.184)\nFor documentation on this error, please visit: https://www.selenium.dev/documentation/webdriver/troubleshooting/errors#no-such-element-exception\nBuild info: version: '4.34.0', revision: '707dcb4246*'\nSystem info: os.name: 'Windows 10', os.arch: 'amd64', os.version: '10.0', java.version: '22.0.2'\nDriver info: org.openqa.selenium.chrome.ChromeDriver\nCommand: [8c2f80e24400475c836d7a0b8ba03790, findElement {value=//h6[text()='Personal Details'], using=xpath}]\nCapabilities {acceptInsecureCerts: false, browserName: chrome, browserVersion: 138.0.7204.184, chrome: {chromedriverVersion: 138.0.7204.183 (e90faf484dd..., userDataDir: C:\\Users\\hp\\AppData\\Local\\T...}, fedcm:accounts: true, goog:chromeOptions: {debuggerAddress: localhost:63139}, networkConnectionEnabled: false, pageLoadStrategy: normal, platformName: windows, proxy: Proxy(), se:cdp: ws://localhost:63139/devtoo..., se:cdpVersion: 138.0.7204.184, setWindowRect: true, strictFileInteractability: false, timeouts: {implicit: 0, pageLoad: 300000, script: 30000}, unhandledPromptBehavior: dismiss and notify, webauthn:extension:credBlob: true, webauthn:extension:largeBlob: true, webauthn:extension:minPinLength: true, webauthn:extension:prf: true, webauthn:virtualAuthenticators: true}\nSession ID: 8c2f80e24400475c836d7a0b8ba03790\r\n\tat java.base/jdk.internal.reflect.DirectConstructorHandleAccessor.newInstance(DirectConstructorHandleAccessor.java:62)\r\n\tat java.base/java.lang.reflect.Constructor.newInstanceWithCaller(Constructor.java:502)\r\n\tat java.base/java.lang.reflect.Constructor.newInstance(Constructor.java:486)\r\n\tat org.openqa.selenium.remote.ErrorCodec.decode(ErrorCodec.java:167)\r\n\tat org.openqa.selenium.remote.codec.w3c.W3CHttpResponseCodec.decode(W3CHttpResponseCodec.java:138)\r\n\tat org.openqa.selenium.remote.codec.w3c.W3CHttpResponseCodec.decode(W3CHttpResponseCodec.java:50)\r\n\tat org.openqa.selenium.remote.HttpCommandExecutor.execute(HttpCommandExecutor.java:215)\r\n\tat org.openqa.selenium.remote.service.DriverCommandExecutor.invokeExecute(DriverCommandExecutor.java:216)\r\n\tat org.openqa.selenium.remote.service.DriverCommandExecutor.execute(DriverCommandExecutor.java:174)\r\n\tat org.openqa.selenium.remote.RemoteWebDriver.execute(RemoteWebDriver.java:544)\r\n\tat org.openqa.selenium.remote.ElementLocation$ElementFinder$2.findElement(ElementLocation.java:165)\r\n\tat org.openqa.selenium.remote.ElementLocation.findElement(ElementLocation.java:59)\r\n\tat org.openqa.selenium.remote.RemoteWebDriver.findElement(RemoteWebDriver.java:367)\r\n\tat org.openqa.selenium.remote.RemoteWebDriver.findElement(RemoteWebDriver.java:361)\r\n\tat utilities.Waits.lambda$0(Waits.java:37)\r\n\tat org.openqa.selenium.support.ui.FluentWait.until(FluentWait.java:203)\r\n\t... 32 more\r\n"},"stage":"finished","steps":[],"attachments":[],"parameters":[{"name":"locator","value":"By.xpath: //h6[text()='Personal Details']"}],"start":1754958595291,"stop":1754958601518}],"attachments":[],"parameters":[{"name":"locator","value":"By.xpath: //h6[text()='Personal Details']"}],"start":1754958595290,"stop":1754958601518}],"attachments":[],"parameters":[],"start":1754958595236,"stop":1754958601518}],"attachments":[],"parameters":[],"start":1754958564284,"stop":1754958601524}