{"uuid":"dabcb34a-b2ba-41a1-a9ba-364829f7894c","historyId":"ebd10dde60e10884d5fe9f99c9cfdf44","fullName":"tests.e2e.EmployeeOnboardingTest.testEmployeeOnboardingBasicE2E","labels":[{"name":"package","value":"tests.e2e.EmployeeOnboardingTest"},{"name":"testClass","value":"tests.e2e.EmployeeOnboardingTest"},{"name":"testMethod","value":"testEmployeeOnboardingBasicE2E"},{"name":"parentSuite","value":"E2E Test Suite"},{"name":"suite","value":"E2E Test Cases"},{"name":"subSuite","value":"tests.e2e.EmployeeOnboardingTest"},{"name":"host","value":"DESKTOP-M2GQIBG"},{"name":"thread","value":"43844@DESKTOP-M2GQIBG.TestNG-test-E2E Test Cases-1(39)"},{"name":"framework","value":"testng"},{"name":"language","value":"java"},{"name":"story","value":"Employee Onboarding - Basic Workflow"},{"name":"feature","value":"Employee Onboarding"},{"name":"epic","value":"Employee Management"},{"name":"severity","value":"critical"}],"links":[],"name":"testEmployeeOnboardingBasicE2E","status":"broken","statusDetails":{"known":false,"muted":false,"flaky":false,"message":"Expected condition failed: waiting for utilities.Waits$$Lambda/0x000002893d40dd38@333d27f2 (tried for 6 second(s) with 500 milliseconds interval)","trace":"org.openqa.selenium.TimeoutException: Expected condition failed: waiting for utilities.Waits$$Lambda/0x000002893d40dd38@333d27f2 (tried for 6 second(s) with 500 milliseconds interval)\r\n\tat org.openqa.selenium.support.ui.WebDriverWait.timeoutException(WebDriverWait.java:84)\r\n\tat org.openqa.selenium.support.ui.FluentWait.until(FluentWait.java:228)\r\n\tat utilities.Waits.waitForElementPresent(Waits.java:37)\r\n\tat utilities.Waits.lambda$waitForElementVisible$1(Waits.java:46)\r\n\tat org.openqa.selenium.support.ui.FluentWait.until(FluentWait.java:203)\r\n\tat utilities.Waits.waitForElementVisible(Waits.java:45)\r\n\tat pages.myinfo.PersonalDetailsPage.<init>(PersonalDetailsPage.java:50)\r\n\tat pages.AddEmployeePage.clickSave(AddEmployeePage.java:154)\r\n\tat tests.e2e.EmployeeOnboardingTest.testEmployeeOnboardingBasicE2E(EmployeeOnboardingTest.java:48)\r\n\tat java.base/jdk.internal.reflect.DirectMethodHandleAccessor.invoke(DirectMethodHandleAccessor.java:103)\r\n\tat java.base/java.lang.reflect.Method.invoke(Method.java:580)\r\n\tat org.testng.internal.invokers.MethodInvocationHelper.invokeMethod(MethodInvocationHelper.java:141)\r\n\tat org.testng.internal.invokers.TestInvoker.invokeMethod(TestInvoker.java:687)\r\n\tat org.testng.internal.invokers.TestInvoker.invokeTestMethod(TestInvoker.java:230)\r\n\tat org.testng.internal.invokers.MethodRunner.runInSequence(MethodRunner.java:63)\r\n\tat org.testng.internal.invokers.TestInvoker$MethodInvocationAgent.invoke(TestInvoker.java:995)\r\n\tat org.testng.internal.invokers.TestInvoker.invokeTestMethods(TestInvoker.java:203)\r\n\tat org.testng.internal.invokers.TestMethodWorker.invokeTestMethods(TestMethodWorker.java:154)\r\n\tat org.testng.internal.invokers.TestMethodWorker.run(TestMethodWorker.java:134)\r\n\tat java.base/java.util.concurrent.Executors$RunnableAdapter.call(Executors.java:572)\r\n\tat java.base/java.util.concurrent.FutureTask.run(FutureTask.java:317)\r\n\tat org.testng.internal.thread.graph.TestNGFutureTask.run(TestNGFutureTask.java:22)\r\n\tat java.base/java.util.concurrent.ThreadPoolExecutor.runWorker(ThreadPoolExecutor.java:1144)\r\n\tat java.base/java.util.concurrent.ThreadPoolExecutor$Worker.run(ThreadPoolExecutor.java:642)\r\n\tat java.base/java.lang.Thread.run(Thread.java:1570)\r\nCaused by: org.openqa.selenium.NoSuchElementException: no such element: Unable to locate element: {\"method\":\"xpath\",\"selector\":\"//h6[text()='Personal Details']\"}\n  (Session info: chrome=138.0.7204.184)\nFor documentation on this error, please visit: https://www.selenium.dev/documentation/webdriver/troubleshooting/errors#no-such-element-exception\nBuild info: version: '4.34.0', revision: '707dcb4246*'\nSystem info: os.name: 'Windows 10', os.arch: 'amd64', os.version: '10.0', java.version: '22.0.2'\nDriver info: org.openqa.selenium.chrome.ChromeDriver\nCommand: [3c6cd018a8cec1fa58bedde1f723a655, findElement {using=xpath, value=//h6[text()='Personal Details']}]\nCapabilities {acceptInsecureCerts: false, browserName: chrome, browserVersion: 138.0.7204.184, chrome: {chromedriverVersion: 138.0.7204.183 (e90faf484dd..., userDataDir: C:\\Users\\hp\\AppData\\Local\\T...}, fedcm:accounts: true, goog:chromeOptions: {debuggerAddress: localhost:57034}, networkConnectionEnabled: false, pageLoadStrategy: normal, platformName: windows, proxy: Proxy(), se:cdp: ws://localhost:57034/devtoo..., se:cdpVersion: 138.0.7204.184, setWindowRect: true, strictFileInteractability: false, timeouts: {implicit: 0, pageLoad: 300000, script: 30000}, unhandledPromptBehavior: dismiss and notify, webauthn:extension:credBlob: true, webauthn:extension:largeBlob: true, webauthn:extension:minPinLength: true, webauthn:extension:prf: true, webauthn:virtualAuthenticators: true}\nSession ID: 3c6cd018a8cec1fa58bedde1f723a655\r\n\tat java.base/jdk.internal.reflect.DirectConstructorHandleAccessor.newInstance(DirectConstructorHandleAccessor.java:62)\r\n\tat java.base/java.lang.reflect.Constructor.newInstanceWithCaller(Constructor.java:502)\r\n\tat java.base/java.lang.reflect.Constructor.newInstance(Constructor.java:486)\r\n\tat org.openqa.selenium.remote.ErrorCodec.decode(ErrorCodec.java:167)\r\n\tat org.openqa.selenium.remote.codec.w3c.W3CHttpResponseCodec.decode(W3CHttpResponseCodec.java:138)\r\n\tat org.openqa.selenium.remote.codec.w3c.W3CHttpResponseCodec.decode(W3CHttpResponseCodec.java:50)\r\n\tat org.openqa.selenium.remote.HttpCommandExecutor.execute(HttpCommandExecutor.java:215)\r\n\tat org.openqa.selenium.remote.service.DriverCommandExecutor.invokeExecute(DriverCommandExecutor.java:216)\r\n\tat org.openqa.selenium.remote.service.DriverCommandExecutor.execute(DriverCommandExecutor.java:174)\r\n\tat org.openqa.selenium.remote.RemoteWebDriver.execute(RemoteWebDriver.java:544)\r\n\tat org.openqa.selenium.remote.ElementLocation$ElementFinder$2.findElement(ElementLocation.java:165)\r\n\tat org.openqa.selenium.remote.ElementLocation.findElement(ElementLocation.java:59)\r\n\tat org.openqa.selenium.remote.RemoteWebDriver.findElement(RemoteWebDriver.java:367)\r\n\tat org.openqa.selenium.remote.RemoteWebDriver.findElement(RemoteWebDriver.java:361)\r\n\tat utilities.Waits.lambda$waitForElementPresent$0(Waits.java:37)\r\n\tat org.openqa.selenium.support.ui.FluentWait.until(FluentWait.java:203)\r\n\t... 23 more\r\n"},"stage":"finished","description":"E2E Scenario 1: Login → Add Employee → Personal Details → Contact Details → Dependents → Logout","steps":[{"name":"Navigate to OrangeHRM login page","status":"passed","stage":"finished","steps":[{"name":"Navigating to URL: https://opensource-demo.orangehrmlive.com/","status":"passed","stage":"finished","steps":[],"attachments":[],"parameters":[{"name":"url","value":"https://opensource-demo.orangehrmlive.com/"}],"start":1754889224553,"stop":1754889227836},{"name":"Waiting for element to be visible: By.cssSelector: div.orangehrm-login-form","status":"passed","stage":"finished","steps":[{"name":"Waiting for element to be present: By.cssSelector: div.orangehrm-login-form","status":"passed","stage":"finished","steps":[],"attachments":[],"parameters":[{"name":"locator","value":"By.cssSelector: div.orangehrm-login-form"}],"start":1754889227840,"stop":1754889228400}],"attachments":[],"parameters":[{"name":"locator","value":"By.cssSelector: div.orangehrm-login-form"}],"start":1754889227837,"stop":1754889228425}],"attachments":[],"parameters":[],"start":1754889224549,"stop":1754889228425},{"name":"Perform login with username: Admin and password: admin123","status":"passed","stage":"finished","steps":[{"name":"Enter username: Admin","status":"passed","stage":"finished","steps":[{"name":"Clearing field reliably: By.name: username","status":"passed","stage":"finished","steps":[],"attachments":[],"parameters":[{"name":"locator","value":"By.name: username"}],"start":1754889228426,"stop":1754889228620},{"name":"Sending data: Admin to the element: By.name: username","status":"passed","stage":"finished","steps":[],"attachments":[],"parameters":[{"name":"locator","value":"By.name: username"},{"name":"data","value":"Admin"}],"start":1754889228621,"stop":1754889228666}],"attachments":[],"parameters":[{"name":"username","value":"Admin"}],"start":1754889228425,"stop":1754889228666},{"name":"Enter password: admin123","status":"passed","stage":"finished","steps":[{"name":"Clearing field reliably: By.name: password","status":"passed","stage":"finished","steps":[],"attachments":[],"parameters":[{"name":"locator","value":"By.name: password"}],"start":1754889228667,"stop":1754889228822},{"name":"Sending data: admin123 to the element: By.name: password","status":"passed","stage":"finished","steps":[],"attachments":[],"parameters":[{"name":"locator","value":"By.name: password"},{"name":"data","value":"admin123"}],"start":1754889228822,"stop":1754889228873}],"attachments":[],"parameters":[{"name":"password","value":"admin123"}],"start":1754889228667,"stop":1754889228873},{"name":"Click login button","status":"passed","stage":"finished","steps":[{"name":"Clicking on the element: By.cssSelector: button.orangehrm-login-button","status":"passed","stage":"finished","steps":[],"attachments":[],"parameters":[{"name":"locator","value":"By.cssSelector: button.orangehrm-login-button"}],"start":1754889228874,"stop":1754889228949}],"attachments":[],"parameters":[],"start":1754889228873,"stop":1754889228949},{"name":"Assert successful login","status":"passed","stage":"finished","steps":[{"name":"Waiting for 2 seconds","status":"passed","stage":"finished","steps":[],"attachments":[],"parameters":[{"name":"seconds","value":"2"}],"start":1754889228951,"stop":1754889230961},{"name":"Validate Page Url: https://opensource-demo.orangehrmlive.com/web/index.php/dashboard/index","status":"passed","stage":"finished","steps":[{"name":"Getting current URL","status":"passed","stage":"finished","steps":[],"attachments":[],"parameters":[],"start":1754889230962,"stop":1754889231066}],"attachments":[],"parameters":[{"name":"expected","value":"https://opensource-demo.orangehrmlive.com/web/index.php/dashboard/index"}],"start":1754889230962,"stop":1754889231077}],"attachments":[],"parameters":[],"start":1754889228950,"stop":1754889232319}],"attachments":[],"parameters":[{"name":"username","value":"Admin"},{"name":"password","value":"admin123"}],"start":1754889228425,"stop":1754889232319},{"name":"Navigate to PIM page","status":"passed","stage":"finished","steps":[{"name":"Navigate to page: PIM","status":"passed","stage":"finished","steps":[{"name":"Waiting for element to be visible: By.xpath: //a[contains(@href,'pim')]","status":"passed","stage":"finished","steps":[{"name":"Waiting for element to be present: By.xpath: //a[contains(@href,'pim')]","status":"passed","stage":"finished","steps":[],"attachments":[],"parameters":[{"name":"locator","value":"By.xpath: //a[contains(@href,'pim')]"}],"start":1754889232334,"stop":1754889232417}],"attachments":[],"parameters":[{"name":"locator","value":"By.xpath: //a[contains(@href,'pim')]"}],"start":1754889232332,"stop":1754889232464},{"name":"Waiting for element to be visible: By.xpath: //h6[contains(@class,'oxd-text--h6') and text()='PIM']","status":"passed","stage":"finished","steps":[{"name":"Waiting for element to be present: By.xpath: //h6[contains(@class,'oxd-text--h6') and text()='PIM']","status":"passed","stage":"finished","steps":[],"attachments":[],"parameters":[{"name":"locator","value":"By.xpath: //h6[contains(@class,'oxd-text--h6') and text()='PIM']"}],"start":1754889233889,"stop":1754889234432}],"attachments":[],"parameters":[{"name":"locator","value":"By.xpath: //h6[contains(@class,'oxd-text--h6') and text()='PIM']"}],"start":1754889233888,"stop":1754889234442}],"attachments":[],"parameters":[{"name":"menuLocator","value":"By.xpath: //a[contains(@href,'pim')]"},{"name":"pageName","value":"PIM"}],"start":1754889232331,"stop":1754889234442},{"name":"Waiting for element to be visible: By.xpath: //h6[text()='PIM']","status":"passed","stage":"finished","steps":[{"name":"Waiting for element to be present: By.xpath: //h6[text()='PIM']","status":"passed","stage":"finished","steps":[],"attachments":[],"parameters":[{"name":"locator","value":"By.xpath: //h6[text()='PIM']"}],"start":1754889234452,"stop":1754889234467}],"attachments":[],"parameters":[{"name":"locator","value":"By.xpath: //h6[text()='PIM']"}],"start":1754889234451,"stop":1754889234478}],"attachments":[],"parameters":[],"start":1754889232321,"stop":1754889234478},{"name":"Click add employee button","status":"passed","stage":"finished","steps":[{"name":"Clicking on the element: By.xpath: //button[normalize-space()='Add']","status":"passed","stage":"finished","steps":[],"attachments":[],"parameters":[{"name":"locator","value":"By.xpath: //button[normalize-space()='Add']"}],"start":1754889234478,"stop":1754889235368},{"name":"Waiting for element to be visible: By.xpath: //h6[text()='Add Employee']","status":"passed","stage":"finished","steps":[{"name":"Waiting for element to be present: By.xpath: //h6[text()='Add Employee']","status":"passed","stage":"finished","steps":[],"attachments":[],"parameters":[{"name":"locator","value":"By.xpath: //h6[text()='Add Employee']"}],"start":1754889235376,"stop":1754889236048}],"attachments":[],"parameters":[{"name":"locator","value":"By.xpath: //h6[text()='Add Employee']"}],"start":1754889235374,"stop":1754889236090}],"attachments":[],"parameters":[],"start":1754889234478,"stop":1754889236090},{"name":"Enter first name: John","status":"passed","stage":"finished","steps":[{"name":"Clearing field reliably: By.name: firstName","status":"passed","stage":"finished","steps":[],"attachments":[],"parameters":[{"name":"locator","value":"By.name: firstName"}],"start":1754889236092,"stop":1754889236566},{"name":"Sending data: John to the element: By.name: firstName","status":"passed","stage":"finished","steps":[],"attachments":[],"parameters":[{"name":"locator","value":"By.name: firstName"},{"name":"data","value":"John"}],"start":1754889236567,"stop":1754889236655}],"attachments":[],"parameters":[{"name":"firstName","value":"John"}],"start":1754889236091,"stop":1754889236655},{"name":"Enter last name: Doe","status":"passed","stage":"finished","steps":[{"name":"Clearing field reliably: By.name: lastName","status":"passed","stage":"finished","steps":[],"attachments":[],"parameters":[{"name":"locator","value":"By.name: lastName"}],"start":1754889236656,"stop":1754889236816},{"name":"Sending data: Doe to the element: By.name: lastName","status":"passed","stage":"finished","steps":[],"attachments":[],"parameters":[{"name":"locator","value":"By.name: lastName"},{"name":"data","value":"Doe"}],"start":1754889236816,"stop":1754889236861}],"attachments":[],"parameters":[{"name":"lastName","value":"Doe"}],"start":1754889236656,"stop":1754889236861},{"name":"Enter employee ID: EPM0054","status":"passed","stage":"finished","steps":[{"name":"Clearing field reliably: By.xpath: //label[text()='Employee Id']/following::input[1]","status":"passed","stage":"finished","steps":[],"attachments":[],"parameters":[{"name":"locator","value":"By.xpath: //label[text()='Employee Id']/following::input[1]"}],"start":1754889236861,"stop":1754889237000},{"name":"Sending data: EPM0054 to the element: By.xpath: //label[text()='Employee Id']/following::input[1]","status":"passed","stage":"finished","steps":[],"attachments":[],"parameters":[{"name":"locator","value":"By.xpath: //label[text()='Employee Id']/following::input[1]"},{"name":"data","value":"EPM0054"}],"start":1754889237001,"stop":1754889237052}],"attachments":[],"parameters":[{"name":"empId","value":"EPM0054"}],"start":1754889236861,"stop":1754889237052},{"name":"Click save button","status":"broken","statusDetails":{"known":false,"muted":false,"flaky":false,"message":"Expected condition failed: waiting for utilities.Waits$$Lambda/0x000002893d40dd38@333d27f2 (tried for 6 second(s) with 500 milliseconds interval)","trace":"org.openqa.selenium.TimeoutException: Expected condition failed: waiting for utilities.Waits$$Lambda/0x000002893d40dd38@333d27f2 (tried for 6 second(s) with 500 milliseconds interval)\r\n\tat org.openqa.selenium.support.ui.WebDriverWait.timeoutException(WebDriverWait.java:84)\r\n\tat org.openqa.selenium.support.ui.FluentWait.until(FluentWait.java:228)\r\n\tat utilities.Waits.waitForElementPresent(Waits.java:37)\r\n\tat utilities.Waits.lambda$waitForElementVisible$1(Waits.java:46)\r\n\tat org.openqa.selenium.support.ui.FluentWait.until(FluentWait.java:203)\r\n\tat utilities.Waits.waitForElementVisible(Waits.java:45)\r\n\tat pages.myinfo.PersonalDetailsPage.<init>(PersonalDetailsPage.java:50)\r\n\tat pages.AddEmployeePage.clickSave(AddEmployeePage.java:154)\r\n\tat tests.e2e.EmployeeOnboardingTest.testEmployeeOnboardingBasicE2E(EmployeeOnboardingTest.java:48)\r\n\tat java.base/jdk.internal.reflect.DirectMethodHandleAccessor.invoke(DirectMethodHandleAccessor.java:103)\r\n\tat java.base/java.lang.reflect.Method.invoke(Method.java:580)\r\n\tat org.testng.internal.invokers.MethodInvocationHelper.invokeMethod(MethodInvocationHelper.java:141)\r\n\tat org.testng.internal.invokers.TestInvoker.invokeMethod(TestInvoker.java:687)\r\n\tat org.testng.internal.invokers.TestInvoker.invokeTestMethod(TestInvoker.java:230)\r\n\tat org.testng.internal.invokers.MethodRunner.runInSequence(MethodRunner.java:63)\r\n\tat org.testng.internal.invokers.TestInvoker$MethodInvocationAgent.invoke(TestInvoker.java:995)\r\n\tat org.testng.internal.invokers.TestInvoker.invokeTestMethods(TestInvoker.java:203)\r\n\tat org.testng.internal.invokers.TestMethodWorker.invokeTestMethods(TestMethodWorker.java:154)\r\n\tat org.testng.internal.invokers.TestMethodWorker.run(TestMethodWorker.java:134)\r\n\tat java.base/java.util.concurrent.Executors$RunnableAdapter.call(Executors.java:572)\r\n\tat java.base/java.util.concurrent.FutureTask.run(FutureTask.java:317)\r\n\tat org.testng.internal.thread.graph.TestNGFutureTask.run(TestNGFutureTask.java:22)\r\n\tat java.base/java.util.concurrent.ThreadPoolExecutor.runWorker(ThreadPoolExecutor.java:1144)\r\n\tat java.base/java.util.concurrent.ThreadPoolExecutor$Worker.run(ThreadPoolExecutor.java:642)\r\n\tat java.base/java.lang.Thread.run(Thread.java:1570)\r\nCaused by: org.openqa.selenium.NoSuchElementException: no such element: Unable to locate element: {\"method\":\"xpath\",\"selector\":\"//h6[text()='Personal Details']\"}\n  (Session info: chrome=138.0.7204.184)\nFor documentation on this error, please visit: https://www.selenium.dev/documentation/webdriver/troubleshooting/errors#no-such-element-exception\nBuild info: version: '4.34.0', revision: '707dcb4246*'\nSystem info: os.name: 'Windows 10', os.arch: 'amd64', os.version: '10.0', java.version: '22.0.2'\nDriver info: org.openqa.selenium.chrome.ChromeDriver\nCommand: [3c6cd018a8cec1fa58bedde1f723a655, findElement {using=xpath, value=//h6[text()='Personal Details']}]\nCapabilities {acceptInsecureCerts: false, browserName: chrome, browserVersion: 138.0.7204.184, chrome: {chromedriverVersion: 138.0.7204.183 (e90faf484dd..., userDataDir: C:\\Users\\hp\\AppData\\Local\\T...}, fedcm:accounts: true, goog:chromeOptions: {debuggerAddress: localhost:57034}, networkConnectionEnabled: false, pageLoadStrategy: normal, platformName: windows, proxy: Proxy(), se:cdp: ws://localhost:57034/devtoo..., se:cdpVersion: 138.0.7204.184, setWindowRect: true, strictFileInteractability: false, timeouts: {implicit: 0, pageLoad: 300000, script: 30000}, unhandledPromptBehavior: dismiss and notify, webauthn:extension:credBlob: true, webauthn:extension:largeBlob: true, webauthn:extension:minPinLength: true, webauthn:extension:prf: true, webauthn:virtualAuthenticators: true}\nSession ID: 3c6cd018a8cec1fa58bedde1f723a655\r\n\tat java.base/jdk.internal.reflect.DirectConstructorHandleAccessor.newInstance(DirectConstructorHandleAccessor.java:62)\r\n\tat java.base/java.lang.reflect.Constructor.newInstanceWithCaller(Constructor.java:502)\r\n\tat java.base/java.lang.reflect.Constructor.newInstance(Constructor.java:486)\r\n\tat org.openqa.selenium.remote.ErrorCodec.decode(ErrorCodec.java:167)\r\n\tat org.openqa.selenium.remote.codec.w3c.W3CHttpResponseCodec.decode(W3CHttpResponseCodec.java:138)\r\n\tat org.openqa.selenium.remote.codec.w3c.W3CHttpResponseCodec.decode(W3CHttpResponseCodec.java:50)\r\n\tat org.openqa.selenium.remote.HttpCommandExecutor.execute(HttpCommandExecutor.java:215)\r\n\tat org.openqa.selenium.remote.service.DriverCommandExecutor.invokeExecute(DriverCommandExecutor.java:216)\r\n\tat org.openqa.selenium.remote.service.DriverCommandExecutor.execute(DriverCommandExecutor.java:174)\r\n\tat org.openqa.selenium.remote.RemoteWebDriver.execute(RemoteWebDriver.java:544)\r\n\tat org.openqa.selenium.remote.ElementLocation$ElementFinder$2.findElement(ElementLocation.java:165)\r\n\tat org.openqa.selenium.remote.ElementLocation.findElement(ElementLocation.java:59)\r\n\tat org.openqa.selenium.remote.RemoteWebDriver.findElement(RemoteWebDriver.java:367)\r\n\tat org.openqa.selenium.remote.RemoteWebDriver.findElement(RemoteWebDriver.java:361)\r\n\tat utilities.Waits.lambda$waitForElementPresent$0(Waits.java:37)\r\n\tat org.openqa.selenium.support.ui.FluentWait.until(FluentWait.java:203)\r\n\t... 23 more\r\n"},"stage":"finished","steps":[{"name":"Clicking on the element: By.cssSelector: button[type='submit']","status":"passed","stage":"finished","steps":[],"attachments":[],"parameters":[{"name":"locator","value":"By.cssSelector: button[type='submit']"}],"start":1754889237052,"stop":1754889237133},{"name":"Waiting for element to be visible: By.xpath: //h6[text()='Personal Details']","status":"broken","statusDetails":{"known":false,"muted":false,"flaky":false,"message":"Expected condition failed: waiting for utilities.Waits$$Lambda/0x000002893d40dd38@333d27f2 (tried for 6 second(s) with 500 milliseconds interval)","trace":"org.openqa.selenium.TimeoutException: Expected condition failed: waiting for utilities.Waits$$Lambda/0x000002893d40dd38@333d27f2 (tried for 6 second(s) with 500 milliseconds interval)\r\n\tat org.openqa.selenium.support.ui.WebDriverWait.timeoutException(WebDriverWait.java:84)\r\n\tat org.openqa.selenium.support.ui.FluentWait.until(FluentWait.java:228)\r\n\tat utilities.Waits.waitForElementPresent(Waits.java:37)\r\n\tat utilities.Waits.lambda$waitForElementVisible$1(Waits.java:46)\r\n\tat org.openqa.selenium.support.ui.FluentWait.until(FluentWait.java:203)\r\n\tat utilities.Waits.waitForElementVisible(Waits.java:45)\r\n\tat pages.myinfo.PersonalDetailsPage.<init>(PersonalDetailsPage.java:50)\r\n\tat pages.AddEmployeePage.clickSave(AddEmployeePage.java:154)\r\n\tat tests.e2e.EmployeeOnboardingTest.testEmployeeOnboardingBasicE2E(EmployeeOnboardingTest.java:48)\r\n\tat java.base/jdk.internal.reflect.DirectMethodHandleAccessor.invoke(DirectMethodHandleAccessor.java:103)\r\n\tat java.base/java.lang.reflect.Method.invoke(Method.java:580)\r\n\tat org.testng.internal.invokers.MethodInvocationHelper.invokeMethod(MethodInvocationHelper.java:141)\r\n\tat org.testng.internal.invokers.TestInvoker.invokeMethod(TestInvoker.java:687)\r\n\tat org.testng.internal.invokers.TestInvoker.invokeTestMethod(TestInvoker.java:230)\r\n\tat org.testng.internal.invokers.MethodRunner.runInSequence(MethodRunner.java:63)\r\n\tat org.testng.internal.invokers.TestInvoker$MethodInvocationAgent.invoke(TestInvoker.java:995)\r\n\tat org.testng.internal.invokers.TestInvoker.invokeTestMethods(TestInvoker.java:203)\r\n\tat org.testng.internal.invokers.TestMethodWorker.invokeTestMethods(TestMethodWorker.java:154)\r\n\tat org.testng.internal.invokers.TestMethodWorker.run(TestMethodWorker.java:134)\r\n\tat java.base/java.util.concurrent.Executors$RunnableAdapter.call(Executors.java:572)\r\n\tat java.base/java.util.concurrent.FutureTask.run(FutureTask.java:317)\r\n\tat org.testng.internal.thread.graph.TestNGFutureTask.run(TestNGFutureTask.java:22)\r\n\tat java.base/java.util.concurrent.ThreadPoolExecutor.runWorker(ThreadPoolExecutor.java:1144)\r\n\tat java.base/java.util.concurrent.ThreadPoolExecutor$Worker.run(ThreadPoolExecutor.java:642)\r\n\tat java.base/java.lang.Thread.run(Thread.java:1570)\r\nCaused by: org.openqa.selenium.NoSuchElementException: no such element: Unable to locate element: {\"method\":\"xpath\",\"selector\":\"//h6[text()='Personal Details']\"}\n  (Session info: chrome=138.0.7204.184)\nFor documentation on this error, please visit: https://www.selenium.dev/documentation/webdriver/troubleshooting/errors#no-such-element-exception\nBuild info: version: '4.34.0', revision: '707dcb4246*'\nSystem info: os.name: 'Windows 10', os.arch: 'amd64', os.version: '10.0', java.version: '22.0.2'\nDriver info: org.openqa.selenium.chrome.ChromeDriver\nCommand: [3c6cd018a8cec1fa58bedde1f723a655, findElement {using=xpath, value=//h6[text()='Personal Details']}]\nCapabilities {acceptInsecureCerts: false, browserName: chrome, browserVersion: 138.0.7204.184, chrome: {chromedriverVersion: 138.0.7204.183 (e90faf484dd..., userDataDir: C:\\Users\\hp\\AppData\\Local\\T...}, fedcm:accounts: true, goog:chromeOptions: {debuggerAddress: localhost:57034}, networkConnectionEnabled: false, pageLoadStrategy: normal, platformName: windows, proxy: Proxy(), se:cdp: ws://localhost:57034/devtoo..., se:cdpVersion: 138.0.7204.184, setWindowRect: true, strictFileInteractability: false, timeouts: {implicit: 0, pageLoad: 300000, script: 30000}, unhandledPromptBehavior: dismiss and notify, webauthn:extension:credBlob: true, webauthn:extension:largeBlob: true, webauthn:extension:minPinLength: true, webauthn:extension:prf: true, webauthn:virtualAuthenticators: true}\nSession ID: 3c6cd018a8cec1fa58bedde1f723a655\r\n\tat java.base/jdk.internal.reflect.DirectConstructorHandleAccessor.newInstance(DirectConstructorHandleAccessor.java:62)\r\n\tat java.base/java.lang.reflect.Constructor.newInstanceWithCaller(Constructor.java:502)\r\n\tat java.base/java.lang.reflect.Constructor.newInstance(Constructor.java:486)\r\n\tat org.openqa.selenium.remote.ErrorCodec.decode(ErrorCodec.java:167)\r\n\tat org.openqa.selenium.remote.codec.w3c.W3CHttpResponseCodec.decode(W3CHttpResponseCodec.java:138)\r\n\tat org.openqa.selenium.remote.codec.w3c.W3CHttpResponseCodec.decode(W3CHttpResponseCodec.java:50)\r\n\tat org.openqa.selenium.remote.HttpCommandExecutor.execute(HttpCommandExecutor.java:215)\r\n\tat org.openqa.selenium.remote.service.DriverCommandExecutor.invokeExecute(DriverCommandExecutor.java:216)\r\n\tat org.openqa.selenium.remote.service.DriverCommandExecutor.execute(DriverCommandExecutor.java:174)\r\n\tat org.openqa.selenium.remote.RemoteWebDriver.execute(RemoteWebDriver.java:544)\r\n\tat org.openqa.selenium.remote.ElementLocation$ElementFinder$2.findElement(ElementLocation.java:165)\r\n\tat org.openqa.selenium.remote.ElementLocation.findElement(ElementLocation.java:59)\r\n\tat org.openqa.selenium.remote.RemoteWebDriver.findElement(RemoteWebDriver.java:367)\r\n\tat org.openqa.selenium.remote.RemoteWebDriver.findElement(RemoteWebDriver.java:361)\r\n\tat utilities.Waits.lambda$waitForElementPresent$0(Waits.java:37)\r\n\tat org.openqa.selenium.support.ui.FluentWait.until(FluentWait.java:203)\r\n\t... 23 more\r\n"},"stage":"finished","steps":[{"name":"Waiting for element to be present: By.xpath: //h6[text()='Personal Details']","status":"broken","statusDetails":{"known":false,"muted":false,"flaky":false,"message":"Expected condition failed: waiting for utilities.Waits$$Lambda/0x000002893d40dd38@333d27f2 (tried for 6 second(s) with 500 milliseconds interval)","trace":"org.openqa.selenium.TimeoutException: Expected condition failed: waiting for utilities.Waits$$Lambda/0x000002893d40dd38@333d27f2 (tried for 6 second(s) with 500 milliseconds interval)\r\n\tat org.openqa.selenium.support.ui.WebDriverWait.timeoutException(WebDriverWait.java:84)\r\n\tat org.openqa.selenium.support.ui.FluentWait.until(FluentWait.java:228)\r\n\tat utilities.Waits.waitForElementPresent(Waits.java:37)\r\n\tat utilities.Waits.lambda$waitForElementVisible$1(Waits.java:46)\r\n\tat org.openqa.selenium.support.ui.FluentWait.until(FluentWait.java:203)\r\n\tat utilities.Waits.waitForElementVisible(Waits.java:45)\r\n\tat pages.myinfo.PersonalDetailsPage.<init>(PersonalDetailsPage.java:50)\r\n\tat pages.AddEmployeePage.clickSave(AddEmployeePage.java:154)\r\n\tat tests.e2e.EmployeeOnboardingTest.testEmployeeOnboardingBasicE2E(EmployeeOnboardingTest.java:48)\r\n\tat java.base/jdk.internal.reflect.DirectMethodHandleAccessor.invoke(DirectMethodHandleAccessor.java:103)\r\n\tat java.base/java.lang.reflect.Method.invoke(Method.java:580)\r\n\tat org.testng.internal.invokers.MethodInvocationHelper.invokeMethod(MethodInvocationHelper.java:141)\r\n\tat org.testng.internal.invokers.TestInvoker.invokeMethod(TestInvoker.java:687)\r\n\tat org.testng.internal.invokers.TestInvoker.invokeTestMethod(TestInvoker.java:230)\r\n\tat org.testng.internal.invokers.MethodRunner.runInSequence(MethodRunner.java:63)\r\n\tat org.testng.internal.invokers.TestInvoker$MethodInvocationAgent.invoke(TestInvoker.java:995)\r\n\tat org.testng.internal.invokers.TestInvoker.invokeTestMethods(TestInvoker.java:203)\r\n\tat org.testng.internal.invokers.TestMethodWorker.invokeTestMethods(TestMethodWorker.java:154)\r\n\tat org.testng.internal.invokers.TestMethodWorker.run(TestMethodWorker.java:134)\r\n\tat java.base/java.util.concurrent.Executors$RunnableAdapter.call(Executors.java:572)\r\n\tat java.base/java.util.concurrent.FutureTask.run(FutureTask.java:317)\r\n\tat org.testng.internal.thread.graph.TestNGFutureTask.run(TestNGFutureTask.java:22)\r\n\tat java.base/java.util.concurrent.ThreadPoolExecutor.runWorker(ThreadPoolExecutor.java:1144)\r\n\tat java.base/java.util.concurrent.ThreadPoolExecutor$Worker.run(ThreadPoolExecutor.java:642)\r\n\tat java.base/java.lang.Thread.run(Thread.java:1570)\r\nCaused by: org.openqa.selenium.NoSuchElementException: no such element: Unable to locate element: {\"method\":\"xpath\",\"selector\":\"//h6[text()='Personal Details']\"}\n  (Session info: chrome=138.0.7204.184)\nFor documentation on this error, please visit: https://www.selenium.dev/documentation/webdriver/troubleshooting/errors#no-such-element-exception\nBuild info: version: '4.34.0', revision: '707dcb4246*'\nSystem info: os.name: 'Windows 10', os.arch: 'amd64', os.version: '10.0', java.version: '22.0.2'\nDriver info: org.openqa.selenium.chrome.ChromeDriver\nCommand: [3c6cd018a8cec1fa58bedde1f723a655, findElement {using=xpath, value=//h6[text()='Personal Details']}]\nCapabilities {acceptInsecureCerts: false, browserName: chrome, browserVersion: 138.0.7204.184, chrome: {chromedriverVersion: 138.0.7204.183 (e90faf484dd..., userDataDir: C:\\Users\\hp\\AppData\\Local\\T...}, fedcm:accounts: true, goog:chromeOptions: {debuggerAddress: localhost:57034}, networkConnectionEnabled: false, pageLoadStrategy: normal, platformName: windows, proxy: Proxy(), se:cdp: ws://localhost:57034/devtoo..., se:cdpVersion: 138.0.7204.184, setWindowRect: true, strictFileInteractability: false, timeouts: {implicit: 0, pageLoad: 300000, script: 30000}, unhandledPromptBehavior: dismiss and notify, webauthn:extension:credBlob: true, webauthn:extension:largeBlob: true, webauthn:extension:minPinLength: true, webauthn:extension:prf: true, webauthn:virtualAuthenticators: true}\nSession ID: 3c6cd018a8cec1fa58bedde1f723a655\r\n\tat java.base/jdk.internal.reflect.DirectConstructorHandleAccessor.newInstance(DirectConstructorHandleAccessor.java:62)\r\n\tat java.base/java.lang.reflect.Constructor.newInstanceWithCaller(Constructor.java:502)\r\n\tat java.base/java.lang.reflect.Constructor.newInstance(Constructor.java:486)\r\n\tat org.openqa.selenium.remote.ErrorCodec.decode(ErrorCodec.java:167)\r\n\tat org.openqa.selenium.remote.codec.w3c.W3CHttpResponseCodec.decode(W3CHttpResponseCodec.java:138)\r\n\tat org.openqa.selenium.remote.codec.w3c.W3CHttpResponseCodec.decode(W3CHttpResponseCodec.java:50)\r\n\tat org.openqa.selenium.remote.HttpCommandExecutor.execute(HttpCommandExecutor.java:215)\r\n\tat org.openqa.selenium.remote.service.DriverCommandExecutor.invokeExecute(DriverCommandExecutor.java:216)\r\n\tat org.openqa.selenium.remote.service.DriverCommandExecutor.execute(DriverCommandExecutor.java:174)\r\n\tat org.openqa.selenium.remote.RemoteWebDriver.execute(RemoteWebDriver.java:544)\r\n\tat org.openqa.selenium.remote.ElementLocation$ElementFinder$2.findElement(ElementLocation.java:165)\r\n\tat org.openqa.selenium.remote.ElementLocation.findElement(ElementLocation.java:59)\r\n\tat org.openqa.selenium.remote.RemoteWebDriver.findElement(RemoteWebDriver.java:367)\r\n\tat org.openqa.selenium.remote.RemoteWebDriver.findElement(RemoteWebDriver.java:361)\r\n\tat utilities.Waits.lambda$waitForElementPresent$0(Waits.java:37)\r\n\tat org.openqa.selenium.support.ui.FluentWait.until(FluentWait.java:203)\r\n\t... 23 more\r\n"},"stage":"finished","steps":[],"attachments":[],"parameters":[{"name":"locator","value":"By.xpath: //h6[text()='Personal Details']"}],"start":1754889237137,"stop":1754889243567}],"attachments":[],"parameters":[{"name":"locator","value":"By.xpath: //h6[text()='Personal Details']"}],"start":1754889237136,"stop":1754889243567}],"attachments":[],"parameters":[],"start":1754889237052,"stop":1754889243568}],"attachments":[{"name":"Screenshot","source":"f9fb8bdd-1029-4996-8aed-a65293450745-attachment.png","type":"image/png"}],"parameters":[{"name":"browser","value":"chrome"}],"start":1754889224515,"stop":1754889248875}