{"uuid":"f5f3ac60-502b-43e3-aed1-f1f9486cc363","historyId":"c75dbb0e0235af14f371020c10d03343","fullName":"tests.e2e.LeaveManagementE2ETest.testLeaveSearchErrorHandlingE2E","labels":[{"name":"package","value":"tests.e2e.LeaveManagementE2ETest"},{"name":"testClass","value":"tests.e2e.LeaveManagementE2ETest"},{"name":"testMethod","value":"testLeaveSearchErrorHandlingE2E"},{"name":"parentSuite","value":"Default Suite"},{"name":"suite","value":"OrangeHRM-Automation"},{"name":"subSuite","value":"tests.e2e.LeaveManagementE2ETest"},{"name":"host","value":"DESKTOP-M2GQIBG"},{"name":"thread","value":"18860@DESKTOP-M2GQIBG.main(1)"},{"name":"framework","value":"testng"},{"name":"language","value":"java"},{"name":"story","value":"Leave Management - Error Handling Workflow"},{"name":"feature","value":"Leave Search and Management"},{"name":"epic","value":"Leave Management"},{"name":"severity","value":"critical"}],"links":[],"name":"testLeaveSearchErrorHandlingE2E","status":"broken","statusDetails":{"known":false,"muted":false,"flaky":false,"message":"Expected condition failed: waiting for utilities.Waits$$Lambda/0x0000029a963d66b8@6c6c7ee5 (tried for 6 second(s) with 500 milliseconds interval)","trace":"org.openqa.selenium.TimeoutException: Expected condition failed: waiting for utilities.Waits$$Lambda/0x0000029a963d66b8@6c6c7ee5 (tried for 6 second(s) with 500 milliseconds interval)\r\n\tat org.openqa.selenium.support.ui.WebDriverWait.timeoutException(WebDriverWait.java:84)\r\n\tat org.openqa.selenium.support.ui.FluentWait.until(FluentWait.java:228)\r\n\tat utilities.Waits.waitForElementPresent(Waits.java:37)\r\n\tat utilities.Waits.lambda$waitForElementVisible$1(Waits.java:46)\r\n\tat org.openqa.selenium.support.ui.FluentWait.until(FluentWait.java:203)\r\n\tat utilities.Waits.waitForElementVisible(Waits.java:45)\r\n\tat pages.LeavePage.enterEmployeeName(LeavePage.java:77)\r\n\tat pages.LeavePage.searchLeave(LeavePage.java:138)\r\n\tat tests.e2e.LeaveManagementE2ETest.testLeaveSearchErrorHandlingE2E(LeaveManagementE2ETest.java:88)\r\n\tat java.base/jdk.internal.reflect.DirectMethodHandleAccessor.invoke(DirectMethodHandleAccessor.java:103)\r\n\tat java.base/java.lang.reflect.Method.invoke(Method.java:580)\r\n\tat org.testng.internal.invokers.MethodInvocationHelper.invokeMethod(MethodInvocationHelper.java:141)\r\n\tat org.testng.internal.invokers.TestInvoker.invokeMethod(TestInvoker.java:687)\r\n\tat org.testng.internal.invokers.TestInvoker.invokeTestMethod(TestInvoker.java:230)\r\n\tat org.testng.internal.invokers.MethodRunner.runInSequence(MethodRunner.java:63)\r\n\tat org.testng.internal.invokers.TestInvoker$MethodInvocationAgent.invoke(TestInvoker.java:995)\r\n\tat org.testng.internal.invokers.TestInvoker.invokeTestMethods(TestInvoker.java:203)\r\n\tat org.testng.internal.invokers.TestMethodWorker.invokeTestMethods(TestMethodWorker.java:154)\r\n\tat org.testng.internal.invokers.TestMethodWorker.run(TestMethodWorker.java:134)\r\n\tat java.base/java.util.ArrayList.forEach(ArrayList.java:1597)\r\n\tat org.testng.TestRunner.privateRun(TestRunner.java:741)\r\n\tat org.testng.TestRunner.run(TestRunner.java:616)\r\n\tat org.testng.SuiteRunner.runTest(SuiteRunner.java:421)\r\n\tat org.testng.SuiteRunner.runSequentially(SuiteRunner.java:413)\r\n\tat org.testng.SuiteRunner.privateRun(SuiteRunner.java:373)\r\n\tat org.testng.SuiteRunner.run(SuiteRunner.java:312)\r\n\tat org.testng.SuiteRunnerWorker.runSuite(SuiteRunnerWorker.java:52)\r\n\tat org.testng.SuiteRunnerWorker.run(SuiteRunnerWorker.java:95)\r\n\tat org.testng.TestNG.runSuitesSequentially(TestNG.java:1274)\r\n\tat org.testng.TestNG.runSuitesLocally(TestNG.java:1208)\r\n\tat org.testng.TestNG.runSuites(TestNG.java:1112)\r\n\tat org.testng.TestNG.run(TestNG.java:1079)\r\n\tat com.intellij.rt.testng.IDEARemoteTestNG.run(IDEARemoteTestNG.java:65)\r\n\tat com.intellij.rt.testng.RemoteTestNGStarter.main(RemoteTestNGStarter.java:105)\r\nCaused by: org.openqa.selenium.NoSuchElementException: no such element: Unable to locate element: {\"method\":\"xpath\",\"selector\":\"//div[@role='option']/span[text()='Ravi M B']\"}\n  (Session info: chrome=138.0.7204.184)\nFor documentation on this error, please visit: https://www.selenium.dev/documentation/webdriver/troubleshooting/errors#no-such-element-exception\nBuild info: version: '4.34.0', revision: '707dcb4246*'\nSystem info: os.name: 'Windows 10', os.arch: 'amd64', os.version: '10.0', java.version: '22.0.2'\nDriver info: org.openqa.selenium.chrome.ChromeDriver\nCommand: [6e7baf1ae62d3bfa625e235531c81ff1, findElement {using=xpath, value=//div[@role='option']/span[text()='Ravi M B']}]\nCapabilities {acceptInsecureCerts: false, browserName: chrome, browserVersion: 138.0.7204.184, chrome: {chromedriverVersion: 138.0.7204.183 (e90faf484dd..., userDataDir: C:\\Users\\hp\\AppData\\Local\\T...}, fedcm:accounts: true, goog:chromeOptions: {debuggerAddress: localhost:53712}, networkConnectionEnabled: false, pageLoadStrategy: normal, platformName: windows, proxy: Proxy(), se:cdp: ws://localhost:53712/devtoo..., se:cdpVersion: 138.0.7204.184, setWindowRect: true, strictFileInteractability: false, timeouts: {implicit: 0, pageLoad: 300000, script: 30000}, unhandledPromptBehavior: dismiss and notify, webauthn:extension:credBlob: true, webauthn:extension:largeBlob: true, webauthn:extension:minPinLength: true, webauthn:extension:prf: true, webauthn:virtualAuthenticators: true}\nSession ID: 6e7baf1ae62d3bfa625e235531c81ff1\r\n\tat java.base/jdk.internal.reflect.DirectConstructorHandleAccessor.newInstance(DirectConstructorHandleAccessor.java:62)\r\n\tat java.base/java.lang.reflect.Constructor.newInstanceWithCaller(Constructor.java:502)\r\n\tat java.base/java.lang.reflect.Constructor.newInstance(Constructor.java:486)\r\n\tat org.openqa.selenium.remote.ErrorCodec.decode(ErrorCodec.java:167)\r\n\tat org.openqa.selenium.remote.codec.w3c.W3CHttpResponseCodec.decode(W3CHttpResponseCodec.java:138)\r\n\tat org.openqa.selenium.remote.codec.w3c.W3CHttpResponseCodec.decode(W3CHttpResponseCodec.java:50)\r\n\tat org.openqa.selenium.remote.HttpCommandExecutor.execute(HttpCommandExecutor.java:215)\r\n\tat org.openqa.selenium.remote.service.DriverCommandExecutor.invokeExecute(DriverCommandExecutor.java:216)\r\n\tat org.openqa.selenium.remote.service.DriverCommandExecutor.execute(DriverCommandExecutor.java:174)\r\n\tat org.openqa.selenium.remote.RemoteWebDriver.execute(RemoteWebDriver.java:544)\r\n\tat org.openqa.selenium.remote.ElementLocation$ElementFinder$2.findElement(ElementLocation.java:165)\r\n\tat org.openqa.selenium.remote.ElementLocation.findElement(ElementLocation.java:59)\r\n\tat org.openqa.selenium.remote.RemoteWebDriver.findElement(RemoteWebDriver.java:367)\r\n\tat org.openqa.selenium.remote.RemoteWebDriver.findElement(RemoteWebDriver.java:361)\r\n\tat utilities.Waits.lambda$waitForElementPresent$0(Waits.java:37)\r\n\tat org.openqa.selenium.support.ui.FluentWait.until(FluentWait.java:203)\r\n\t... 32 more\r\n"},"stage":"finished","description":"E2E Scenario: Login → Leave → Search with Invalid Data → Validate Errors → Logout","steps":[{"name":"Navigate to OrangeHRM login page","status":"passed","stage":"finished","steps":[{"name":"Navigating to URL: https://opensource-demo.orangehrmlive.com/","status":"passed","stage":"finished","steps":[],"attachments":[],"parameters":[{"name":"url","value":"https://opensource-demo.orangehrmlive.com/"}],"start":1754880892242,"stop":1754880894500},{"name":"Waiting for element to be visible: By.cssSelector: div.orangehrm-login-form","status":"passed","stage":"finished","steps":[{"name":"Waiting for element to be present: By.cssSelector: div.orangehrm-login-form","status":"passed","stage":"finished","steps":[],"attachments":[],"parameters":[{"name":"locator","value":"By.cssSelector: div.orangehrm-login-form"}],"start":1754880894501,"stop":1754880895038}],"attachments":[],"parameters":[{"name":"locator","value":"By.cssSelector: div.orangehrm-login-form"}],"start":1754880894501,"stop":1754880895056}],"attachments":[],"parameters":[],"start":1754880892241,"stop":1754880895056},{"name":"Perform login with username: Admin and password: admin123","status":"passed","stage":"finished","steps":[{"name":"Enter username: Admin","status":"passed","stage":"finished","steps":[{"name":"Clearing field reliably: By.name: username","status":"passed","stage":"finished","steps":[],"attachments":[],"parameters":[{"name":"locator","value":"By.name: username"}],"start":1754880895057,"stop":1754880895201},{"name":"Sending data: Admin to the element: By.name: username","status":"passed","stage":"finished","steps":[],"attachments":[],"parameters":[{"name":"locator","value":"By.name: username"},{"name":"data","value":"Admin"}],"start":1754880895201,"stop":1754880895262}],"attachments":[],"parameters":[{"name":"username","value":"Admin"}],"start":1754880895057,"stop":1754880895262},{"name":"Enter password: admin123","status":"passed","stage":"finished","steps":[{"name":"Clearing field reliably: By.name: password","status":"passed","stage":"finished","steps":[],"attachments":[],"parameters":[{"name":"locator","value":"By.name: password"}],"start":1754880895263,"stop":1754880895396},{"name":"Sending data: admin123 to the element: By.name: password","status":"passed","stage":"finished","steps":[],"attachments":[],"parameters":[{"name":"locator","value":"By.name: password"},{"name":"data","value":"admin123"}],"start":1754880895396,"stop":1754880895443}],"attachments":[],"parameters":[{"name":"password","value":"admin123"}],"start":1754880895262,"stop":1754880895443},{"name":"Click login button","status":"passed","stage":"finished","steps":[{"name":"Clicking on the element: By.cssSelector: button.orangehrm-login-button","status":"passed","stage":"finished","steps":[],"attachments":[],"parameters":[{"name":"locator","value":"By.cssSelector: button.orangehrm-login-button"}],"start":1754880895443,"stop":1754880895513}],"attachments":[],"parameters":[],"start":1754880895443,"stop":1754880895513},{"name":"Assert successful login","status":"passed","stage":"finished","steps":[{"name":"Waiting for 2 seconds","status":"passed","stage":"finished","steps":[],"attachments":[],"parameters":[{"name":"seconds","value":"2"}],"start":1754880895513,"stop":1754880897516},{"name":"Validate Page Url: https://opensource-demo.orangehrmlive.com/web/index.php/dashboard/index","status":"passed","stage":"finished","steps":[{"name":"Getting current URL","status":"passed","stage":"finished","steps":[],"attachments":[],"parameters":[],"start":1754880897516,"stop":1754880897531}],"attachments":[],"parameters":[{"name":"expected","value":"https://opensource-demo.orangehrmlive.com/web/index.php/dashboard/index"}],"start":1754880897516,"stop":1754880897531}],"attachments":[],"parameters":[],"start":1754880895513,"stop":1754880897531}],"attachments":[],"parameters":[{"name":"username","value":"Admin"},{"name":"password","value":"admin123"}],"start":1754880895057,"stop":1754880897531},{"name":"Navigate to Leave page","status":"passed","stage":"finished","steps":[{"name":"Navigate to page: Leave","status":"passed","stage":"finished","steps":[{"name":"Waiting for element to be visible: By.xpath: //a[contains(@href,'leave')]","status":"passed","stage":"finished","steps":[{"name":"Waiting for element to be present: By.xpath: //a[contains(@href,'leave')]","status":"passed","stage":"finished","steps":[],"attachments":[],"parameters":[{"name":"locator","value":"By.xpath: //a[contains(@href,'leave')]"}],"start":1754880897532,"stop":1754880897550}],"attachments":[],"parameters":[{"name":"locator","value":"By.xpath: //a[contains(@href,'leave')]"}],"start":1754880897531,"stop":1754880897560},{"name":"Waiting for element to be visible: By.xpath: //h6[contains(@class,'oxd-text--h6') and text()='Leave']","status":"passed","stage":"finished","steps":[{"name":"Waiting for element to be present: By.xpath: //h6[contains(@class,'oxd-text--h6') and text()='Leave']","status":"passed","stage":"finished","steps":[],"attachments":[],"parameters":[{"name":"locator","value":"By.xpath: //h6[contains(@class,'oxd-text--h6') and text()='Leave']"}],"start":1754880898204,"stop":1754880898755}],"attachments":[],"parameters":[{"name":"locator","value":"By.xpath: //h6[contains(@class,'oxd-text--h6') and text()='Leave']"}],"start":1754880898203,"stop":1754880898767}],"attachments":[],"parameters":[{"name":"menuLocator","value":"By.xpath: //a[contains(@href,'leave')]"},{"name":"pageName","value":"Leave"}],"start":1754880897531,"stop":1754880898767},{"name":"Waiting for element to be visible: By.xpath: //h6[text()='Leave']","status":"passed","stage":"finished","steps":[{"name":"Waiting for element to be present: By.xpath: //h6[text()='Leave']","status":"passed","stage":"finished","steps":[],"attachments":[],"parameters":[{"name":"locator","value":"By.xpath: //h6[text()='Leave']"}],"start":1754880898768,"stop":1754880898781}],"attachments":[],"parameters":[{"name":"locator","value":"By.xpath: //h6[text()='Leave']"}],"start":1754880898767,"stop":1754880898790}],"attachments":[],"parameters":[],"start":1754880897531,"stop":1754880898790},{"name":"Assert leave page is displayed","status":"passed","stage":"finished","steps":[{"name":"Validate True","status":"passed","stage":"finished","steps":[],"attachments":[],"parameters":[{"name":"condition","value":"true"},{"name":"message","value":"Leave page should be displayed"}],"start":1754880898809,"stop":1754880898809}],"attachments":[],"parameters":[],"start":1754880898790,"stop":1754880898810},{"name":"Enter employee name: InvalidEmployee and select: null","status":"passed","stage":"finished","steps":[{"name":"Clearing field reliably: By.xpath: //label[text()='Employee Name']/following::input[1]","status":"passed","stage":"finished","steps":[],"attachments":[],"parameters":[{"name":"locator","value":"By.xpath: //label[text()='Employee Name']/following::input[1]"}],"start":1754880898810,"stop":1754880898950},{"name":"Sending data: InvalidEmployee to the element: By.xpath: //label[text()='Employee Name']/following::input[1]","status":"passed","stage":"finished","steps":[],"attachments":[],"parameters":[{"name":"locator","value":"By.xpath: //label[text()='Employee Name']/following::input[1]"},{"name":"data","value":"InvalidEmployee"}],"start":1754880898950,"stop":1754880899001}],"attachments":[],"parameters":[{"name":"inputText","value":"InvalidEmployee"},{"name":"nameToSelect","value":"null"}],"start":1754880898810,"stop":1754880899001},{"name":"Click search button","status":"passed","stage":"finished","steps":[{"name":"Clicking on the element: By.xpath: //button[normalize-space()='Search']","status":"passed","stage":"finished","steps":[],"attachments":[],"parameters":[{"name":"locator","value":"By.xpath: //button[normalize-space()='Search']"}],"start":1754880899002,"stop":1754880899068}],"attachments":[],"parameters":[],"start":1754880899001,"stop":1754880899068},{"name":"Assert invalid error for employee name is displayed","status":"passed","stage":"finished","steps":[{"name":"Check if invalid error is displayed for employee name","status":"passed","stage":"finished","steps":[{"name":"Getting text from the element: By.xpath: //label[text()='Employee Name']/following::span[contains(@class,'oxd-input-field-error-message')][1]","status":"passed","stage":"finished","steps":[{"name":"Waiting for element to be visible: By.xpath: //label[text()='Employee Name']/following::span[contains(@class,'oxd-input-field-error-message')][1]","status":"passed","stage":"finished","steps":[{"name":"Waiting for element to be present: By.xpath: //label[text()='Employee Name']/following::span[contains(@class,'oxd-input-field-error-message')][1]","status":"passed","stage":"finished","steps":[],"attachments":[],"parameters":[{"name":"locator","value":"By.xpath: //label[text()='Employee Name']/following::span[contains(@class,'oxd-input-field-error-message')][1]"}],"start":1754880899096,"stop":1754880899105}],"attachments":[],"parameters":[{"name":"locator","value":"By.xpath: //label[text()='Employee Name']/following::span[contains(@class,'oxd-input-field-error-message')][1]"}],"start":1754880899095,"stop":1754880899114}],"attachments":[],"parameters":[{"name":"locator","value":"By.xpath: //label[text()='Employee Name']/following::span[contains(@class,'oxd-input-field-error-message')][1]"}],"start":1754880899095,"stop":1754880899142}],"attachments":[],"parameters":[],"start":1754880899068,"stop":1754880899142},{"name":"Validate True","status":"passed","stage":"finished","steps":[],"attachments":[],"parameters":[{"name":"condition","value":"true"},{"name":"message","value":"Invalid error for employee name should be displayed"}],"start":1754880899142,"stop":1754880899142}],"attachments":[],"parameters":[],"start":1754880899068,"stop":1754880899142},{"name":"Clear status selection","status":"passed","stage":"finished","steps":[{"name":"Clicking on the element: By.xpath: //i[contains(@class,'--clear')]","status":"passed","stage":"finished","steps":[],"attachments":[],"parameters":[{"name":"locator","value":"By.xpath: //i[contains(@class,'--clear')]"}],"start":1754880899142,"stop":1754880899214}],"attachments":[],"parameters":[],"start":1754880899142,"stop":1754880899214},{"name":"Click search button","status":"passed","stage":"finished","steps":[{"name":"Clicking on the element: By.xpath: //button[normalize-space()='Search']","status":"passed","stage":"finished","steps":[],"attachments":[],"parameters":[{"name":"locator","value":"By.xpath: //button[normalize-space()='Search']"}],"start":1754880899215,"stop":1754880899272}],"attachments":[],"parameters":[],"start":1754880899214,"stop":1754880899272},{"name":"Assert required error for status is displayed","status":"passed","stage":"finished","steps":[{"name":"Check if required error is displayed for status","status":"passed","stage":"finished","steps":[{"name":"Getting text from the element: By.xpath: //label[contains(text(),'Show Leave with Status')]/following::span[contains(@class,'oxd-input-field-error-message')][1]","status":"passed","stage":"finished","steps":[{"name":"Waiting for element to be visible: By.xpath: //label[contains(text(),'Show Leave with Status')]/following::span[contains(@class,'oxd-input-field-error-message')][1]","status":"passed","stage":"finished","steps":[{"name":"Waiting for element to be present: By.xpath: //label[contains(text(),'Show Leave with Status')]/following::span[contains(@class,'oxd-input-field-error-message')][1]","status":"passed","stage":"finished","steps":[],"attachments":[],"parameters":[{"name":"locator","value":"By.xpath: //label[contains(text(),'Show Leave with Status')]/following::span[contains(@class,'oxd-input-field-error-message')][1]"}],"start":1754880899293,"stop":1754880899302}],"attachments":[],"parameters":[{"name":"locator","value":"By.xpath: //label[contains(text(),'Show Leave with Status')]/following::span[contains(@class,'oxd-input-field-error-message')][1]"}],"start":1754880899293,"stop":1754880899310}],"attachments":[],"parameters":[{"name":"locator","value":"By.xpath: //label[contains(text(),'Show Leave with Status')]/following::span[contains(@class,'oxd-input-field-error-message')][1]"}],"start":1754880899293,"stop":1754880899326}],"attachments":[],"parameters":[],"start":1754880899272,"stop":1754880899326},{"name":"Validate True","status":"passed","stage":"finished","steps":[],"attachments":[],"parameters":[{"name":"condition","value":"true"},{"name":"message","value":"Required error for status should be displayed"}],"start":1754880899326,"stop":1754880899326}],"attachments":[],"parameters":[],"start":1754880899272,"stop":1754880899326},{"name":"Perform leave search with from date: 2024-01-01, to date: 2024-12-31, status: Scheduled","status":"broken","statusDetails":{"known":false,"muted":false,"flaky":false,"message":"Expected condition failed: waiting for utilities.Waits$$Lambda/0x0000029a963d66b8@6c6c7ee5 (tried for 6 second(s) with 500 milliseconds interval)","trace":"org.openqa.selenium.TimeoutException: Expected condition failed: waiting for utilities.Waits$$Lambda/0x0000029a963d66b8@6c6c7ee5 (tried for 6 second(s) with 500 milliseconds interval)\r\n\tat org.openqa.selenium.support.ui.WebDriverWait.timeoutException(WebDriverWait.java:84)\r\n\tat org.openqa.selenium.support.ui.FluentWait.until(FluentWait.java:228)\r\n\tat utilities.Waits.waitForElementPresent(Waits.java:37)\r\n\tat utilities.Waits.lambda$waitForElementVisible$1(Waits.java:46)\r\n\tat org.openqa.selenium.support.ui.FluentWait.until(FluentWait.java:203)\r\n\tat utilities.Waits.waitForElementVisible(Waits.java:45)\r\n\tat pages.LeavePage.enterEmployeeName(LeavePage.java:77)\r\n\tat pages.LeavePage.searchLeave(LeavePage.java:138)\r\n\tat tests.e2e.LeaveManagementE2ETest.testLeaveSearchErrorHandlingE2E(LeaveManagementE2ETest.java:88)\r\n\tat java.base/jdk.internal.reflect.DirectMethodHandleAccessor.invoke(DirectMethodHandleAccessor.java:103)\r\n\tat java.base/java.lang.reflect.Method.invoke(Method.java:580)\r\n\tat org.testng.internal.invokers.MethodInvocationHelper.invokeMethod(MethodInvocationHelper.java:141)\r\n\tat org.testng.internal.invokers.TestInvoker.invokeMethod(TestInvoker.java:687)\r\n\tat org.testng.internal.invokers.TestInvoker.invokeTestMethod(TestInvoker.java:230)\r\n\tat org.testng.internal.invokers.MethodRunner.runInSequence(MethodRunner.java:63)\r\n\tat org.testng.internal.invokers.TestInvoker$MethodInvocationAgent.invoke(TestInvoker.java:995)\r\n\tat org.testng.internal.invokers.TestInvoker.invokeTestMethods(TestInvoker.java:203)\r\n\tat org.testng.internal.invokers.TestMethodWorker.invokeTestMethods(TestMethodWorker.java:154)\r\n\tat org.testng.internal.invokers.TestMethodWorker.run(TestMethodWorker.java:134)\r\n\tat java.base/java.util.ArrayList.forEach(ArrayList.java:1597)\r\n\tat org.testng.TestRunner.privateRun(TestRunner.java:741)\r\n\tat org.testng.TestRunner.run(TestRunner.java:616)\r\n\tat org.testng.SuiteRunner.runTest(SuiteRunner.java:421)\r\n\tat org.testng.SuiteRunner.runSequentially(SuiteRunner.java:413)\r\n\tat org.testng.SuiteRunner.privateRun(SuiteRunner.java:373)\r\n\tat org.testng.SuiteRunner.run(SuiteRunner.java:312)\r\n\tat org.testng.SuiteRunnerWorker.runSuite(SuiteRunnerWorker.java:52)\r\n\tat org.testng.SuiteRunnerWorker.run(SuiteRunnerWorker.java:95)\r\n\tat org.testng.TestNG.runSuitesSequentially(TestNG.java:1274)\r\n\tat org.testng.TestNG.runSuitesLocally(TestNG.java:1208)\r\n\tat org.testng.TestNG.runSuites(TestNG.java:1112)\r\n\tat org.testng.TestNG.run(TestNG.java:1079)\r\n\tat com.intellij.rt.testng.IDEARemoteTestNG.run(IDEARemoteTestNG.java:65)\r\n\tat com.intellij.rt.testng.RemoteTestNGStarter.main(RemoteTestNGStarter.java:105)\r\nCaused by: org.openqa.selenium.NoSuchElementException: no such element: Unable to locate element: {\"method\":\"xpath\",\"selector\":\"//div[@role='option']/span[text()='Ravi M B']\"}\n  (Session info: chrome=138.0.7204.184)\nFor documentation on this error, please visit: https://www.selenium.dev/documentation/webdriver/troubleshooting/errors#no-such-element-exception\nBuild info: version: '4.34.0', revision: '707dcb4246*'\nSystem info: os.name: 'Windows 10', os.arch: 'amd64', os.version: '10.0', java.version: '22.0.2'\nDriver info: org.openqa.selenium.chrome.ChromeDriver\nCommand: [6e7baf1ae62d3bfa625e235531c81ff1, findElement {using=xpath, value=//div[@role='option']/span[text()='Ravi M B']}]\nCapabilities {acceptInsecureCerts: false, browserName: chrome, browserVersion: 138.0.7204.184, chrome: {chromedriverVersion: 138.0.7204.183 (e90faf484dd..., userDataDir: C:\\Users\\hp\\AppData\\Local\\T...}, fedcm:accounts: true, goog:chromeOptions: {debuggerAddress: localhost:53712}, networkConnectionEnabled: false, pageLoadStrategy: normal, platformName: windows, proxy: Proxy(), se:cdp: ws://localhost:53712/devtoo..., se:cdpVersion: 138.0.7204.184, setWindowRect: true, strictFileInteractability: false, timeouts: {implicit: 0, pageLoad: 300000, script: 30000}, unhandledPromptBehavior: dismiss and notify, webauthn:extension:credBlob: true, webauthn:extension:largeBlob: true, webauthn:extension:minPinLength: true, webauthn:extension:prf: true, webauthn:virtualAuthenticators: true}\nSession ID: 6e7baf1ae62d3bfa625e235531c81ff1\r\n\tat java.base/jdk.internal.reflect.DirectConstructorHandleAccessor.newInstance(DirectConstructorHandleAccessor.java:62)\r\n\tat java.base/java.lang.reflect.Constructor.newInstanceWithCaller(Constructor.java:502)\r\n\tat java.base/java.lang.reflect.Constructor.newInstance(Constructor.java:486)\r\n\tat org.openqa.selenium.remote.ErrorCodec.decode(ErrorCodec.java:167)\r\n\tat org.openqa.selenium.remote.codec.w3c.W3CHttpResponseCodec.decode(W3CHttpResponseCodec.java:138)\r\n\tat org.openqa.selenium.remote.codec.w3c.W3CHttpResponseCodec.decode(W3CHttpResponseCodec.java:50)\r\n\tat org.openqa.selenium.remote.HttpCommandExecutor.execute(HttpCommandExecutor.java:215)\r\n\tat org.openqa.selenium.remote.service.DriverCommandExecutor.invokeExecute(DriverCommandExecutor.java:216)\r\n\tat org.openqa.selenium.remote.service.DriverCommandExecutor.execute(DriverCommandExecutor.java:174)\r\n\tat org.openqa.selenium.remote.RemoteWebDriver.execute(RemoteWebDriver.java:544)\r\n\tat org.openqa.selenium.remote.ElementLocation$ElementFinder$2.findElement(ElementLocation.java:165)\r\n\tat org.openqa.selenium.remote.ElementLocation.findElement(ElementLocation.java:59)\r\n\tat org.openqa.selenium.remote.RemoteWebDriver.findElement(RemoteWebDriver.java:367)\r\n\tat org.openqa.selenium.remote.RemoteWebDriver.findElement(RemoteWebDriver.java:361)\r\n\tat utilities.Waits.lambda$waitForElementPresent$0(Waits.java:37)\r\n\tat org.openqa.selenium.support.ui.FluentWait.until(FluentWait.java:203)\r\n\t... 32 more\r\n"},"stage":"finished","steps":[{"name":"Enter from date: 2024-01-01","status":"passed","stage":"finished","steps":[{"name":"Clearing field reliably: By.xpath: //label[text()='From Date']/following::input[1]","status":"passed","stage":"finished","steps":[],"attachments":[],"parameters":[{"name":"locator","value":"By.xpath: //label[text()='From Date']/following::input[1]"}],"start":1754880899327,"stop":1754880899462},{"name":"Sending data: 2024-01-01 to the element: By.xpath: //label[text()='From Date']/following::input[1]","status":"passed","stage":"finished","steps":[],"attachments":[],"parameters":[{"name":"locator","value":"By.xpath: //label[text()='From Date']/following::input[1]"},{"name":"data","value":"2024-01-01"}],"start":1754880899462,"stop":1754880899503}],"attachments":[],"parameters":[{"name":"formattedDate","value":"2024-01-01"}],"start":1754880899326,"stop":1754880899503},{"name":"Enter to date: 2024-12-31","status":"passed","stage":"finished","steps":[{"name":"Clearing field reliably: By.xpath: //label[text()='To Date']/following::input[1]","status":"passed","stage":"finished","steps":[],"attachments":[],"parameters":[{"name":"locator","value":"By.xpath: //label[text()='To Date']/following::input[1]"}],"start":1754880899503,"stop":1754880899643},{"name":"Sending data: 2024-12-31 to the element: By.xpath: //label[text()='To Date']/following::input[1]","status":"passed","stage":"finished","steps":[],"attachments":[],"parameters":[{"name":"locator","value":"By.xpath: //label[text()='To Date']/following::input[1]"},{"name":"data","value":"2024-12-31"}],"start":1754880899643,"stop":1754880899684}],"attachments":[],"parameters":[{"name":"formattedDate","value":"2024-12-31"}],"start":1754880899503,"stop":1754880899684},{"name":"Select status dropdown: Scheduled","status":"passed","stage":"finished","steps":[{"name":"Selecting from dropdown by label: Status with option: Scheduled","status":"passed","stage":"finished","steps":[{"name":"Waiting for element to be visible: By.xpath: //div[@role='listbox']//span[text()='Scheduled']","status":"passed","stage":"finished","steps":[{"name":"Waiting for element to be present: By.xpath: //div[@role='listbox']//span[text()='Scheduled']","status":"passed","stage":"finished","steps":[],"attachments":[],"parameters":[{"name":"locator","value":"By.xpath: //div[@role='listbox']//span[text()='Scheduled']"}],"start":1754880899814,"stop":1754880899828}],"attachments":[],"parameters":[{"name":"locator","value":"By.xpath: //div[@role='listbox']//span[text()='Scheduled']"}],"start":1754880899813,"stop":1754880899835}],"attachments":[],"parameters":[{"name":"dropdownListLocator","value":"By.cssSelector: .oxd-input-group"},{"name":"labelText","value":"Status"},{"name":"optionText","value":"Scheduled"}],"start":1754880899684,"stop":1754880899899}],"attachments":[],"parameters":[{"name":"typeText","value":"Scheduled"}],"start":1754880899684,"stop":1754880899899},{"name":"Select leave type dropdown: US - Personal","status":"passed","stage":"finished","steps":[{"name":"Selecting from dropdown by label: Leave Type with option: US - Personal","status":"passed","stage":"finished","steps":[{"name":"Waiting for element to be visible: By.xpath: //div[@role='listbox']//span[text()='US - Personal']","status":"passed","stage":"finished","steps":[{"name":"Waiting for element to be present: By.xpath: //div[@role='listbox']//span[text()='US - Personal']","status":"passed","stage":"finished","steps":[],"attachments":[],"parameters":[{"name":"locator","value":"By.xpath: //div[@role='listbox']//span[text()='US - Personal']"}],"start":1754880900033,"stop":1754880900047}],"attachments":[],"parameters":[{"name":"locator","value":"By.xpath: //div[@role='listbox']//span[text()='US - Personal']"}],"start":1754880900031,"stop":1754880900057}],"attachments":[],"parameters":[{"name":"dropdownListLocator","value":"By.cssSelector: .oxd-input-group"},{"name":"labelText","value":"Leave Type"},{"name":"optionText","value":"US - Personal"}],"start":1754880899899,"stop":1754880900133}],"attachments":[],"parameters":[{"name":"typeText","value":"US - Personal"}],"start":1754880899899,"stop":1754880900133},{"name":"Enter employee name: R and select: Ravi M B","status":"broken","statusDetails":{"known":false,"muted":false,"flaky":false,"message":"Expected condition failed: waiting for utilities.Waits$$Lambda/0x0000029a963d66b8@6c6c7ee5 (tried for 6 second(s) with 500 milliseconds interval)","trace":"org.openqa.selenium.TimeoutException: Expected condition failed: waiting for utilities.Waits$$Lambda/0x0000029a963d66b8@6c6c7ee5 (tried for 6 second(s) with 500 milliseconds interval)\r\n\tat org.openqa.selenium.support.ui.WebDriverWait.timeoutException(WebDriverWait.java:84)\r\n\tat org.openqa.selenium.support.ui.FluentWait.until(FluentWait.java:228)\r\n\tat utilities.Waits.waitForElementPresent(Waits.java:37)\r\n\tat utilities.Waits.lambda$waitForElementVisible$1(Waits.java:46)\r\n\tat org.openqa.selenium.support.ui.FluentWait.until(FluentWait.java:203)\r\n\tat utilities.Waits.waitForElementVisible(Waits.java:45)\r\n\tat pages.LeavePage.enterEmployeeName(LeavePage.java:77)\r\n\tat pages.LeavePage.searchLeave(LeavePage.java:138)\r\n\tat tests.e2e.LeaveManagementE2ETest.testLeaveSearchErrorHandlingE2E(LeaveManagementE2ETest.java:88)\r\n\tat java.base/jdk.internal.reflect.DirectMethodHandleAccessor.invoke(DirectMethodHandleAccessor.java:103)\r\n\tat java.base/java.lang.reflect.Method.invoke(Method.java:580)\r\n\tat org.testng.internal.invokers.MethodInvocationHelper.invokeMethod(MethodInvocationHelper.java:141)\r\n\tat org.testng.internal.invokers.TestInvoker.invokeMethod(TestInvoker.java:687)\r\n\tat org.testng.internal.invokers.TestInvoker.invokeTestMethod(TestInvoker.java:230)\r\n\tat org.testng.internal.invokers.MethodRunner.runInSequence(MethodRunner.java:63)\r\n\tat org.testng.internal.invokers.TestInvoker$MethodInvocationAgent.invoke(TestInvoker.java:995)\r\n\tat org.testng.internal.invokers.TestInvoker.invokeTestMethods(TestInvoker.java:203)\r\n\tat org.testng.internal.invokers.TestMethodWorker.invokeTestMethods(TestMethodWorker.java:154)\r\n\tat org.testng.internal.invokers.TestMethodWorker.run(TestMethodWorker.java:134)\r\n\tat java.base/java.util.ArrayList.forEach(ArrayList.java:1597)\r\n\tat org.testng.TestRunner.privateRun(TestRunner.java:741)\r\n\tat org.testng.TestRunner.run(TestRunner.java:616)\r\n\tat org.testng.SuiteRunner.runTest(SuiteRunner.java:421)\r\n\tat org.testng.SuiteRunner.runSequentially(SuiteRunner.java:413)\r\n\tat org.testng.SuiteRunner.privateRun(SuiteRunner.java:373)\r\n\tat org.testng.SuiteRunner.run(SuiteRunner.java:312)\r\n\tat org.testng.SuiteRunnerWorker.runSuite(SuiteRunnerWorker.java:52)\r\n\tat org.testng.SuiteRunnerWorker.run(SuiteRunnerWorker.java:95)\r\n\tat org.testng.TestNG.runSuitesSequentially(TestNG.java:1274)\r\n\tat org.testng.TestNG.runSuitesLocally(TestNG.java:1208)\r\n\tat org.testng.TestNG.runSuites(TestNG.java:1112)\r\n\tat org.testng.TestNG.run(TestNG.java:1079)\r\n\tat com.intellij.rt.testng.IDEARemoteTestNG.run(IDEARemoteTestNG.java:65)\r\n\tat com.intellij.rt.testng.RemoteTestNGStarter.main(RemoteTestNGStarter.java:105)\r\nCaused by: org.openqa.selenium.NoSuchElementException: no such element: Unable to locate element: {\"method\":\"xpath\",\"selector\":\"//div[@role='option']/span[text()='Ravi M B']\"}\n  (Session info: chrome=138.0.7204.184)\nFor documentation on this error, please visit: https://www.selenium.dev/documentation/webdriver/troubleshooting/errors#no-such-element-exception\nBuild info: version: '4.34.0', revision: '707dcb4246*'\nSystem info: os.name: 'Windows 10', os.arch: 'amd64', os.version: '10.0', java.version: '22.0.2'\nDriver info: org.openqa.selenium.chrome.ChromeDriver\nCommand: [6e7baf1ae62d3bfa625e235531c81ff1, findElement {using=xpath, value=//div[@role='option']/span[text()='Ravi M B']}]\nCapabilities {acceptInsecureCerts: false, browserName: chrome, browserVersion: 138.0.7204.184, chrome: {chromedriverVersion: 138.0.7204.183 (e90faf484dd..., userDataDir: C:\\Users\\hp\\AppData\\Local\\T...}, fedcm:accounts: true, goog:chromeOptions: {debuggerAddress: localhost:53712}, networkConnectionEnabled: false, pageLoadStrategy: normal, platformName: windows, proxy: Proxy(), se:cdp: ws://localhost:53712/devtoo..., se:cdpVersion: 138.0.7204.184, setWindowRect: true, strictFileInteractability: false, timeouts: {implicit: 0, pageLoad: 300000, script: 30000}, unhandledPromptBehavior: dismiss and notify, webauthn:extension:credBlob: true, webauthn:extension:largeBlob: true, webauthn:extension:minPinLength: true, webauthn:extension:prf: true, webauthn:virtualAuthenticators: true}\nSession ID: 6e7baf1ae62d3bfa625e235531c81ff1\r\n\tat java.base/jdk.internal.reflect.DirectConstructorHandleAccessor.newInstance(DirectConstructorHandleAccessor.java:62)\r\n\tat java.base/java.lang.reflect.Constructor.newInstanceWithCaller(Constructor.java:502)\r\n\tat java.base/java.lang.reflect.Constructor.newInstance(Constructor.java:486)\r\n\tat org.openqa.selenium.remote.ErrorCodec.decode(ErrorCodec.java:167)\r\n\tat org.openqa.selenium.remote.codec.w3c.W3CHttpResponseCodec.decode(W3CHttpResponseCodec.java:138)\r\n\tat org.openqa.selenium.remote.codec.w3c.W3CHttpResponseCodec.decode(W3CHttpResponseCodec.java:50)\r\n\tat org.openqa.selenium.remote.HttpCommandExecutor.execute(HttpCommandExecutor.java:215)\r\n\tat org.openqa.selenium.remote.service.DriverCommandExecutor.invokeExecute(DriverCommandExecutor.java:216)\r\n\tat org.openqa.selenium.remote.service.DriverCommandExecutor.execute(DriverCommandExecutor.java:174)\r\n\tat org.openqa.selenium.remote.RemoteWebDriver.execute(RemoteWebDriver.java:544)\r\n\tat org.openqa.selenium.remote.ElementLocation$ElementFinder$2.findElement(ElementLocation.java:165)\r\n\tat org.openqa.selenium.remote.ElementLocation.findElement(ElementLocation.java:59)\r\n\tat org.openqa.selenium.remote.RemoteWebDriver.findElement(RemoteWebDriver.java:367)\r\n\tat org.openqa.selenium.remote.RemoteWebDriver.findElement(RemoteWebDriver.java:361)\r\n\tat utilities.Waits.lambda$waitForElementPresent$0(Waits.java:37)\r\n\tat org.openqa.selenium.support.ui.FluentWait.until(FluentWait.java:203)\r\n\t... 32 more\r\n"},"stage":"finished","steps":[{"name":"Clearing field reliably: By.xpath: //label[text()='Employee Name']/following::input[1]","status":"passed","stage":"finished","steps":[],"attachments":[],"parameters":[{"name":"locator","value":"By.xpath: //label[text()='Employee Name']/following::input[1]"}],"start":1754880900134,"stop":1754880900244},{"name":"Sending data: R to the element: By.xpath: //label[text()='Employee Name']/following::input[1]","status":"passed","stage":"finished","steps":[],"attachments":[],"parameters":[{"name":"locator","value":"By.xpath: //label[text()='Employee Name']/following::input[1]"},{"name":"data","value":"R"}],"start":1754880900244,"stop":1754880900290},{"name":"Waiting for element to be visible: By.xpath: //div[@role='option']/span[text()='Ravi M B']","status":"broken","statusDetails":{"known":false,"muted":false,"flaky":false,"message":"Expected condition failed: waiting for utilities.Waits$$Lambda/0x0000029a963d66b8@6c6c7ee5 (tried for 6 second(s) with 500 milliseconds interval)","trace":"org.openqa.selenium.TimeoutException: Expected condition failed: waiting for utilities.Waits$$Lambda/0x0000029a963d66b8@6c6c7ee5 (tried for 6 second(s) with 500 milliseconds interval)\r\n\tat org.openqa.selenium.support.ui.WebDriverWait.timeoutException(WebDriverWait.java:84)\r\n\tat org.openqa.selenium.support.ui.FluentWait.until(FluentWait.java:228)\r\n\tat utilities.Waits.waitForElementPresent(Waits.java:37)\r\n\tat utilities.Waits.lambda$waitForElementVisible$1(Waits.java:46)\r\n\tat org.openqa.selenium.support.ui.FluentWait.until(FluentWait.java:203)\r\n\tat utilities.Waits.waitForElementVisible(Waits.java:45)\r\n\tat pages.LeavePage.enterEmployeeName(LeavePage.java:77)\r\n\tat pages.LeavePage.searchLeave(LeavePage.java:138)\r\n\tat tests.e2e.LeaveManagementE2ETest.testLeaveSearchErrorHandlingE2E(LeaveManagementE2ETest.java:88)\r\n\tat java.base/jdk.internal.reflect.DirectMethodHandleAccessor.invoke(DirectMethodHandleAccessor.java:103)\r\n\tat java.base/java.lang.reflect.Method.invoke(Method.java:580)\r\n\tat org.testng.internal.invokers.MethodInvocationHelper.invokeMethod(MethodInvocationHelper.java:141)\r\n\tat org.testng.internal.invokers.TestInvoker.invokeMethod(TestInvoker.java:687)\r\n\tat org.testng.internal.invokers.TestInvoker.invokeTestMethod(TestInvoker.java:230)\r\n\tat org.testng.internal.invokers.MethodRunner.runInSequence(MethodRunner.java:63)\r\n\tat org.testng.internal.invokers.TestInvoker$MethodInvocationAgent.invoke(TestInvoker.java:995)\r\n\tat org.testng.internal.invokers.TestInvoker.invokeTestMethods(TestInvoker.java:203)\r\n\tat org.testng.internal.invokers.TestMethodWorker.invokeTestMethods(TestMethodWorker.java:154)\r\n\tat org.testng.internal.invokers.TestMethodWorker.run(TestMethodWorker.java:134)\r\n\tat java.base/java.util.ArrayList.forEach(ArrayList.java:1597)\r\n\tat org.testng.TestRunner.privateRun(TestRunner.java:741)\r\n\tat org.testng.TestRunner.run(TestRunner.java:616)\r\n\tat org.testng.SuiteRunner.runTest(SuiteRunner.java:421)\r\n\tat org.testng.SuiteRunner.runSequentially(SuiteRunner.java:413)\r\n\tat org.testng.SuiteRunner.privateRun(SuiteRunner.java:373)\r\n\tat org.testng.SuiteRunner.run(SuiteRunner.java:312)\r\n\tat org.testng.SuiteRunnerWorker.runSuite(SuiteRunnerWorker.java:52)\r\n\tat org.testng.SuiteRunnerWorker.run(SuiteRunnerWorker.java:95)\r\n\tat org.testng.TestNG.runSuitesSequentially(TestNG.java:1274)\r\n\tat org.testng.TestNG.runSuitesLocally(TestNG.java:1208)\r\n\tat org.testng.TestNG.runSuites(TestNG.java:1112)\r\n\tat org.testng.TestNG.run(TestNG.java:1079)\r\n\tat com.intellij.rt.testng.IDEARemoteTestNG.run(IDEARemoteTestNG.java:65)\r\n\tat com.intellij.rt.testng.RemoteTestNGStarter.main(RemoteTestNGStarter.java:105)\r\nCaused by: org.openqa.selenium.NoSuchElementException: no such element: Unable to locate element: {\"method\":\"xpath\",\"selector\":\"//div[@role='option']/span[text()='Ravi M B']\"}\n  (Session info: chrome=138.0.7204.184)\nFor documentation on this error, please visit: https://www.selenium.dev/documentation/webdriver/troubleshooting/errors#no-such-element-exception\nBuild info: version: '4.34.0', revision: '707dcb4246*'\nSystem info: os.name: 'Windows 10', os.arch: 'amd64', os.version: '10.0', java.version: '22.0.2'\nDriver info: org.openqa.selenium.chrome.ChromeDriver\nCommand: [6e7baf1ae62d3bfa625e235531c81ff1, findElement {using=xpath, value=//div[@role='option']/span[text()='Ravi M B']}]\nCapabilities {acceptInsecureCerts: false, browserName: chrome, browserVersion: 138.0.7204.184, chrome: {chromedriverVersion: 138.0.7204.183 (e90faf484dd..., userDataDir: C:\\Users\\hp\\AppData\\Local\\T...}, fedcm:accounts: true, goog:chromeOptions: {debuggerAddress: localhost:53712}, networkConnectionEnabled: false, pageLoadStrategy: normal, platformName: windows, proxy: Proxy(), se:cdp: ws://localhost:53712/devtoo..., se:cdpVersion: 138.0.7204.184, setWindowRect: true, strictFileInteractability: false, timeouts: {implicit: 0, pageLoad: 300000, script: 30000}, unhandledPromptBehavior: dismiss and notify, webauthn:extension:credBlob: true, webauthn:extension:largeBlob: true, webauthn:extension:minPinLength: true, webauthn:extension:prf: true, webauthn:virtualAuthenticators: true}\nSession ID: 6e7baf1ae62d3bfa625e235531c81ff1\r\n\tat java.base/jdk.internal.reflect.DirectConstructorHandleAccessor.newInstance(DirectConstructorHandleAccessor.java:62)\r\n\tat java.base/java.lang.reflect.Constructor.newInstanceWithCaller(Constructor.java:502)\r\n\tat java.base/java.lang.reflect.Constructor.newInstance(Constructor.java:486)\r\n\tat org.openqa.selenium.remote.ErrorCodec.decode(ErrorCodec.java:167)\r\n\tat org.openqa.selenium.remote.codec.w3c.W3CHttpResponseCodec.decode(W3CHttpResponseCodec.java:138)\r\n\tat org.openqa.selenium.remote.codec.w3c.W3CHttpResponseCodec.decode(W3CHttpResponseCodec.java:50)\r\n\tat org.openqa.selenium.remote.HttpCommandExecutor.execute(HttpCommandExecutor.java:215)\r\n\tat org.openqa.selenium.remote.service.DriverCommandExecutor.invokeExecute(DriverCommandExecutor.java:216)\r\n\tat org.openqa.selenium.remote.service.DriverCommandExecutor.execute(DriverCommandExecutor.java:174)\r\n\tat org.openqa.selenium.remote.RemoteWebDriver.execute(RemoteWebDriver.java:544)\r\n\tat org.openqa.selenium.remote.ElementLocation$ElementFinder$2.findElement(ElementLocation.java:165)\r\n\tat org.openqa.selenium.remote.ElementLocation.findElement(ElementLocation.java:59)\r\n\tat org.openqa.selenium.remote.RemoteWebDriver.findElement(RemoteWebDriver.java:367)\r\n\tat org.openqa.selenium.remote.RemoteWebDriver.findElement(RemoteWebDriver.java:361)\r\n\tat utilities.Waits.lambda$waitForElementPresent$0(Waits.java:37)\r\n\tat org.openqa.selenium.support.ui.FluentWait.until(FluentWait.java:203)\r\n\t... 32 more\r\n"},"stage":"finished","steps":[{"name":"Waiting for element to be present: By.xpath: //div[@role='option']/span[text()='Ravi M B']","status":"broken","statusDetails":{"known":false,"muted":false,"flaky":false,"message":"Expected condition failed: waiting for utilities.Waits$$Lambda/0x0000029a963d66b8@6c6c7ee5 (tried for 6 second(s) with 500 milliseconds interval)","trace":"org.openqa.selenium.TimeoutException: Expected condition failed: waiting for utilities.Waits$$Lambda/0x0000029a963d66b8@6c6c7ee5 (tried for 6 second(s) with 500 milliseconds interval)\r\n\tat org.openqa.selenium.support.ui.WebDriverWait.timeoutException(WebDriverWait.java:84)\r\n\tat org.openqa.selenium.support.ui.FluentWait.until(FluentWait.java:228)\r\n\tat utilities.Waits.waitForElementPresent(Waits.java:37)\r\n\tat utilities.Waits.lambda$waitForElementVisible$1(Waits.java:46)\r\n\tat org.openqa.selenium.support.ui.FluentWait.until(FluentWait.java:203)\r\n\tat utilities.Waits.waitForElementVisible(Waits.java:45)\r\n\tat pages.LeavePage.enterEmployeeName(LeavePage.java:77)\r\n\tat pages.LeavePage.searchLeave(LeavePage.java:138)\r\n\tat tests.e2e.LeaveManagementE2ETest.testLeaveSearchErrorHandlingE2E(LeaveManagementE2ETest.java:88)\r\n\tat java.base/jdk.internal.reflect.DirectMethodHandleAccessor.invoke(DirectMethodHandleAccessor.java:103)\r\n\tat java.base/java.lang.reflect.Method.invoke(Method.java:580)\r\n\tat org.testng.internal.invokers.MethodInvocationHelper.invokeMethod(MethodInvocationHelper.java:141)\r\n\tat org.testng.internal.invokers.TestInvoker.invokeMethod(TestInvoker.java:687)\r\n\tat org.testng.internal.invokers.TestInvoker.invokeTestMethod(TestInvoker.java:230)\r\n\tat org.testng.internal.invokers.MethodRunner.runInSequence(MethodRunner.java:63)\r\n\tat org.testng.internal.invokers.TestInvoker$MethodInvocationAgent.invoke(TestInvoker.java:995)\r\n\tat org.testng.internal.invokers.TestInvoker.invokeTestMethods(TestInvoker.java:203)\r\n\tat org.testng.internal.invokers.TestMethodWorker.invokeTestMethods(TestMethodWorker.java:154)\r\n\tat org.testng.internal.invokers.TestMethodWorker.run(TestMethodWorker.java:134)\r\n\tat java.base/java.util.ArrayList.forEach(ArrayList.java:1597)\r\n\tat org.testng.TestRunner.privateRun(TestRunner.java:741)\r\n\tat org.testng.TestRunner.run(TestRunner.java:616)\r\n\tat org.testng.SuiteRunner.runTest(SuiteRunner.java:421)\r\n\tat org.testng.SuiteRunner.runSequentially(SuiteRunner.java:413)\r\n\tat org.testng.SuiteRunner.privateRun(SuiteRunner.java:373)\r\n\tat org.testng.SuiteRunner.run(SuiteRunner.java:312)\r\n\tat org.testng.SuiteRunnerWorker.runSuite(SuiteRunnerWorker.java:52)\r\n\tat org.testng.SuiteRunnerWorker.run(SuiteRunnerWorker.java:95)\r\n\tat org.testng.TestNG.runSuitesSequentially(TestNG.java:1274)\r\n\tat org.testng.TestNG.runSuitesLocally(TestNG.java:1208)\r\n\tat org.testng.TestNG.runSuites(TestNG.java:1112)\r\n\tat org.testng.TestNG.run(TestNG.java:1079)\r\n\tat com.intellij.rt.testng.IDEARemoteTestNG.run(IDEARemoteTestNG.java:65)\r\n\tat com.intellij.rt.testng.RemoteTestNGStarter.main(RemoteTestNGStarter.java:105)\r\nCaused by: org.openqa.selenium.NoSuchElementException: no such element: Unable to locate element: {\"method\":\"xpath\",\"selector\":\"//div[@role='option']/span[text()='Ravi M B']\"}\n  (Session info: chrome=138.0.7204.184)\nFor documentation on this error, please visit: https://www.selenium.dev/documentation/webdriver/troubleshooting/errors#no-such-element-exception\nBuild info: version: '4.34.0', revision: '707dcb4246*'\nSystem info: os.name: 'Windows 10', os.arch: 'amd64', os.version: '10.0', java.version: '22.0.2'\nDriver info: org.openqa.selenium.chrome.ChromeDriver\nCommand: [6e7baf1ae62d3bfa625e235531c81ff1, findElement {using=xpath, value=//div[@role='option']/span[text()='Ravi M B']}]\nCapabilities {acceptInsecureCerts: false, browserName: chrome, browserVersion: 138.0.7204.184, chrome: {chromedriverVersion: 138.0.7204.183 (e90faf484dd..., userDataDir: C:\\Users\\hp\\AppData\\Local\\T...}, fedcm:accounts: true, goog:chromeOptions: {debuggerAddress: localhost:53712}, networkConnectionEnabled: false, pageLoadStrategy: normal, platformName: windows, proxy: Proxy(), se:cdp: ws://localhost:53712/devtoo..., se:cdpVersion: 138.0.7204.184, setWindowRect: true, strictFileInteractability: false, timeouts: {implicit: 0, pageLoad: 300000, script: 30000}, unhandledPromptBehavior: dismiss and notify, webauthn:extension:credBlob: true, webauthn:extension:largeBlob: true, webauthn:extension:minPinLength: true, webauthn:extension:prf: true, webauthn:virtualAuthenticators: true}\nSession ID: 6e7baf1ae62d3bfa625e235531c81ff1\r\n\tat java.base/jdk.internal.reflect.DirectConstructorHandleAccessor.newInstance(DirectConstructorHandleAccessor.java:62)\r\n\tat java.base/java.lang.reflect.Constructor.newInstanceWithCaller(Constructor.java:502)\r\n\tat java.base/java.lang.reflect.Constructor.newInstance(Constructor.java:486)\r\n\tat org.openqa.selenium.remote.ErrorCodec.decode(ErrorCodec.java:167)\r\n\tat org.openqa.selenium.remote.codec.w3c.W3CHttpResponseCodec.decode(W3CHttpResponseCodec.java:138)\r\n\tat org.openqa.selenium.remote.codec.w3c.W3CHttpResponseCodec.decode(W3CHttpResponseCodec.java:50)\r\n\tat org.openqa.selenium.remote.HttpCommandExecutor.execute(HttpCommandExecutor.java:215)\r\n\tat org.openqa.selenium.remote.service.DriverCommandExecutor.invokeExecute(DriverCommandExecutor.java:216)\r\n\tat org.openqa.selenium.remote.service.DriverCommandExecutor.execute(DriverCommandExecutor.java:174)\r\n\tat org.openqa.selenium.remote.RemoteWebDriver.execute(RemoteWebDriver.java:544)\r\n\tat org.openqa.selenium.remote.ElementLocation$ElementFinder$2.findElement(ElementLocation.java:165)\r\n\tat org.openqa.selenium.remote.ElementLocation.findElement(ElementLocation.java:59)\r\n\tat org.openqa.selenium.remote.RemoteWebDriver.findElement(RemoteWebDriver.java:367)\r\n\tat org.openqa.selenium.remote.RemoteWebDriver.findElement(RemoteWebDriver.java:361)\r\n\tat utilities.Waits.lambda$waitForElementPresent$0(Waits.java:37)\r\n\tat org.openqa.selenium.support.ui.FluentWait.until(FluentWait.java:203)\r\n\t... 32 more\r\n"},"stage":"finished","steps":[],"attachments":[],"parameters":[{"name":"locator","value":"By.xpath: //div[@role='option']/span[text()='Ravi M B']"}],"start":1754880900291,"stop":1754880906549}],"attachments":[],"parameters":[{"name":"locator","value":"By.xpath: //div[@role='option']/span[text()='Ravi M B']"}],"start":1754880900290,"stop":1754880906549}],"attachments":[],"parameters":[{"name":"inputText","value":"R"},{"name":"nameToSelect","value":"Ravi M B"}],"start":1754880900134,"stop":1754880906549}],"attachments":[],"parameters":[{"name":"fromDate","value":"2024-01-01"},{"name":"toDate","value":"2024-12-31"},{"name":"status","value":"Scheduled"},{"name":"leaveType","value":"US - Personal"},{"name":"nameToType","value":"R"},{"name":"nameToSelect","value":"Ravi M B"},{"name":"subUnit","value":"Engineering"},{"name":"includePastEmployees","value":"true"}],"start":1754880899326,"stop":1754880906550}],"attachments":[],"parameters":[],"start":1754880892240,"stop":1754880906550}