{"uuid":"fc6f7110-c928-459b-b6de-193ab8977e0c","historyId":"279c92f0efea269c5c500384721ee7c","fullName":"tests.e2e.CompleteHRWorkflowE2ETest.testCompleteHRWorkflowE2E","labels":[{"name":"package","value":"tests.e2e.CompleteHRWorkflowE2ETest"},{"name":"testClass","value":"tests.e2e.CompleteHRWorkflowE2ETest"},{"name":"testMethod","value":"testCompleteHRWorkflowE2E"},{"name":"parentSuite","value":"Default Suite"},{"name":"suite","value":"OrangeHRM-Automation"},{"name":"subSuite","value":"tests.e2e.CompleteHRWorkflowE2ETest"},{"name":"host","value":"DESKTOP-M2GQIBG"},{"name":"thread","value":"61340@DESKTOP-M2GQIBG.main(1)"},{"name":"framework","value":"testng"},{"name":"language","value":"java"},{"name":"story","value":"Complete HR Workflow - From Recruitment to Employee Onboarding"},{"name":"epic","value":"Complete HR Workflow"},{"name":"feature","value":"End-to-End HR Management Process"},{"name":"severity","value":"critical"}],"links":[],"name":"testCompleteHRWorkflowE2E","status":"broken","statusDetails":{"known":false,"muted":false,"flaky":false,"message":"Expected condition failed: waiting for utilities.Waits$$Lambda/0x000001d1a53d3578@2e408d5a (tried for 6 second(s) with 500 milliseconds interval)","trace":"org.openqa.selenium.TimeoutException: Expected condition failed: waiting for utilities.Waits$$Lambda/0x000001d1a53d3578@2e408d5a (tried for 6 second(s) with 500 milliseconds interval)\r\n\tat org.openqa.selenium.support.ui.WebDriverWait.timeoutException(WebDriverWait.java:84)\r\n\tat org.openqa.selenium.support.ui.FluentWait.until(FluentWait.java:228)\r\n\tat utilities.Waits.waitForElementPresent(Waits.java:37)\r\n\tat utilities.Waits.lambda$waitForElementVisible$1(Waits.java:46)\r\n\tat org.openqa.selenium.support.ui.FluentWait.until(FluentWait.java:203)\r\n\tat utilities.Waits.waitForElementVisible(Waits.java:45)\r\n\tat pages.myinfo.PersonalDetailsPage.<init>(PersonalDetailsPage.java:50)\r\n\tat pages.AddEmployeePage.clickSave(AddEmployeePage.java:154)\r\n\tat tests.e2e.CompleteHRWorkflowE2ETest.testCompleteHRWorkflowE2E(CompleteHRWorkflowE2ETest.java:68)\r\n\tat java.base/jdk.internal.reflect.DirectMethodHandleAccessor.invoke(DirectMethodHandleAccessor.java:103)\r\n\tat java.base/java.lang.reflect.Method.invoke(Method.java:580)\r\n\tat org.testng.internal.invokers.MethodInvocationHelper.invokeMethod(MethodInvocationHelper.java:141)\r\n\tat org.testng.internal.invokers.TestInvoker.invokeMethod(TestInvoker.java:687)\r\n\tat org.testng.internal.invokers.TestInvoker.invokeTestMethod(TestInvoker.java:230)\r\n\tat org.testng.internal.invokers.MethodRunner.runInSequence(MethodRunner.java:63)\r\n\tat org.testng.internal.invokers.TestInvoker$MethodInvocationAgent.invoke(TestInvoker.java:995)\r\n\tat org.testng.internal.invokers.TestInvoker.invokeTestMethods(TestInvoker.java:203)\r\n\tat org.testng.internal.invokers.TestMethodWorker.invokeTestMethods(TestMethodWorker.java:154)\r\n\tat org.testng.internal.invokers.TestMethodWorker.run(TestMethodWorker.java:134)\r\n\tat java.base/java.util.ArrayList.forEach(ArrayList.java:1597)\r\n\tat org.testng.TestRunner.privateRun(TestRunner.java:741)\r\n\tat org.testng.TestRunner.run(TestRunner.java:616)\r\n\tat org.testng.SuiteRunner.runTest(SuiteRunner.java:421)\r\n\tat org.testng.SuiteRunner.runSequentially(SuiteRunner.java:413)\r\n\tat org.testng.SuiteRunner.privateRun(SuiteRunner.java:373)\r\n\tat org.testng.SuiteRunner.run(SuiteRunner.java:312)\r\n\tat org.testng.SuiteRunnerWorker.runSuite(SuiteRunnerWorker.java:52)\r\n\tat org.testng.SuiteRunnerWorker.run(SuiteRunnerWorker.java:95)\r\n\tat org.testng.TestNG.runSuitesSequentially(TestNG.java:1274)\r\n\tat org.testng.TestNG.runSuitesLocally(TestNG.java:1208)\r\n\tat org.testng.TestNG.runSuites(TestNG.java:1112)\r\n\tat org.testng.TestNG.run(TestNG.java:1079)\r\n\tat com.intellij.rt.testng.IDEARemoteTestNG.run(IDEARemoteTestNG.java:65)\r\n\tat com.intellij.rt.testng.RemoteTestNGStarter.main(RemoteTestNGStarter.java:105)\r\nCaused by: org.openqa.selenium.NoSuchElementException: no such element: Unable to locate element: {\"method\":\"xpath\",\"selector\":\"//h6[text()='Personal Details']\"}\n  (Session info: chrome=138.0.7204.184)\nFor documentation on this error, please visit: https://www.selenium.dev/documentation/webdriver/troubleshooting/errors#no-such-element-exception\nBuild info: version: '4.34.0', revision: '707dcb4246*'\nSystem info: os.name: 'Windows 10', os.arch: 'amd64', os.version: '10.0', java.version: '22.0.2'\nDriver info: org.openqa.selenium.chrome.ChromeDriver\nCommand: [0cb826719a8712223d4d085e6855b44c, findElement {value=//h6[text()='Personal Details'], using=xpath}]\nCapabilities {acceptInsecureCerts: false, browserName: chrome, browserVersion: 138.0.7204.184, chrome: {chromedriverVersion: 138.0.7204.183 (e90faf484dd..., userDataDir: C:\\Users\\hp\\AppData\\Local\\T...}, fedcm:accounts: true, goog:chromeOptions: {debuggerAddress: localhost:52490}, networkConnectionEnabled: false, pageLoadStrategy: normal, platformName: windows, proxy: Proxy(), se:cdp: ws://localhost:52490/devtoo..., se:cdpVersion: 138.0.7204.184, setWindowRect: true, strictFileInteractability: false, timeouts: {implicit: 0, pageLoad: 300000, script: 30000}, unhandledPromptBehavior: dismiss and notify, webauthn:extension:credBlob: true, webauthn:extension:largeBlob: true, webauthn:extension:minPinLength: true, webauthn:extension:prf: true, webauthn:virtualAuthenticators: true}\nSession ID: 0cb826719a8712223d4d085e6855b44c\r\n\tat java.base/jdk.internal.reflect.DirectConstructorHandleAccessor.newInstance(DirectConstructorHandleAccessor.java:62)\r\n\tat java.base/java.lang.reflect.Constructor.newInstanceWithCaller(Constructor.java:502)\r\n\tat java.base/java.lang.reflect.Constructor.newInstance(Constructor.java:486)\r\n\tat org.openqa.selenium.remote.ErrorCodec.decode(ErrorCodec.java:167)\r\n\tat org.openqa.selenium.remote.codec.w3c.W3CHttpResponseCodec.decode(W3CHttpResponseCodec.java:138)\r\n\tat org.openqa.selenium.remote.codec.w3c.W3CHttpResponseCodec.decode(W3CHttpResponseCodec.java:50)\r\n\tat org.openqa.selenium.remote.HttpCommandExecutor.execute(HttpCommandExecutor.java:215)\r\n\tat org.openqa.selenium.remote.service.DriverCommandExecutor.invokeExecute(DriverCommandExecutor.java:216)\r\n\tat org.openqa.selenium.remote.service.DriverCommandExecutor.execute(DriverCommandExecutor.java:174)\r\n\tat org.openqa.selenium.remote.RemoteWebDriver.execute(RemoteWebDriver.java:544)\r\n\tat org.openqa.selenium.remote.ElementLocation$ElementFinder$2.findElement(ElementLocation.java:165)\r\n\tat org.openqa.selenium.remote.ElementLocation.findElement(ElementLocation.java:59)\r\n\tat org.openqa.selenium.remote.RemoteWebDriver.findElement(RemoteWebDriver.java:367)\r\n\tat org.openqa.selenium.remote.RemoteWebDriver.findElement(RemoteWebDriver.java:361)\r\n\tat utilities.Waits.lambda$waitForElementPresent$0(Waits.java:37)\r\n\tat org.openqa.selenium.support.ui.FluentWait.until(FluentWait.java:203)\r\n\t... 32 more\r\n"},"stage":"finished","description":"E2E Scenario: Login → Recruitment → Add Vacancy → Add Candidate → Add Employee → Add User → Logout","steps":[{"name":"Navigate to OrangeHRM login page","status":"passed","stage":"finished","steps":[{"name":"Navigating to URL: https://opensource-demo.orangehrmlive.com/","status":"passed","stage":"finished","steps":[],"attachments":[],"parameters":[{"name":"url","value":"https://opensource-demo.orangehrmlive.com/"}],"start":1754880502292,"stop":1754880504794},{"name":"Waiting for element to be visible: By.cssSelector: div.orangehrm-login-form","status":"passed","stage":"finished","steps":[{"name":"Waiting for element to be present: By.cssSelector: div.orangehrm-login-form","status":"passed","stage":"finished","steps":[],"attachments":[],"parameters":[{"name":"locator","value":"By.cssSelector: div.orangehrm-login-form"}],"start":1754880504801,"stop":1754880505331}],"attachments":[],"parameters":[{"name":"locator","value":"By.cssSelector: div.orangehrm-login-form"}],"start":1754880504795,"stop":1754880505347}],"attachments":[],"parameters":[],"start":1754880502285,"stop":1754880505347},{"name":"Perform login with username: Admin and password: admin123","status":"passed","stage":"finished","steps":[{"name":"Enter username: Admin","status":"passed","stage":"finished","steps":[{"name":"Clearing field reliably: By.name: username","status":"passed","stage":"finished","steps":[],"attachments":[],"parameters":[{"name":"locator","value":"By.name: username"}],"start":1754880505348,"stop":1754880505618},{"name":"Sending data: Admin to the element: By.name: username","status":"passed","stage":"finished","steps":[],"attachments":[],"parameters":[{"name":"locator","value":"By.name: username"},{"name":"data","value":"Admin"}],"start":1754880505619,"stop":1754880505661}],"attachments":[],"parameters":[{"name":"username","value":"Admin"}],"start":1754880505347,"stop":1754880505661},{"name":"Enter password: admin123","status":"passed","stage":"finished","steps":[{"name":"Clearing field reliably: By.name: password","status":"passed","stage":"finished","steps":[],"attachments":[],"parameters":[{"name":"locator","value":"By.name: password"}],"start":1754880505662,"stop":1754880505800},{"name":"Sending data: admin123 to the element: By.name: password","status":"passed","stage":"finished","steps":[],"attachments":[],"parameters":[{"name":"locator","value":"By.name: password"},{"name":"data","value":"admin123"}],"start":1754880505800,"stop":1754880505854}],"attachments":[],"parameters":[{"name":"password","value":"admin123"}],"start":1754880505662,"stop":1754880505854},{"name":"Click login button","status":"passed","stage":"finished","steps":[{"name":"Clicking on the element: By.cssSelector: button.orangehrm-login-button","status":"passed","stage":"finished","steps":[],"attachments":[],"parameters":[{"name":"locator","value":"By.cssSelector: button.orangehrm-login-button"}],"start":1754880505854,"stop":1754880505953}],"attachments":[],"parameters":[],"start":1754880505854,"stop":1754880505953},{"name":"Assert successful login","status":"passed","stage":"finished","steps":[{"name":"Waiting for 2 seconds","status":"passed","stage":"finished","steps":[],"attachments":[],"parameters":[{"name":"seconds","value":"2"}],"start":1754880505954,"stop":1754880507968},{"name":"Validate Page Url: https://opensource-demo.orangehrmlive.com/web/index.php/dashboard/index","status":"passed","stage":"finished","steps":[{"name":"Getting current URL","status":"passed","stage":"finished","steps":[],"attachments":[],"parameters":[],"start":1754880507968,"stop":1754880507981}],"attachments":[],"parameters":[{"name":"expected","value":"https://opensource-demo.orangehrmlive.com/web/index.php/dashboard/index"}],"start":1754880507968,"stop":1754880507986}],"attachments":[],"parameters":[],"start":1754880505953,"stop":1754880508342}],"attachments":[],"parameters":[{"name":"username","value":"Admin"},{"name":"password","value":"admin123"}],"start":1754880505347,"stop":1754880508342},{"name":"Navigate to Recruitment page","status":"passed","stage":"finished","steps":[{"name":"Navigate to page: Recruitment","status":"passed","stage":"finished","steps":[{"name":"Waiting for element to be visible: By.xpath: //a[contains(@href,'recruitment')]","status":"passed","stage":"finished","steps":[{"name":"Waiting for element to be present: By.xpath: //a[contains(@href,'recruitment')]","status":"passed","stage":"finished","steps":[],"attachments":[],"parameters":[{"name":"locator","value":"By.xpath: //a[contains(@href,'recruitment')]"}],"start":1754880508345,"stop":1754880508397}],"attachments":[],"parameters":[{"name":"locator","value":"By.xpath: //a[contains(@href,'recruitment')]"}],"start":1754880508344,"stop":1754880508416},{"name":"Waiting for element to be visible: By.xpath: //h6[contains(@class,'oxd-text--h6') and text()='Recruitment']","status":"passed","stage":"finished","steps":[{"name":"Waiting for element to be present: By.xpath: //h6[contains(@class,'oxd-text--h6') and text()='Recruitment']","status":"passed","stage":"finished","steps":[],"attachments":[],"parameters":[{"name":"locator","value":"By.xpath: //h6[contains(@class,'oxd-text--h6') and text()='Recruitment']"}],"start":1754880509370,"stop":1754880509899}],"attachments":[],"parameters":[{"name":"locator","value":"By.xpath: //h6[contains(@class,'oxd-text--h6') and text()='Recruitment']"}],"start":1754880509369,"stop":1754880509909}],"attachments":[],"parameters":[{"name":"menuLocator","value":"By.xpath: //a[contains(@href,'recruitment')]"},{"name":"pageName","value":"Recruitment"}],"start":1754880508343,"stop":1754880509909},{"name":"Waiting for element to be visible: By.xpath: //h6[text()='Recruitment']","status":"passed","stage":"finished","steps":[{"name":"Waiting for element to be present: By.xpath: //h6[text()='Recruitment']","status":"passed","stage":"finished","steps":[],"attachments":[],"parameters":[{"name":"locator","value":"By.xpath: //h6[text()='Recruitment']"}],"start":1754880509941,"stop":1754880509963}],"attachments":[],"parameters":[{"name":"locator","value":"By.xpath: //h6[text()='Recruitment']"}],"start":1754880509939,"stop":1754880509979}],"attachments":[],"parameters":[],"start":1754880508343,"stop":1754880509979},{"name":"Click Vacancies tab","status":"passed","stage":"finished","steps":[{"name":"Clicking on the element: By.xpath: //a[text()='Vacancies']","status":"passed","stage":"finished","steps":[],"attachments":[],"parameters":[{"name":"locator","value":"By.xpath: //a[text()='Vacancies']"}],"start":1754880509980,"stop":1754880510829}],"attachments":[],"parameters":[],"start":1754880509980,"stop":1754880510829},{"name":"Click add vacancy button","status":"passed","stage":"finished","steps":[{"name":"Waiting for element to be visible: By.xpath: //button[normalize-space()='Add']","status":"passed","stage":"finished","steps":[{"name":"Waiting for element to be present: By.xpath: //button[normalize-space()='Add']","status":"passed","stage":"finished","steps":[],"attachments":[],"parameters":[{"name":"locator","value":"By.xpath: //button[normalize-space()='Add']"}],"start":1754880510830,"stop":1754880511362}],"attachments":[],"parameters":[{"name":"locator","value":"By.xpath: //button[normalize-space()='Add']"}],"start":1754880510830,"stop":1754880511371},{"name":"Clicking on the element: By.xpath: //button[normalize-space()='Add']","status":"passed","stage":"finished","steps":[],"attachments":[],"parameters":[{"name":"locator","value":"By.xpath: //button[normalize-space()='Add']"}],"start":1754880511372,"stop":1754880512201},{"name":"Waiting for element to be visible: By.xpath: //h6[text()='Add Vacancy']","status":"passed","stage":"finished","steps":[{"name":"Waiting for element to be present: By.xpath: //h6[text()='Add Vacancy']","status":"passed","stage":"finished","steps":[],"attachments":[],"parameters":[{"name":"locator","value":"By.xpath: //h6[text()='Add Vacancy']"}],"start":1754880512202,"stop":1754880512728}],"attachments":[],"parameters":[{"name":"locator","value":"By.xpath: //h6[text()='Add Vacancy']"}],"start":1754880512201,"stop":1754880512738}],"attachments":[],"parameters":[],"start":1754880510830,"stop":1754880512738},{"name":"Add vacancy with details: Software Testing Engineer, job title: QA Engineer","status":"passed","stage":"finished","steps":[{"name":"Enter vacancy name: Software Testing Engineer","status":"passed","stage":"finished","steps":[{"name":"Clearing field reliably: By.xpath: //label[text()='Vacancy Name']/following::input[1]","status":"passed","stage":"finished","steps":[],"attachments":[],"parameters":[{"name":"locator","value":"By.xpath: //label[text()='Vacancy Name']/following::input[1]"}],"start":1754880512739,"stop":1754880512861},{"name":"Sending data: Software Testing Engineer to the element: By.xpath: //label[text()='Vacancy Name']/following::input[1]","status":"passed","stage":"finished","steps":[],"attachments":[],"parameters":[{"name":"locator","value":"By.xpath: //label[text()='Vacancy Name']/following::input[1]"},{"name":"data","value":"Software Testing Engineer"}],"start":1754880512861,"stop":1754880512928}],"attachments":[],"parameters":[{"name":"vacancyName","value":"Software Testing Engineer"}],"start":1754880512738,"stop":1754880512929},{"name":"Select job title: QA Engineer","status":"passed","stage":"finished","steps":[{"name":"Selecting from custom dropdown: QA Engineer","status":"passed","stage":"finished","steps":[{"name":"Waiting for element to be visible: By.xpath: //div[@role='listbox']//span[text()='QA Engineer']","status":"passed","stage":"finished","steps":[{"name":"Waiting for element to be present: By.xpath: //div[@role='listbox']//span[text()='QA Engineer']","status":"passed","stage":"finished","steps":[],"attachments":[],"parameters":[{"name":"locator","value":"By.xpath: //div[@role='listbox']//span[text()='QA Engineer']"}],"start":1754880512998,"stop":1754880513543}],"attachments":[],"parameters":[{"name":"locator","value":"By.xpath: //div[@role='listbox']//span[text()='QA Engineer']"}],"start":1754880512997,"stop":1754880513561}],"attachments":[],"parameters":[{"name":"dropdownLocator","value":"By.xpath: //label[text()='Job Title']/following::div[contains(@class,'oxd-select-wrapper')]"},{"name":"optionText","value":"QA Engineer"}],"start":1754880512929,"stop":1754880513629}],"attachments":[],"parameters":[{"name":"jobTitle","value":"QA Engineer"}],"start":1754880512929,"stop":1754880513629},{"name":"Enter description: Junior software tester (0 - 6 months experience)","status":"passed","stage":"finished","steps":[{"name":"Clearing field reliably: By.xpath: //label[text()='Description']/following::textarea[1]","status":"passed","stage":"finished","steps":[],"attachments":[],"parameters":[{"name":"locator","value":"By.xpath: //label[text()='Description']/following::textarea[1]"}],"start":1754880513630,"stop":1754880513736},{"name":"Sending data: Junior software tester (0 - 6 months experience) to the element: By.xpath: //label[text()='Description']/following::textarea[1]","status":"passed","stage":"finished","steps":[],"attachments":[],"parameters":[{"name":"locator","value":"By.xpath: //label[text()='Description']/following::textarea[1]"},{"name":"data","value":"Junior software tester (0 - 6 months experience)"}],"start":1754880513737,"stop":1754880513831}],"attachments":[],"parameters":[{"name":"description","value":"Junior software tester (0 - 6 months experience)"}],"start":1754880513630,"stop":1754880513831},{"name":"Select hiring manager with input: a and select: Ranga Akunuri","status":"passed","stage":"finished","steps":[{"name":"Entering autocomplete field with text: a and selecting: Ranga Akunuri","status":"passed","stage":"finished","steps":[{"name":"Waiting for element to be visible: By.xpath: //input[@placeholder='Type for hints...']","status":"passed","stage":"finished","steps":[{"name":"Waiting for element to be present: By.xpath: //input[@placeholder='Type for hints...']","status":"passed","stage":"finished","steps":[],"attachments":[],"parameters":[{"name":"locator","value":"By.xpath: //input[@placeholder='Type for hints...']"}],"start":1754880513845,"stop":1754880513854}],"attachments":[],"parameters":[{"name":"locator","value":"By.xpath: //input[@placeholder='Type for hints...']"}],"start":1754880513845,"stop":1754880513864},{"name":"Waiting for element to be visible: By.xpath: //div[@role='option'] | //div[@class='oxd-autocomplete-dropdown'] | //ul[@class='oxd-autocomplete-dropdown']","status":"passed","stage":"finished","steps":[{"name":"Waiting for element to be present: By.xpath: //div[@role='option'] | //div[@class='oxd-autocomplete-dropdown'] | //ul[@class='oxd-autocomplete-dropdown']","status":"passed","stage":"finished","steps":[],"attachments":[],"parameters":[{"name":"locator","value":"By.xpath: //div[@role='option'] | //div[@class='oxd-autocomplete-dropdown'] | //ul[@class='oxd-autocomplete-dropdown']"}],"start":1754880513994,"stop":1754880514006}],"attachments":[],"parameters":[{"name":"locator","value":"By.xpath: //div[@role='option'] | //div[@class='oxd-autocomplete-dropdown'] | //ul[@class='oxd-autocomplete-dropdown']"}],"start":1754880513993,"stop":1754880514015},{"name":"Waiting for element to be visible: By.xpath: //div[@role='option'] | //div[@class='oxd-autocomplete-dropdown']//div | //ul[@class='oxd-autocomplete-dropdown']//li","status":"passed","stage":"finished","steps":[{"name":"Waiting for element to be present: By.xpath: //div[@role='option'] | //div[@class='oxd-autocomplete-dropdown']//div | //ul[@class='oxd-autocomplete-dropdown']//li","status":"passed","stage":"finished","steps":[],"attachments":[],"parameters":[{"name":"locator","value":"By.xpath: //div[@role='option'] | //div[@class='oxd-autocomplete-dropdown']//div | //ul[@class='oxd-autocomplete-dropdown']//li"}],"start":1754880514016,"stop":1754880514028}],"attachments":[],"parameters":[{"name":"locator","value":"By.xpath: //div[@role='option'] | //div[@class='oxd-autocomplete-dropdown']//div | //ul[@class='oxd-autocomplete-dropdown']//li"}],"start":1754880514015,"stop":1754880514036}],"attachments":[],"parameters":[{"name":"inputFieldLocator","value":"By.xpath: //input[@placeholder='Type for hints...']"},{"name":"inputText","value":"a"},{"name":"nameToSelect","value":"Ranga Akunuri"}],"start":1754880513832,"stop":1754880515876}],"attachments":[],"parameters":[{"name":"inputText","value":"a"},{"name":"nameToSelect","value":"Ranga Akunuri"}],"start":1754880513831,"stop":1754880515876},{"name":"Enter number of positions: 1","status":"passed","stage":"finished","steps":[{"name":"Clearing field reliably: By.xpath: //label[text()='Number of Positions']/following::input[1]","status":"passed","stage":"finished","steps":[],"attachments":[],"parameters":[{"name":"locator","value":"By.xpath: //label[text()='Number of Positions']/following::input[1]"}],"start":1754880515876,"stop":1754880515988},{"name":"Sending data: 1 to the element: By.xpath: //label[text()='Number of Positions']/following::input[1]","status":"passed","stage":"finished","steps":[],"attachments":[],"parameters":[{"name":"locator","value":"By.xpath: //label[text()='Number of Positions']/following::input[1]"},{"name":"data","value":"1"}],"start":1754880515989,"stop":1754880516020}],"attachments":[],"parameters":[{"name":"number","value":"1"}],"start":1754880515876,"stop":1754880516020}],"attachments":[],"parameters":[{"name":"vacancyName","value":"Software Testing Engineer"},{"name":"jobTitle","value":"QA Engineer"},{"name":"description","value":"Junior software tester (0 - 6 months experience)"},{"name":"hiringManagerInput","value":"a"},{"name":"hiringManagerSelect","value":"Ranga Akunuri"},{"name":"numberOfPositions","value":"1"}],"start":1754880512738,"stop":1754880516020},{"name":"Click save button","status":"passed","stage":"finished","steps":[{"name":"Clicking on the element: By.xpath: //button[normalize-space()='Save']","status":"passed","stage":"finished","steps":[],"attachments":[],"parameters":[{"name":"locator","value":"By.xpath: //button[normalize-space()='Save']"}],"start":1754880516021,"stop":1754880516084},{"name":"Waiting for element to be visible: By.xpath: //h6[text()='Recruitment']","status":"passed","stage":"finished","steps":[{"name":"Waiting for element to be present: By.xpath: //h6[text()='Recruitment']","status":"passed","stage":"finished","steps":[],"attachments":[],"parameters":[{"name":"locator","value":"By.xpath: //h6[text()='Recruitment']"}],"start":1754880516085,"stop":1754880516095}],"attachments":[],"parameters":[{"name":"locator","value":"By.xpath: //h6[text()='Recruitment']"}],"start":1754880516084,"stop":1754880516113}],"attachments":[],"parameters":[],"start":1754880516021,"stop":1754880516113},{"name":"Click candidates button","status":"passed","stage":"finished","steps":[{"name":"Clicking on the element: By.xpath: //a[text()='Candidates']","status":"passed","stage":"finished","steps":[],"attachments":[],"parameters":[{"name":"locator","value":"By.xpath: //a[text()='Candidates']"}],"start":1754880516114,"stop":1754880518431},{"name":"Waiting for element to be visible: By.xpath: //h6[text()='Recruitment']","status":"passed","stage":"finished","steps":[{"name":"Waiting for element to be present: By.xpath: //h6[text()='Recruitment']","status":"passed","stage":"finished","steps":[],"attachments":[],"parameters":[{"name":"locator","value":"By.xpath: //h6[text()='Recruitment']"}],"start":1754880518432,"stop":1754880520541}],"attachments":[],"parameters":[{"name":"locator","value":"By.xpath: //h6[text()='Recruitment']"}],"start":1754880518431,"stop":1754880520553}],"attachments":[],"parameters":[],"start":1754880516113,"stop":1754880520553},{"name":"Click add button","status":"passed","stage":"finished","steps":[{"name":"Clicking on the element: By.xpath: //button[normalize-space()='Add']","status":"passed","stage":"finished","steps":[],"attachments":[],"parameters":[{"name":"locator","value":"By.xpath: //button[normalize-space()='Add']"}],"start":1754880520554,"stop":1754880522608},{"name":"Waiting for element to be visible: By.xpath: //h6[text()='Add Candidate']","status":"passed","stage":"finished","steps":[{"name":"Waiting for element to be present: By.xpath: //h6[text()='Add Candidate']","status":"passed","stage":"finished","steps":[],"attachments":[],"parameters":[{"name":"locator","value":"By.xpath: //h6[text()='Add Candidate']"}],"start":1754880522609,"stop":1754880523664}],"attachments":[],"parameters":[{"name":"locator","value":"By.xpath: //h6[text()='Add Candidate']"}],"start":1754880522608,"stop":1754880523672}],"attachments":[],"parameters":[],"start":1754880520554,"stop":1754880523672},{"name":"Add candidate with all details: Abdelrahman Ibrahim, email: abdelrahman.hamdy12799@gmail.com, vacancy: Software Engineer","status":"passed","stage":"finished","steps":[{"name":"Enter first name: Abdelrahman","status":"passed","stage":"finished","steps":[{"name":"Clearing field reliably: By.name: firstName","status":"passed","stage":"finished","steps":[],"attachments":[],"parameters":[{"name":"locator","value":"By.name: firstName"}],"start":1754880523673,"stop":1754880523788},{"name":"Sending data: Abdelrahman to the element: By.name: firstName","status":"passed","stage":"finished","steps":[],"attachments":[],"parameters":[{"name":"locator","value":"By.name: firstName"},{"name":"data","value":"Abdelrahman"}],"start":1754880523788,"stop":1754880523836}],"attachments":[],"parameters":[{"name":"firstName","value":"Abdelrahman"}],"start":1754880523673,"stop":1754880523836},{"name":"Enter middle name: Hamdy","status":"passed","stage":"finished","steps":[{"name":"Clearing field reliably: By.name: middleName","status":"passed","stage":"finished","steps":[],"attachments":[],"parameters":[{"name":"locator","value":"By.name: middleName"}],"start":1754880523837,"stop":1754880523947},{"name":"Sending data: Hamdy to the element: By.name: middleName","status":"passed","stage":"finished","steps":[],"attachments":[],"parameters":[{"name":"locator","value":"By.name: middleName"},{"name":"data","value":"Hamdy"}],"start":1754880523947,"stop":1754880523983}],"attachments":[],"parameters":[{"name":"middleName","value":"Hamdy"}],"start":1754880523836,"stop":1754880523983},{"name":"Enter last name: Ibrahim","status":"passed","stage":"finished","steps":[{"name":"Clearing field reliably: By.name: lastName","status":"passed","stage":"finished","steps":[],"attachments":[],"parameters":[{"name":"locator","value":"By.name: lastName"}],"start":1754880523984,"stop":1754880524094},{"name":"Sending data: Ibrahim to the element: By.name: lastName","status":"passed","stage":"finished","steps":[],"attachments":[],"parameters":[{"name":"locator","value":"By.name: lastName"},{"name":"data","value":"Ibrahim"}],"start":1754880524094,"stop":1754880524134}],"attachments":[],"parameters":[{"name":"lastName","value":"Ibrahim"}],"start":1754880523984,"stop":1754880524134},{"name":"Enter email: abdelrahman.hamdy12799@gmail.com","status":"passed","stage":"finished","steps":[{"name":"Clearing field reliably: By.xpath: //label[text()='Email']/following::input[1]","status":"passed","stage":"finished","steps":[],"attachments":[],"parameters":[{"name":"locator","value":"By.xpath: //label[text()='Email']/following::input[1]"}],"start":1754880524134,"stop":1754880524252},{"name":"Sending data: abdelrahman.hamdy12799@gmail.com to the element: By.xpath: //label[text()='Email']/following::input[1]","status":"passed","stage":"finished","steps":[],"attachments":[],"parameters":[{"name":"locator","value":"By.xpath: //label[text()='Email']/following::input[1]"},{"name":"data","value":"abdelrahman.hamdy12799@gmail.com"}],"start":1754880524252,"stop":1754880524330}],"attachments":[],"parameters":[{"name":"email","value":"abdelrahman.hamdy12799@gmail.com"}],"start":1754880524134,"stop":1754880524330},{"name":"Enter contact number: +201033223147","status":"passed","stage":"finished","steps":[{"name":"Clearing field reliably: By.xpath: //label[text()='Contact Number']/following::input[1]","status":"passed","stage":"finished","steps":[],"attachments":[],"parameters":[{"name":"locator","value":"By.xpath: //label[text()='Contact Number']/following::input[1]"}],"start":1754880524331,"stop":1754880524443},{"name":"Sending data: +201033223147 to the element: By.xpath: //label[text()='Contact Number']/following::input[1]","status":"passed","stage":"finished","steps":[],"attachments":[],"parameters":[{"name":"locator","value":"By.xpath: //label[text()='Contact Number']/following::input[1]"},{"name":"data","value":"+201033223147"}],"start":1754880524443,"stop":1754880524496}],"attachments":[],"parameters":[{"name":"number","value":"+201033223147"}],"start":1754880524330,"stop":1754880524496},{"name":"Select vacancy: Software Engineer","status":"passed","stage":"finished","steps":[{"name":"Selecting from custom dropdown: Software Engineer","status":"passed","stage":"finished","steps":[{"name":"Waiting for element to be visible: By.xpath: //div[@role='listbox']//span[text()='Software Engineer']","status":"passed","stage":"finished","steps":[{"name":"Waiting for element to be present: By.xpath: //div[@role='listbox']//span[text()='Software Engineer']","status":"passed","stage":"finished","steps":[],"attachments":[],"parameters":[{"name":"locator","value":"By.xpath: //div[@role='listbox']//span[text()='Software Engineer']"}],"start":1754880524564,"stop":1754880524578}],"attachments":[],"parameters":[{"name":"locator","value":"By.xpath: //div[@role='listbox']//span[text()='Software Engineer']"}],"start":1754880524563,"stop":1754880524585}],"attachments":[],"parameters":[{"name":"dropdownLocator","value":"By.xpath: //label[text()='Vacancy']/following::div[contains(@class,'oxd-select-wrapper')]"},{"name":"optionText","value":"Software Engineer"}],"start":1754880524496,"stop":1754880524650}],"attachments":[],"parameters":[{"name":"vacancyText","value":"Software Engineer"}],"start":1754880524496,"stop":1754880524650},{"name":"Upload resume: E:\\Newest desktop\\ITI Material\\Abdelrahman_Hamdy_Software_Tester.pdf","status":"passed","stage":"finished","steps":[],"attachments":[],"parameters":[{"name":"filePath","value":"E:\\Newest desktop\\ITI Material\\Abdelrahman_Hamdy_Software_Tester.pdf"}],"start":1754880524650,"stop":1754880524690},{"name":"Enter keywords: Selenium, Java, TestNG","status":"passed","stage":"finished","steps":[{"name":"Clearing field reliably: By.xpath: //label[text()='Keywords']/following::input[1]","status":"passed","stage":"finished","steps":[],"attachments":[],"parameters":[{"name":"locator","value":"By.xpath: //label[text()='Keywords']/following::input[1]"}],"start":1754880524691,"stop":1754880524813},{"name":"Sending data: Selenium, Java, TestNG to the element: By.xpath: //label[text()='Keywords']/following::input[1]","status":"passed","stage":"finished","steps":[],"attachments":[],"parameters":[{"name":"locator","value":"By.xpath: //label[text()='Keywords']/following::input[1]"},{"name":"data","value":"Selenium, Java, TestNG"}],"start":1754880524813,"stop":1754880524868}],"attachments":[],"parameters":[{"name":"keywords","value":"Selenium, Java, TestNG"}],"start":1754880524691,"stop":1754880524868},{"name":"Enter notes: Experienced QA engineer with strong automation skills","status":"passed","stage":"finished","steps":[{"name":"Clearing field reliably: By.xpath: //label[text()='Notes']/following::textarea[1]","status":"passed","stage":"finished","steps":[],"attachments":[],"parameters":[{"name":"locator","value":"By.xpath: //label[text()='Notes']/following::textarea[1]"}],"start":1754880524869,"stop":1754880525064},{"name":"Sending data: Experienced QA engineer with strong automation skills to the element: By.xpath: //label[text()='Notes']/following::textarea[1]","status":"passed","stage":"finished","steps":[],"attachments":[],"parameters":[{"name":"locator","value":"By.xpath: //label[text()='Notes']/following::textarea[1]"},{"name":"data","value":"Experienced QA engineer with strong automation skills"}],"start":1754880525065,"stop":1754880525195}],"attachments":[],"parameters":[{"name":"note","value":"Experienced QA engineer with strong automation skills"}],"start":1754880524869,"stop":1754880525195},{"name":"Set consent: true","status":"passed","stage":"finished","steps":[{"name":"Checking checkbox: By.cssSelector: span[class='oxd-checkbox-input oxd-checkbox-input--active --label-right oxd-checkbox-input']","status":"passed","stage":"finished","steps":[],"attachments":[],"parameters":[{"name":"locator","value":"By.cssSelector: span[class='oxd-checkbox-input oxd-checkbox-input--active --label-right oxd-checkbox-input']"}],"start":1754880525196,"stop":1754880525310}],"attachments":[],"parameters":[{"name":"check","value":"true"}],"start":1754880525196,"stop":1754880525310}],"attachments":[],"parameters":[{"name":"firstName","value":"Abdelrahman"},{"name":"middleName","value":"Hamdy"},{"name":"lastName","value":"Ibrahim"},{"name":"email","value":"abdelrahman.hamdy12799@gmail.com"},{"name":"contactNumber","value":"+201033223147"},{"name":"vacancy","value":"Software Engineer"},{"name":"resumePath","value":"E:\\Newest desktop\\ITI Material\\Abdelrahman_Hamdy_Software_Tester.pdf"},{"name":"keywords","value":"Selenium, Java, TestNG"},{"name":"notes","value":"Experienced QA engineer with strong automation skills"},{"name":"consent","value":"true"}],"start":1754880523673,"stop":1754880525310},{"name":"Click save button","status":"passed","stage":"finished","steps":[{"name":"Clicking on the element: By.cssSelector: button[type='submit']","status":"passed","stage":"finished","steps":[],"attachments":[],"parameters":[{"name":"locator","value":"By.cssSelector: button[type='submit']"}],"start":1754880525311,"stop":1754880525381}],"attachments":[],"parameters":[],"start":1754880525310,"stop":1754880525381},{"name":"Assert success toast is displayed","status":"passed","stage":"finished","steps":[{"name":"Waiting for toast message and getting text","status":"passed","stage":"finished","steps":[],"attachments":[],"parameters":[],"start":1754880525382,"stop":1754880527020},{"name":"Validate True","status":"passed","stage":"finished","steps":[],"attachments":[],"parameters":[{"name":"condition","value":"true"},{"name":"message","value":"Success toast message should be displayed"}],"start":1754880527020,"stop":1754880527021}],"attachments":[],"parameters":[],"start":1754880525382,"stop":1754880527021},{"name":"Navigate to PIM page","status":"passed","stage":"finished","steps":[{"name":"Navigate to page: PIM","status":"passed","stage":"finished","steps":[{"name":"Waiting for element to be visible: By.xpath: //a[contains(@href,'pim')]","status":"passed","stage":"finished","steps":[{"name":"Waiting for element to be present: By.xpath: //a[contains(@href,'pim')]","status":"passed","stage":"finished","steps":[],"attachments":[],"parameters":[{"name":"locator","value":"By.xpath: //a[contains(@href,'pim')]"}],"start":1754880527023,"stop":1754880527035}],"attachments":[],"parameters":[{"name":"locator","value":"By.xpath: //a[contains(@href,'pim')]"}],"start":1754880527021,"stop":1754880527043},{"name":"Waiting for element to be visible: By.xpath: //h6[contains(@class,'oxd-text--h6') and text()='PIM']","status":"passed","stage":"finished","steps":[{"name":"Waiting for element to be present: By.xpath: //h6[contains(@class,'oxd-text--h6') and text()='PIM']","status":"passed","stage":"finished","steps":[],"attachments":[],"parameters":[{"name":"locator","value":"By.xpath: //h6[contains(@class,'oxd-text--h6') and text()='PIM']"}],"start":1754880528339,"stop":1754880528865}],"attachments":[],"parameters":[{"name":"locator","value":"By.xpath: //h6[contains(@class,'oxd-text--h6') and text()='PIM']"}],"start":1754880528339,"stop":1754880528874}],"attachments":[],"parameters":[{"name":"menuLocator","value":"By.xpath: //a[contains(@href,'pim')]"},{"name":"pageName","value":"PIM"}],"start":1754880527021,"stop":1754880528875},{"name":"Waiting for element to be visible: By.xpath: //h6[text()='PIM']","status":"passed","stage":"finished","steps":[{"name":"Waiting for element to be present: By.xpath: //h6[text()='PIM']","status":"passed","stage":"finished","steps":[],"attachments":[],"parameters":[{"name":"locator","value":"By.xpath: //h6[text()='PIM']"}],"start":1754880528884,"stop":1754880528898}],"attachments":[],"parameters":[{"name":"locator","value":"By.xpath: //h6[text()='PIM']"}],"start":1754880528884,"stop":1754880528905}],"attachments":[],"parameters":[],"start":1754880527021,"stop":1754880528905},{"name":"Click add employee button","status":"passed","stage":"finished","steps":[{"name":"Clicking on the element: By.xpath: //button[normalize-space()='Add']","status":"passed","stage":"finished","steps":[],"attachments":[],"parameters":[{"name":"locator","value":"By.xpath: //button[normalize-space()='Add']"}],"start":1754880528907,"stop":1754880530057},{"name":"Waiting for element to be visible: By.xpath: //h6[text()='Add Employee']","status":"passed","stage":"finished","steps":[{"name":"Waiting for element to be present: By.xpath: //h6[text()='Add Employee']","status":"passed","stage":"finished","steps":[],"attachments":[],"parameters":[{"name":"locator","value":"By.xpath: //h6[text()='Add Employee']"}],"start":1754880530061,"stop":1754880530636}],"attachments":[],"parameters":[{"name":"locator","value":"By.xpath: //h6[text()='Add Employee']"}],"start":1754880530060,"stop":1754880530682}],"attachments":[],"parameters":[],"start":1754880528907,"stop":1754880530682},{"name":"Enter first name: Michael","status":"passed","stage":"finished","steps":[{"name":"Clearing field reliably: By.name: firstName","status":"passed","stage":"finished","steps":[],"attachments":[],"parameters":[{"name":"locator","value":"By.name: firstName"}],"start":1754880530683,"stop":1754880531734},{"name":"Sending data: Michael to the element: By.name: firstName","status":"passed","stage":"finished","steps":[],"attachments":[],"parameters":[{"name":"locator","value":"By.name: firstName"},{"name":"data","value":"Michael"}],"start":1754880531735,"stop":1754880531779}],"attachments":[],"parameters":[{"name":"firstName","value":"Michael"}],"start":1754880530682,"stop":1754880531779},{"name":"Enter last name: Johnson","status":"passed","stage":"finished","steps":[{"name":"Clearing field reliably: By.name: lastName","status":"passed","stage":"finished","steps":[],"attachments":[],"parameters":[{"name":"locator","value":"By.name: lastName"}],"start":1754880531779,"stop":1754880531882},{"name":"Sending data: Johnson to the element: By.name: lastName","status":"passed","stage":"finished","steps":[],"attachments":[],"parameters":[{"name":"locator","value":"By.name: lastName"},{"name":"data","value":"Johnson"}],"start":1754880531882,"stop":1754880531923}],"attachments":[],"parameters":[{"name":"lastName","value":"Johnson"}],"start":1754880531779,"stop":1754880531923},{"name":"Enter employee ID: EMP015","status":"passed","stage":"finished","steps":[{"name":"Clearing field reliably: By.xpath: //label[text()='Employee Id']/following::input[1]","status":"passed","stage":"finished","steps":[],"attachments":[],"parameters":[{"name":"locator","value":"By.xpath: //label[text()='Employee Id']/following::input[1]"}],"start":1754880531924,"stop":1754880532040},{"name":"Sending data: EMP015 to the element: By.xpath: //label[text()='Employee Id']/following::input[1]","status":"passed","stage":"finished","steps":[],"attachments":[],"parameters":[{"name":"locator","value":"By.xpath: //label[text()='Employee Id']/following::input[1]"},{"name":"data","value":"EMP015"}],"start":1754880532040,"stop":1754880532076}],"attachments":[],"parameters":[{"name":"empId","value":"EMP015"}],"start":1754880531924,"stop":1754880532076},{"name":"Click save button","status":"broken","statusDetails":{"known":false,"muted":false,"flaky":false,"message":"Expected condition failed: waiting for utilities.Waits$$Lambda/0x000001d1a53d3578@2e408d5a (tried for 6 second(s) with 500 milliseconds interval)","trace":"org.openqa.selenium.TimeoutException: Expected condition failed: waiting for utilities.Waits$$Lambda/0x000001d1a53d3578@2e408d5a (tried for 6 second(s) with 500 milliseconds interval)\r\n\tat org.openqa.selenium.support.ui.WebDriverWait.timeoutException(WebDriverWait.java:84)\r\n\tat org.openqa.selenium.support.ui.FluentWait.until(FluentWait.java:228)\r\n\tat utilities.Waits.waitForElementPresent(Waits.java:37)\r\n\tat utilities.Waits.lambda$waitForElementVisible$1(Waits.java:46)\r\n\tat org.openqa.selenium.support.ui.FluentWait.until(FluentWait.java:203)\r\n\tat utilities.Waits.waitForElementVisible(Waits.java:45)\r\n\tat pages.myinfo.PersonalDetailsPage.<init>(PersonalDetailsPage.java:50)\r\n\tat pages.AddEmployeePage.clickSave(AddEmployeePage.java:154)\r\n\tat tests.e2e.CompleteHRWorkflowE2ETest.testCompleteHRWorkflowE2E(CompleteHRWorkflowE2ETest.java:68)\r\n\tat java.base/jdk.internal.reflect.DirectMethodHandleAccessor.invoke(DirectMethodHandleAccessor.java:103)\r\n\tat java.base/java.lang.reflect.Method.invoke(Method.java:580)\r\n\tat org.testng.internal.invokers.MethodInvocationHelper.invokeMethod(MethodInvocationHelper.java:141)\r\n\tat org.testng.internal.invokers.TestInvoker.invokeMethod(TestInvoker.java:687)\r\n\tat org.testng.internal.invokers.TestInvoker.invokeTestMethod(TestInvoker.java:230)\r\n\tat org.testng.internal.invokers.MethodRunner.runInSequence(MethodRunner.java:63)\r\n\tat org.testng.internal.invokers.TestInvoker$MethodInvocationAgent.invoke(TestInvoker.java:995)\r\n\tat org.testng.internal.invokers.TestInvoker.invokeTestMethods(TestInvoker.java:203)\r\n\tat org.testng.internal.invokers.TestMethodWorker.invokeTestMethods(TestMethodWorker.java:154)\r\n\tat org.testng.internal.invokers.TestMethodWorker.run(TestMethodWorker.java:134)\r\n\tat java.base/java.util.ArrayList.forEach(ArrayList.java:1597)\r\n\tat org.testng.TestRunner.privateRun(TestRunner.java:741)\r\n\tat org.testng.TestRunner.run(TestRunner.java:616)\r\n\tat org.testng.SuiteRunner.runTest(SuiteRunner.java:421)\r\n\tat org.testng.SuiteRunner.runSequentially(SuiteRunner.java:413)\r\n\tat org.testng.SuiteRunner.privateRun(SuiteRunner.java:373)\r\n\tat org.testng.SuiteRunner.run(SuiteRunner.java:312)\r\n\tat org.testng.SuiteRunnerWorker.runSuite(SuiteRunnerWorker.java:52)\r\n\tat org.testng.SuiteRunnerWorker.run(SuiteRunnerWorker.java:95)\r\n\tat org.testng.TestNG.runSuitesSequentially(TestNG.java:1274)\r\n\tat org.testng.TestNG.runSuitesLocally(TestNG.java:1208)\r\n\tat org.testng.TestNG.runSuites(TestNG.java:1112)\r\n\tat org.testng.TestNG.run(TestNG.java:1079)\r\n\tat com.intellij.rt.testng.IDEARemoteTestNG.run(IDEARemoteTestNG.java:65)\r\n\tat com.intellij.rt.testng.RemoteTestNGStarter.main(RemoteTestNGStarter.java:105)\r\nCaused by: org.openqa.selenium.NoSuchElementException: no such element: Unable to locate element: {\"method\":\"xpath\",\"selector\":\"//h6[text()='Personal Details']\"}\n  (Session info: chrome=138.0.7204.184)\nFor documentation on this error, please visit: https://www.selenium.dev/documentation/webdriver/troubleshooting/errors#no-such-element-exception\nBuild info: version: '4.34.0', revision: '707dcb4246*'\nSystem info: os.name: 'Windows 10', os.arch: 'amd64', os.version: '10.0', java.version: '22.0.2'\nDriver info: org.openqa.selenium.chrome.ChromeDriver\nCommand: [0cb826719a8712223d4d085e6855b44c, findElement {value=//h6[text()='Personal Details'], using=xpath}]\nCapabilities {acceptInsecureCerts: false, browserName: chrome, browserVersion: 138.0.7204.184, chrome: {chromedriverVersion: 138.0.7204.183 (e90faf484dd..., userDataDir: C:\\Users\\hp\\AppData\\Local\\T...}, fedcm:accounts: true, goog:chromeOptions: {debuggerAddress: localhost:52490}, networkConnectionEnabled: false, pageLoadStrategy: normal, platformName: windows, proxy: Proxy(), se:cdp: ws://localhost:52490/devtoo..., se:cdpVersion: 138.0.7204.184, setWindowRect: true, strictFileInteractability: false, timeouts: {implicit: 0, pageLoad: 300000, script: 30000}, unhandledPromptBehavior: dismiss and notify, webauthn:extension:credBlob: true, webauthn:extension:largeBlob: true, webauthn:extension:minPinLength: true, webauthn:extension:prf: true, webauthn:virtualAuthenticators: true}\nSession ID: 0cb826719a8712223d4d085e6855b44c\r\n\tat java.base/jdk.internal.reflect.DirectConstructorHandleAccessor.newInstance(DirectConstructorHandleAccessor.java:62)\r\n\tat java.base/java.lang.reflect.Constructor.newInstanceWithCaller(Constructor.java:502)\r\n\tat java.base/java.lang.reflect.Constructor.newInstance(Constructor.java:486)\r\n\tat org.openqa.selenium.remote.ErrorCodec.decode(ErrorCodec.java:167)\r\n\tat org.openqa.selenium.remote.codec.w3c.W3CHttpResponseCodec.decode(W3CHttpResponseCodec.java:138)\r\n\tat org.openqa.selenium.remote.codec.w3c.W3CHttpResponseCodec.decode(W3CHttpResponseCodec.java:50)\r\n\tat org.openqa.selenium.remote.HttpCommandExecutor.execute(HttpCommandExecutor.java:215)\r\n\tat org.openqa.selenium.remote.service.DriverCommandExecutor.invokeExecute(DriverCommandExecutor.java:216)\r\n\tat org.openqa.selenium.remote.service.DriverCommandExecutor.execute(DriverCommandExecutor.java:174)\r\n\tat org.openqa.selenium.remote.RemoteWebDriver.execute(RemoteWebDriver.java:544)\r\n\tat org.openqa.selenium.remote.ElementLocation$ElementFinder$2.findElement(ElementLocation.java:165)\r\n\tat org.openqa.selenium.remote.ElementLocation.findElement(ElementLocation.java:59)\r\n\tat org.openqa.selenium.remote.RemoteWebDriver.findElement(RemoteWebDriver.java:367)\r\n\tat org.openqa.selenium.remote.RemoteWebDriver.findElement(RemoteWebDriver.java:361)\r\n\tat utilities.Waits.lambda$waitForElementPresent$0(Waits.java:37)\r\n\tat org.openqa.selenium.support.ui.FluentWait.until(FluentWait.java:203)\r\n\t... 32 more\r\n"},"stage":"finished","steps":[{"name":"Clicking on the element: By.cssSelector: button[type='submit']","status":"passed","stage":"finished","steps":[],"attachments":[],"parameters":[{"name":"locator","value":"By.cssSelector: button[type='submit']"}],"start":1754880532076,"stop":1754880532132},{"name":"Waiting for element to be visible: By.xpath: //h6[text()='Personal Details']","status":"broken","statusDetails":{"known":false,"muted":false,"flaky":false,"message":"Expected condition failed: waiting for utilities.Waits$$Lambda/0x000001d1a53d3578@2e408d5a (tried for 6 second(s) with 500 milliseconds interval)","trace":"org.openqa.selenium.TimeoutException: Expected condition failed: waiting for utilities.Waits$$Lambda/0x000001d1a53d3578@2e408d5a (tried for 6 second(s) with 500 milliseconds interval)\r\n\tat org.openqa.selenium.support.ui.WebDriverWait.timeoutException(WebDriverWait.java:84)\r\n\tat org.openqa.selenium.support.ui.FluentWait.until(FluentWait.java:228)\r\n\tat utilities.Waits.waitForElementPresent(Waits.java:37)\r\n\tat utilities.Waits.lambda$waitForElementVisible$1(Waits.java:46)\r\n\tat org.openqa.selenium.support.ui.FluentWait.until(FluentWait.java:203)\r\n\tat utilities.Waits.waitForElementVisible(Waits.java:45)\r\n\tat pages.myinfo.PersonalDetailsPage.<init>(PersonalDetailsPage.java:50)\r\n\tat pages.AddEmployeePage.clickSave(AddEmployeePage.java:154)\r\n\tat tests.e2e.CompleteHRWorkflowE2ETest.testCompleteHRWorkflowE2E(CompleteHRWorkflowE2ETest.java:68)\r\n\tat java.base/jdk.internal.reflect.DirectMethodHandleAccessor.invoke(DirectMethodHandleAccessor.java:103)\r\n\tat java.base/java.lang.reflect.Method.invoke(Method.java:580)\r\n\tat org.testng.internal.invokers.MethodInvocationHelper.invokeMethod(MethodInvocationHelper.java:141)\r\n\tat org.testng.internal.invokers.TestInvoker.invokeMethod(TestInvoker.java:687)\r\n\tat org.testng.internal.invokers.TestInvoker.invokeTestMethod(TestInvoker.java:230)\r\n\tat org.testng.internal.invokers.MethodRunner.runInSequence(MethodRunner.java:63)\r\n\tat org.testng.internal.invokers.TestInvoker$MethodInvocationAgent.invoke(TestInvoker.java:995)\r\n\tat org.testng.internal.invokers.TestInvoker.invokeTestMethods(TestInvoker.java:203)\r\n\tat org.testng.internal.invokers.TestMethodWorker.invokeTestMethods(TestMethodWorker.java:154)\r\n\tat org.testng.internal.invokers.TestMethodWorker.run(TestMethodWorker.java:134)\r\n\tat java.base/java.util.ArrayList.forEach(ArrayList.java:1597)\r\n\tat org.testng.TestRunner.privateRun(TestRunner.java:741)\r\n\tat org.testng.TestRunner.run(TestRunner.java:616)\r\n\tat org.testng.SuiteRunner.runTest(SuiteRunner.java:421)\r\n\tat org.testng.SuiteRunner.runSequentially(SuiteRunner.java:413)\r\n\tat org.testng.SuiteRunner.privateRun(SuiteRunner.java:373)\r\n\tat org.testng.SuiteRunner.run(SuiteRunner.java:312)\r\n\tat org.testng.SuiteRunnerWorker.runSuite(SuiteRunnerWorker.java:52)\r\n\tat org.testng.SuiteRunnerWorker.run(SuiteRunnerWorker.java:95)\r\n\tat org.testng.TestNG.runSuitesSequentially(TestNG.java:1274)\r\n\tat org.testng.TestNG.runSuitesLocally(TestNG.java:1208)\r\n\tat org.testng.TestNG.runSuites(TestNG.java:1112)\r\n\tat org.testng.TestNG.run(TestNG.java:1079)\r\n\tat com.intellij.rt.testng.IDEARemoteTestNG.run(IDEARemoteTestNG.java:65)\r\n\tat com.intellij.rt.testng.RemoteTestNGStarter.main(RemoteTestNGStarter.java:105)\r\nCaused by: org.openqa.selenium.NoSuchElementException: no such element: Unable to locate element: {\"method\":\"xpath\",\"selector\":\"//h6[text()='Personal Details']\"}\n  (Session info: chrome=138.0.7204.184)\nFor documentation on this error, please visit: https://www.selenium.dev/documentation/webdriver/troubleshooting/errors#no-such-element-exception\nBuild info: version: '4.34.0', revision: '707dcb4246*'\nSystem info: os.name: 'Windows 10', os.arch: 'amd64', os.version: '10.0', java.version: '22.0.2'\nDriver info: org.openqa.selenium.chrome.ChromeDriver\nCommand: [0cb826719a8712223d4d085e6855b44c, findElement {value=//h6[text()='Personal Details'], using=xpath}]\nCapabilities {acceptInsecureCerts: false, browserName: chrome, browserVersion: 138.0.7204.184, chrome: {chromedriverVersion: 138.0.7204.183 (e90faf484dd..., userDataDir: C:\\Users\\hp\\AppData\\Local\\T...}, fedcm:accounts: true, goog:chromeOptions: {debuggerAddress: localhost:52490}, networkConnectionEnabled: false, pageLoadStrategy: normal, platformName: windows, proxy: Proxy(), se:cdp: ws://localhost:52490/devtoo..., se:cdpVersion: 138.0.7204.184, setWindowRect: true, strictFileInteractability: false, timeouts: {implicit: 0, pageLoad: 300000, script: 30000}, unhandledPromptBehavior: dismiss and notify, webauthn:extension:credBlob: true, webauthn:extension:largeBlob: true, webauthn:extension:minPinLength: true, webauthn:extension:prf: true, webauthn:virtualAuthenticators: true}\nSession ID: 0cb826719a8712223d4d085e6855b44c\r\n\tat java.base/jdk.internal.reflect.DirectConstructorHandleAccessor.newInstance(DirectConstructorHandleAccessor.java:62)\r\n\tat java.base/java.lang.reflect.Constructor.newInstanceWithCaller(Constructor.java:502)\r\n\tat java.base/java.lang.reflect.Constructor.newInstance(Constructor.java:486)\r\n\tat org.openqa.selenium.remote.ErrorCodec.decode(ErrorCodec.java:167)\r\n\tat org.openqa.selenium.remote.codec.w3c.W3CHttpResponseCodec.decode(W3CHttpResponseCodec.java:138)\r\n\tat org.openqa.selenium.remote.codec.w3c.W3CHttpResponseCodec.decode(W3CHttpResponseCodec.java:50)\r\n\tat org.openqa.selenium.remote.HttpCommandExecutor.execute(HttpCommandExecutor.java:215)\r\n\tat org.openqa.selenium.remote.service.DriverCommandExecutor.invokeExecute(DriverCommandExecutor.java:216)\r\n\tat org.openqa.selenium.remote.service.DriverCommandExecutor.execute(DriverCommandExecutor.java:174)\r\n\tat org.openqa.selenium.remote.RemoteWebDriver.execute(RemoteWebDriver.java:544)\r\n\tat org.openqa.selenium.remote.ElementLocation$ElementFinder$2.findElement(ElementLocation.java:165)\r\n\tat org.openqa.selenium.remote.ElementLocation.findElement(ElementLocation.java:59)\r\n\tat org.openqa.selenium.remote.RemoteWebDriver.findElement(RemoteWebDriver.java:367)\r\n\tat org.openqa.selenium.remote.RemoteWebDriver.findElement(RemoteWebDriver.java:361)\r\n\tat utilities.Waits.lambda$waitForElementPresent$0(Waits.java:37)\r\n\tat org.openqa.selenium.support.ui.FluentWait.until(FluentWait.java:203)\r\n\t... 32 more\r\n"},"stage":"finished","steps":[{"name":"Waiting for element to be present: By.xpath: //h6[text()='Personal Details']","status":"broken","statusDetails":{"known":false,"muted":false,"flaky":false,"message":"Expected condition failed: waiting for utilities.Waits$$Lambda/0x000001d1a53d3578@2e408d5a (tried for 6 second(s) with 500 milliseconds interval)","trace":"org.openqa.selenium.TimeoutException: Expected condition failed: waiting for utilities.Waits$$Lambda/0x000001d1a53d3578@2e408d5a (tried for 6 second(s) with 500 milliseconds interval)\r\n\tat org.openqa.selenium.support.ui.WebDriverWait.timeoutException(WebDriverWait.java:84)\r\n\tat org.openqa.selenium.support.ui.FluentWait.until(FluentWait.java:228)\r\n\tat utilities.Waits.waitForElementPresent(Waits.java:37)\r\n\tat utilities.Waits.lambda$waitForElementVisible$1(Waits.java:46)\r\n\tat org.openqa.selenium.support.ui.FluentWait.until(FluentWait.java:203)\r\n\tat utilities.Waits.waitForElementVisible(Waits.java:45)\r\n\tat pages.myinfo.PersonalDetailsPage.<init>(PersonalDetailsPage.java:50)\r\n\tat pages.AddEmployeePage.clickSave(AddEmployeePage.java:154)\r\n\tat tests.e2e.CompleteHRWorkflowE2ETest.testCompleteHRWorkflowE2E(CompleteHRWorkflowE2ETest.java:68)\r\n\tat java.base/jdk.internal.reflect.DirectMethodHandleAccessor.invoke(DirectMethodHandleAccessor.java:103)\r\n\tat java.base/java.lang.reflect.Method.invoke(Method.java:580)\r\n\tat org.testng.internal.invokers.MethodInvocationHelper.invokeMethod(MethodInvocationHelper.java:141)\r\n\tat org.testng.internal.invokers.TestInvoker.invokeMethod(TestInvoker.java:687)\r\n\tat org.testng.internal.invokers.TestInvoker.invokeTestMethod(TestInvoker.java:230)\r\n\tat org.testng.internal.invokers.MethodRunner.runInSequence(MethodRunner.java:63)\r\n\tat org.testng.internal.invokers.TestInvoker$MethodInvocationAgent.invoke(TestInvoker.java:995)\r\n\tat org.testng.internal.invokers.TestInvoker.invokeTestMethods(TestInvoker.java:203)\r\n\tat org.testng.internal.invokers.TestMethodWorker.invokeTestMethods(TestMethodWorker.java:154)\r\n\tat org.testng.internal.invokers.TestMethodWorker.run(TestMethodWorker.java:134)\r\n\tat java.base/java.util.ArrayList.forEach(ArrayList.java:1597)\r\n\tat org.testng.TestRunner.privateRun(TestRunner.java:741)\r\n\tat org.testng.TestRunner.run(TestRunner.java:616)\r\n\tat org.testng.SuiteRunner.runTest(SuiteRunner.java:421)\r\n\tat org.testng.SuiteRunner.runSequentially(SuiteRunner.java:413)\r\n\tat org.testng.SuiteRunner.privateRun(SuiteRunner.java:373)\r\n\tat org.testng.SuiteRunner.run(SuiteRunner.java:312)\r\n\tat org.testng.SuiteRunnerWorker.runSuite(SuiteRunnerWorker.java:52)\r\n\tat org.testng.SuiteRunnerWorker.run(SuiteRunnerWorker.java:95)\r\n\tat org.testng.TestNG.runSuitesSequentially(TestNG.java:1274)\r\n\tat org.testng.TestNG.runSuitesLocally(TestNG.java:1208)\r\n\tat org.testng.TestNG.runSuites(TestNG.java:1112)\r\n\tat org.testng.TestNG.run(TestNG.java:1079)\r\n\tat com.intellij.rt.testng.IDEARemoteTestNG.run(IDEARemoteTestNG.java:65)\r\n\tat com.intellij.rt.testng.RemoteTestNGStarter.main(RemoteTestNGStarter.java:105)\r\nCaused by: org.openqa.selenium.NoSuchElementException: no such element: Unable to locate element: {\"method\":\"xpath\",\"selector\":\"//h6[text()='Personal Details']\"}\n  (Session info: chrome=138.0.7204.184)\nFor documentation on this error, please visit: https://www.selenium.dev/documentation/webdriver/troubleshooting/errors#no-such-element-exception\nBuild info: version: '4.34.0', revision: '707dcb4246*'\nSystem info: os.name: 'Windows 10', os.arch: 'amd64', os.version: '10.0', java.version: '22.0.2'\nDriver info: org.openqa.selenium.chrome.ChromeDriver\nCommand: [0cb826719a8712223d4d085e6855b44c, findElement {value=//h6[text()='Personal Details'], using=xpath}]\nCapabilities {acceptInsecureCerts: false, browserName: chrome, browserVersion: 138.0.7204.184, chrome: {chromedriverVersion: 138.0.7204.183 (e90faf484dd..., userDataDir: C:\\Users\\hp\\AppData\\Local\\T...}, fedcm:accounts: true, goog:chromeOptions: {debuggerAddress: localhost:52490}, networkConnectionEnabled: false, pageLoadStrategy: normal, platformName: windows, proxy: Proxy(), se:cdp: ws://localhost:52490/devtoo..., se:cdpVersion: 138.0.7204.184, setWindowRect: true, strictFileInteractability: false, timeouts: {implicit: 0, pageLoad: 300000, script: 30000}, unhandledPromptBehavior: dismiss and notify, webauthn:extension:credBlob: true, webauthn:extension:largeBlob: true, webauthn:extension:minPinLength: true, webauthn:extension:prf: true, webauthn:virtualAuthenticators: true}\nSession ID: 0cb826719a8712223d4d085e6855b44c\r\n\tat java.base/jdk.internal.reflect.DirectConstructorHandleAccessor.newInstance(DirectConstructorHandleAccessor.java:62)\r\n\tat java.base/java.lang.reflect.Constructor.newInstanceWithCaller(Constructor.java:502)\r\n\tat java.base/java.lang.reflect.Constructor.newInstance(Constructor.java:486)\r\n\tat org.openqa.selenium.remote.ErrorCodec.decode(ErrorCodec.java:167)\r\n\tat org.openqa.selenium.remote.codec.w3c.W3CHttpResponseCodec.decode(W3CHttpResponseCodec.java:138)\r\n\tat org.openqa.selenium.remote.codec.w3c.W3CHttpResponseCodec.decode(W3CHttpResponseCodec.java:50)\r\n\tat org.openqa.selenium.remote.HttpCommandExecutor.execute(HttpCommandExecutor.java:215)\r\n\tat org.openqa.selenium.remote.service.DriverCommandExecutor.invokeExecute(DriverCommandExecutor.java:216)\r\n\tat org.openqa.selenium.remote.service.DriverCommandExecutor.execute(DriverCommandExecutor.java:174)\r\n\tat org.openqa.selenium.remote.RemoteWebDriver.execute(RemoteWebDriver.java:544)\r\n\tat org.openqa.selenium.remote.ElementLocation$ElementFinder$2.findElement(ElementLocation.java:165)\r\n\tat org.openqa.selenium.remote.ElementLocation.findElement(ElementLocation.java:59)\r\n\tat org.openqa.selenium.remote.RemoteWebDriver.findElement(RemoteWebDriver.java:367)\r\n\tat org.openqa.selenium.remote.RemoteWebDriver.findElement(RemoteWebDriver.java:361)\r\n\tat utilities.Waits.lambda$waitForElementPresent$0(Waits.java:37)\r\n\tat org.openqa.selenium.support.ui.FluentWait.until(FluentWait.java:203)\r\n\t... 32 more\r\n"},"stage":"finished","steps":[],"attachments":[],"parameters":[{"name":"locator","value":"By.xpath: //h6[text()='Personal Details']"}],"start":1754880532134,"stop":1754880538360}],"attachments":[],"parameters":[{"name":"locator","value":"By.xpath: //h6[text()='Personal Details']"}],"start":1754880532133,"stop":1754880538361}],"attachments":[],"parameters":[],"start":1754880532076,"stop":1754880538361}],"attachments":[],"parameters":[],"start":1754880502249,"stop":1754880538366}